#
# A fatal error has been detected by the Java Runtime Environment:
#
#  EXCEPTION_ACCESS_VIOLATION (0xc0000005) at pc=0x6b981590, pid=912, tid=0x00002674
#
# JRE version: Java(TM) SE Runtime Environment (8.0_191-b12) (build 1.8.0_191-b12)
# Java VM: Java HotSpot(TM) Client VM (25.191-b12 mixed mode windows-x86 )
# Problematic frame:
# C  [libJNITester.dll+0x1590]
#
# Failed to write core dump. Minidumps are not enabled by default on client versions of Windows
#
# If you would like to submit a bug report, please visit:
#   http://bugreport.java.com/bugreport/crash.jsp
# The crash happened outside the Java Virtual Machine in native code.
# See problematic frame for where to report the bug.
#

---------------  T H R E A D  ---------------

Current thread (0x15460000):  JavaThread "AWT-EventQueue-0" [_thread_in_native, id=9844, stack(0x15a00000,0x15a50000)]

siginfo: ExceptionCode=0xc0000005, reading address 0x00000004

Registers:
EAX=0x00000000, EBX=0x1790ef38, ECX=0x1735ed00, EDX=0x00000004
ESP=0x15a4e140, EBP=0x15a4e178, ESI=0x1790ef30, EDI=0x15460000
EIP=0x6b981590, EFLAGS=0x00010202

Top of Stack: (sp=0x15a4e140)
0x15a4e140:   00000010 7726482e 00000000 00000000
0x15a4e150:   00000010 15a4e44c 15a4e178 742e72a0
0x15a4e160:   00b70000 00000000 00000010 00000000
0x15a4e170:   00000010 1790ef30 15a4e198 6b98163d
0x15a4e180:   17311ae8 00000002 15a4e198 6b981723
0x15a4e190:   1735ed00 1790ef38 15a4e1c8 6b98194e
0x15a4e1a0:   1731b8a8 00001fa0 15a4e3c0 15460000
0x15a4e1b0:   02550632 15a4e4b0 14dab550 00000002 

Instructions: (pc=0x6b981590)
0x6b981570:   00 8d 50 01 8b 45 f4 89 10 8b 45 f4 c9 c3 55 89
0x6b981580:   e5 83 ec 38 8b 45 08 8b 40 08 89 45 f4 8b 45 f4
0x6b981590:   8b 40 04 89 45 f0 8b 45 f4 8b 55 08 89 50 04 8b
0x6b9815a0:   45 08 8b 55 f0 89 50 08 8b 45 08 8b 40 08 89 04 


Register to memory mapping:

EAX=0x00000000 is an unknown value
EBX={method} {0x1790ef3c} 'nativePrint' '(Ljava/util/ArrayList;Lstructures/Graph;)V' in 'JNI/HelloWorldJNI'
ECX=0x1735ed00 is an unknown value
EDX=0x00000004 is an unknown value
ESP=0x15a4e140 is pointing into the stack for thread: 0x15460000
EBP=0x15a4e178 is pointing into the stack for thread: 0x15460000
ESI=0x1790ef30 is pointing into metadata
EDI=0x15460000 is a thread


Stack: [0x15a00000,0x15a50000],  sp=0x15a4e140,  free space=312k
Native frames: (J=compiled Java code, j=interpreted, Vv=VM code, C=native code)
C  [libJNITester.dll+0x1590]
C  [libJNITester.dll+0x163d]
C  [libJNITester.dll+0x194e]
C  [libJNITester.dll+0x1a90]
C  [libJNITester.dll+0x1a0e]
C  [libJNITester.dll+0x1a38]
C  [libJNITester.dll+0x1a38]
C  [libJNITester.dll+0x1a38]
C  [libJNITester.dll+0x1a0e]
C  [libJNITester.dll+0x1a0e]
C  [libJNITester.dll+0x1a0e]
C  [libJNITester.dll+0x1a38]
C  [libJNITester.dll+0x1a0e]
C  [libJNITester.dll+0x1a38]
C  [libJNITester.dll+0x1d01]
C  [libJNITester.dll+0x2688]
j  JNI.HelloWorldJNI.nativePrint(Ljava/util/ArrayList;Lstructures/Graph;)V+0
J 724% C1 GUI.Menu.jButton3ActionPerformed(Ljava/awt/event/ActionEvent;)V (511 bytes) @ 0x02721014 [0x0271fa50+0x15c4]
j  GUI.Menu.access$200(LGUI/Menu;Ljava/awt/event/ActionEvent;)V+2
j  GUI.Menu$3.actionPerformed(Ljava/awt/event/ActionEvent;)V+5
j  javax.swing.AbstractButton.fireActionPerformed(Ljava/awt/event/ActionEvent;)V+83
j  javax.swing.AbstractButton$Handler.actionPerformed(Ljava/awt/event/ActionEvent;)V+5
j  javax.swing.DefaultButtonModel.fireActionPerformed(Ljava/awt/event/ActionEvent;)V+34
j  javax.swing.DefaultButtonModel.setPressed(Z)V+117
j  javax.swing.plaf.basic.BasicButtonListener.mouseReleased(Ljava/awt/event/MouseEvent;)V+35
j  java.awt.Component.processMouseEvent(Ljava/awt/event/MouseEvent;)V+64
j  javax.swing.JComponent.processMouseEvent(Ljava/awt/event/MouseEvent;)V+23
j  java.awt.Component.processEvent(Ljava/awt/AWTEvent;)V+81
j  java.awt.Container.processEvent(Ljava/awt/AWTEvent;)V+18
j  java.awt.Component.dispatchEventImpl(Ljava/awt/AWTEvent;)V+589
j  java.awt.Container.dispatchEventImpl(Ljava/awt/AWTEvent;)V+42
j  java.awt.Component.dispatchEvent(Ljava/awt/AWTEvent;)V+2
j  java.awt.LightweightDispatcher.retargetMouseEvent(Ljava/awt/Component;ILjava/awt/event/MouseEvent;)V+349
j  java.awt.LightweightDispatcher.processMouseEvent(Ljava/awt/event/MouseEvent;)Z+155
j  java.awt.LightweightDispatcher.dispatchEvent(Ljava/awt/AWTEvent;)Z+50
j  java.awt.Container.dispatchEventImpl(Ljava/awt/AWTEvent;)V+12
j  java.awt.Window.dispatchEventImpl(Ljava/awt/AWTEvent;)V+19
j  java.awt.Component.dispatchEvent(Ljava/awt/AWTEvent;)V+2
j  java.awt.EventQueue.dispatchEventImpl(Ljava/awt/AWTEvent;Ljava/lang/Object;)V+41
j  java.awt.EventQueue.access$500(Ljava/awt/EventQueue;Ljava/awt/AWTEvent;Ljava/lang/Object;)V+3
j  java.awt.EventQueue$3.run()Ljava/lang/Void;+32
j  java.awt.EventQueue$3.run()Ljava/lang/Object;+1
v  ~StubRoutines::call_stub
V  [jvm.dll+0x15c315]
V  [jvm.dll+0x223ece]
V  [jvm.dll+0x15c3ae]
V  [jvm.dll+0x10c35f]
C  [java.dll+0x102f]
j  java.security.ProtectionDomain$JavaSecurityAccessImpl.doIntersectionPrivilege(Ljava/security/PrivilegedAction;Ljava/security/AccessControlContext;Ljava/security/AccessControlContext;)Ljava/lang/Object;+18
j  java.security.ProtectionDomain$JavaSecurityAccessImpl.doIntersectionPrivilege(Ljava/security/PrivilegedAction;Ljava/security/AccessControlContext;)Ljava/lang/Object;+6
j  java.awt.EventQueue$4.run()Ljava/lang/Void;+11
j  java.awt.EventQueue$4.run()Ljava/lang/Object;+1
v  ~StubRoutines::call_stub
V  [jvm.dll+0x15c315]
V  [jvm.dll+0x223ece]
V  [jvm.dll+0x15c3ae]
V  [jvm.dll+0x10c35f]
C  [java.dll+0x102f]
j  java.security.ProtectionDomain$JavaSecurityAccessImpl.doIntersectionPrivilege(Ljava/security/PrivilegedAction;Ljava/security/AccessControlContext;Ljava/security/AccessControlContext;)Ljava/lang/Object;+18
j  java.awt.EventQueue.dispatchEvent(Ljava/awt/AWTEvent;)V+73
j  java.awt.EventDispatchThread.pumpOneEventForFilters(I)V+140
j  java.awt.EventDispatchThread.pumpEventsForFilter(ILjava/awt/Conditional;Ljava/awt/EventFilter;)V+35
j  java.awt.EventDispatchThread.pumpEventsForHierarchy(ILjava/awt/Conditional;Ljava/awt/Component;)V+11
j  java.awt.EventDispatchThread.pumpEvents(ILjava/awt/Conditional;)V+4
j  java.awt.EventDispatchThread.pumpEvents(Ljava/awt/Conditional;)V+3
j  java.awt.EventDispatchThread.run()V+9
v  ~StubRoutines::call_stub
V  [jvm.dll+0x15c315]
V  [jvm.dll+0x223ece]
V  [jvm.dll+0x15c3ae]
V  [jvm.dll+0x15c536]
V  [jvm.dll+0x15c5a7]
V  [jvm.dll+0x1002ef]
V  [jvm.dll+0x17f550]
V  [jvm.dll+0x17fdca]
V  [jvm.dll+0x1c57a6]
C  [msvcr100.dll+0x5c556]
C  [msvcr100.dll+0x5c600]
C  [KERNEL32.DLL+0x18484]
C  [ntdll.dll+0x6302c]
C  [ntdll.dll+0x62ffa]
C  0x00000000

Java frames: (J=compiled Java code, j=interpreted, Vv=VM code)
j  JNI.HelloWorldJNI.nativePrint(Ljava/util/ArrayList;Lstructures/Graph;)V+0
J 724% C1 GUI.Menu.jButton3ActionPerformed(Ljava/awt/event/ActionEvent;)V (511 bytes) @ 0x02721014 [0x0271fa50+0x15c4]
j  GUI.Menu.access$200(LGUI/Menu;Ljava/awt/event/ActionEvent;)V+2
j  GUI.Menu$3.actionPerformed(Ljava/awt/event/ActionEvent;)V+5
j  javax.swing.AbstractButton.fireActionPerformed(Ljava/awt/event/ActionEvent;)V+83
j  javax.swing.AbstractButton$Handler.actionPerformed(Ljava/awt/event/ActionEvent;)V+5
j  javax.swing.DefaultButtonModel.fireActionPerformed(Ljava/awt/event/ActionEvent;)V+34
j  javax.swing.DefaultButtonModel.setPressed(Z)V+117
j  javax.swing.plaf.basic.BasicButtonListener.mouseReleased(Ljava/awt/event/MouseEvent;)V+35
j  java.awt.Component.processMouseEvent(Ljava/awt/event/MouseEvent;)V+64
j  javax.swing.JComponent.processMouseEvent(Ljava/awt/event/MouseEvent;)V+23
j  java.awt.Component.processEvent(Ljava/awt/AWTEvent;)V+81
j  java.awt.Container.processEvent(Ljava/awt/AWTEvent;)V+18
j  java.awt.Component.dispatchEventImpl(Ljava/awt/AWTEvent;)V+589
j  java.awt.Container.dispatchEventImpl(Ljava/awt/AWTEvent;)V+42
j  java.awt.Component.dispatchEvent(Ljava/awt/AWTEvent;)V+2
j  java.awt.LightweightDispatcher.retargetMouseEvent(Ljava/awt/Component;ILjava/awt/event/MouseEvent;)V+349
j  java.awt.LightweightDispatcher.processMouseEvent(Ljava/awt/event/MouseEvent;)Z+155
j  java.awt.LightweightDispatcher.dispatchEvent(Ljava/awt/AWTEvent;)Z+50
j  java.awt.Container.dispatchEventImpl(Ljava/awt/AWTEvent;)V+12
j  java.awt.Window.dispatchEventImpl(Ljava/awt/AWTEvent;)V+19
j  java.awt.Component.dispatchEvent(Ljava/awt/AWTEvent;)V+2
j  java.awt.EventQueue.dispatchEventImpl(Ljava/awt/AWTEvent;Ljava/lang/Object;)V+41
j  java.awt.EventQueue.access$500(Ljava/awt/EventQueue;Ljava/awt/AWTEvent;Ljava/lang/Object;)V+3
j  java.awt.EventQueue$3.run()Ljava/lang/Void;+32
j  java.awt.EventQueue$3.run()Ljava/lang/Object;+1
v  ~StubRoutines::call_stub
J 227  java.security.AccessController.doPrivileged(Ljava/security/PrivilegedAction;Ljava/security/AccessControlContext;)Ljava/lang/Object; (0 bytes) @ 0x02656047 [0x02655fe0+0x67]
j  java.security.ProtectionDomain$JavaSecurityAccessImpl.doIntersectionPrivilege(Ljava/security/PrivilegedAction;Ljava/security/AccessControlContext;Ljava/security/AccessControlContext;)Ljava/lang/Object;+18
j  java.security.ProtectionDomain$JavaSecurityAccessImpl.doIntersectionPrivilege(Ljava/security/PrivilegedAction;Ljava/security/AccessControlContext;)Ljava/lang/Object;+6
j  java.awt.EventQueue$4.run()Ljava/lang/Void;+11
j  java.awt.EventQueue$4.run()Ljava/lang/Object;+1
v  ~StubRoutines::call_stub
J 227  java.security.AccessController.doPrivileged(Ljava/security/PrivilegedAction;Ljava/security/AccessControlContext;)Ljava/lang/Object; (0 bytes) @ 0x02656047 [0x02655fe0+0x67]
j  java.security.ProtectionDomain$JavaSecurityAccessImpl.doIntersectionPrivilege(Ljava/security/PrivilegedAction;Ljava/security/AccessControlContext;Ljava/security/AccessControlContext;)Ljava/lang/Object;+18
j  java.awt.EventQueue.dispatchEvent(Ljava/awt/AWTEvent;)V+73
j  java.awt.EventDispatchThread.pumpOneEventForFilters(I)V+140
j  java.awt.EventDispatchThread.pumpEventsForFilter(ILjava/awt/Conditional;Ljava/awt/EventFilter;)V+35
j  java.awt.EventDispatchThread.pumpEventsForHierarchy(ILjava/awt/Conditional;Ljava/awt/Component;)V+11
j  java.awt.EventDispatchThread.pumpEvents(ILjava/awt/Conditional;)V+4
j  java.awt.EventDispatchThread.pumpEvents(Ljava/awt/Conditional;)V+3
j  java.awt.EventDispatchThread.run()V+9
v  ~StubRoutines::call_stub

---------------  P R O C E S S  ---------------

Java Threads: ( => current thread )
  0x15647c00 JavaThread "TimerQueue" daemon [_thread_blocked, id=4980, stack(0x16170000,0x161c0000)]
  0x0239c800 JavaThread "DestroyJavaVM" [_thread_blocked, id=8592, stack(0x023e0000,0x02430000)]
=>0x15460000 JavaThread "AWT-EventQueue-0" [_thread_in_native, id=9844, stack(0x15a00000,0x15a50000)]
  0x153f2800 JavaThread "AWT-Windows" daemon [_thread_in_native, id=10188, stack(0x15950000,0x159a0000)]
  0x153f2400 JavaThread "AWT-Shutdown" [_thread_blocked, id=9408, stack(0x158c0000,0x15910000)]
  0x14dd6400 JavaThread "Java2D Disposer" daemon [_thread_blocked, id=4984, stack(0x15830000,0x15880000)]
  0x14c16400 JavaThread "Service Thread" daemon [_thread_blocked, id=9164, stack(0x15200000,0x15250000)]
  0x14c1a800 JavaThread "C1 CompilerThread0" daemon [_thread_blocked, id=6332, stack(0x15170000,0x151c0000)]
  0x14c19c00 JavaThread "Attach Listener" daemon [_thread_blocked, id=3572, stack(0x150e0000,0x15130000)]
  0x14c17c00 JavaThread "Signal Dispatcher" daemon [_thread_blocked, id=7236, stack(0x15050000,0x150a0000)]
  0x14bfa800 JavaThread "Finalizer" daemon [_thread_blocked, id=7180, stack(0x14eb0000,0x14f00000)]
  0x14bf4800 JavaThread "Reference Handler" daemon [_thread_blocked, id=1040, stack(0x14e20000,0x14e70000)]

Other Threads:
  0x0254e000 VMThread [stack: 0x14b90000,0x14be0000] [id=168]
  0x14c3e000 WatcherThread [stack: 0x15290000,0x152e0000] [id=9608]

VM state:not at safepoint (normal execution)

VM Mutex/Monitor currently owned by a thread: None

Heap:
 def new generation   total 78656K, used 20826K [0x04600000, 0x09b50000, 0x09b50000)
  eden space 69952K,  29% used [0x04600000, 0x05a568e0, 0x08a50000)
  from space 8704K,   0% used [0x08a50000, 0x08a50000, 0x092d0000)
  to   space 8704K,   0% used [0x092d0000, 0x092d0000, 0x09b50000)
 tenured generation   total 174784K, used 131159K [0x09b50000, 0x14600000, 0x14600000)
   the space 174784K,  75% used [0x09b50000, 0x11b65ff8, 0x11b66000, 0x14600000)
 Metaspace       used 12231K, capacity 12413K, committed 12544K, reserved 12672K

Card table byte_map: [0x14600000,0x14690000] byte_map_base: 0x145dd000

Polling page: 0x02360000

CodeCache: size=32768Kb used=1883Kb max_used=1883Kb free=30884Kb
 bounds [0x02550000, 0x02728000, 0x04550000]
 total_blobs=974 nmethods=726 adapters=178
 compilation: enabled

Compilation events (10 events):
Event: 16.920 Thread 0x14c1a800  728             Thread.sacanRegion::run (196 bytes)
Event: 16.922 Thread 0x14c1a800 nmethod 728 0x02724688 code [0x02724940, 0x027255c0]
Event: 17.468 Thread 0x14c1a800  729             java.util.concurrent.locks.AbstractQueuedSynchronizer::release (33 bytes)
Event: 17.468 Thread 0x14c1a800 nmethod 729 0x026eebc8 code [0x026eece0, 0x026eedd8]
Event: 17.594 Thread 0x14c1a800  730             java.util.ArrayList::remove (69 bytes)
Event: 17.594 Thread 0x14c1a800 nmethod 730 0x02600348 code [0x02600470, 0x02600694]
Event: 20.555 Thread 0x14c1a800  731 % !         imgBuild.ProcessImage::getid @ 10 (57 bytes)
Event: 20.555 Thread 0x14c1a800 nmethod 731% 0x025ff2c8 code [0x025ff450, 0x025ff94c]
Event: 20.560 Thread 0x14c1a800  732   !         imgBuild.ProcessImage::getid (57 bytes)
Event: 20.561 Thread 0x14c1a800 nmethod 732 0x02726d08 code [0x02726e90, 0x0272730c]

GC Heap History (10 events):
Event: 16.282 GC heap before
{Heap before GC invocations=12 (full 2):
 def new generation   total 16640K, used 16640K [0x04600000, 0x05800000, 0x09b50000)
  eden space 14848K, 100% used [0x04600000, 0x05480000, 0x05480000)
  from space 1792K, 100% used [0x05640000, 0x05800000, 0x05800000)
  to   space 1792K,   0% used [0x05480000, 0x05480000, 0x05640000)
 tenured generation   total 36776K, used 30437K [0x09b50000, 0x0bf3a000, 0x14600000)
   the space 36776K,  82% used [0x09b50000, 0x0b9095f0, 0x0b909600, 0x0bf3a000)
 Metaspace       used 12170K, capacity 12381K, committed 12544K, reserved 12672K
Event: 16.361 GC heap after
Heap after GC invocations=13 (full 3):
 def new generation   total 30272K, used 1044K [0x04600000, 0x066d0000, 0x09b50000)
  eden space 26944K,   3% used [0x04600000, 0x04705080, 0x06050000)
  from space 3328K,   0% used [0x06050000, 0x06050000, 0x06390000)
  to   space 3328K,   0% used [0x06390000, 0x06390000, 0x066d0000)
 tenured generation   total 67176K, used 40304K [0x09b50000, 0x0dcea000, 0x14600000)
   the space 67176K,  59% used [0x09b50000, 0x0c2ac040, 0x0c2ac200, 0x0dcea000)
 Metaspace       used 12170K, capacity 12381K, committed 12544K, reserved 12672K
}
Event: 16.387 GC heap before
{Heap before GC invocations=13 (full 3):
 def new generation   total 30272K, used 26944K [0x04600000, 0x066d0000, 0x09b50000)
  eden space 26944K, 100% used [0x04600000, 0x06050000, 0x06050000)
  from space 3328K,   0% used [0x06050000, 0x06050000, 0x06390000)
  to   space 3328K,   0% used [0x06390000, 0x06390000, 0x066d0000)
 tenured generation   total 67176K, used 40304K [0x09b50000, 0x0dcea000, 0x14600000)
   the space 67176K,  59% used [0x09b50000, 0x0c2ac040, 0x0c2ac200, 0x0dcea000)
 Metaspace       used 12170K, capacity 12381K, committed 12544K, reserved 12672K
Event: 16.431 GC heap after
Heap after GC invocations=14 (full 3):
 def new generation   total 30272K, used 3328K [0x04600000, 0x066d0000, 0x09b50000)
  eden space 26944K,   0% used [0x04600000, 0x04600000, 0x06050000)
  from space 3328K, 100% used [0x06390000, 0x066d0000, 0x066d0000)
  to   space 3328K,   0% used [0x06050000, 0x06050000, 0x06390000)
 tenured generation   total 67176K, used 56462K [0x09b50000, 0x0dcea000, 0x14600000)
   the space 67176K,  84% used [0x09b50000, 0x0d2738e8, 0x0d273a00, 0x0dcea000)
 Metaspace       used 12170K, capacity 12381K, committed 12544K, reserved 12672K
}
Event: 16.453 GC heap before
{Heap before GC invocations=14 (full 3):
 def new generation   total 30272K, used 30272K [0x04600000, 0x066d0000, 0x09b50000)
  eden space 26944K, 100% used [0x04600000, 0x06050000, 0x06050000)
  from space 3328K, 100% used [0x06390000, 0x066d0000, 0x066d0000)
  to   space 3328K,   0% used [0x06050000, 0x06050000, 0x06390000)
 tenured generation   total 67176K, used 56462K [0x09b50000, 0x0dcea000, 0x14600000)
   the space 67176K,  84% used [0x09b50000, 0x0d2738e8, 0x0d273a00, 0x0dcea000)
 Metaspace       used 12170K, capacity 12381K, committed 12544K, reserved 12672K
Event: 16.621 GC heap after
Heap after GC invocations=15 (full 4):
 def new generation   total 55872K, used 151K [0x04600000, 0x082a0000, 0x09b50000)
  eden space 49664K,   0% used [0x04600000, 0x04625c28, 0x07680000)
  from space 6208K,   0% used [0x07680000, 0x07680000, 0x07c90000)
  to   space 6208K,   0% used [0x07c90000, 0x07c90000, 0x082a0000)
 tenured generation   total 124120K, used 74472K [0x09b50000, 0x11486000, 0x14600000)
   the space 124120K,  60% used [0x09b50000, 0x0e40a000, 0x0e40a000, 0x11486000)
 Metaspace       used 12170K, capacity 12381K, committed 12544K, reserved 12672K
}
Event: 16.668 GC heap before
{Heap before GC invocations=15 (full 4):
 def new generation   total 55872K, used 49664K [0x04600000, 0x082a0000, 0x09b50000)
  eden space 49664K, 100% used [0x04600000, 0x07680000, 0x07680000)
  from space 6208K,   0% used [0x07680000, 0x07680000, 0x07c90000)
  to   space 6208K,   0% used [0x07c90000, 0x07c90000, 0x082a0000)
 tenured generation   total 124120K, used 74472K [0x09b50000, 0x11486000, 0x14600000)
   the space 124120K,  60% used [0x09b50000, 0x0e40a000, 0x0e40a000, 0x11486000)
 Metaspace       used 12170K, capacity 12381K, committed 12544K, reserved 12672K
Event: 16.754 GC heap after
Heap after GC invocations=16 (full 4):
 def new generation   total 55872K, used 6208K [0x04600000, 0x082a0000, 0x09b50000)
  eden space 49664K,   0% used [0x04600000, 0x04600000, 0x07680000)
  from space 6208K, 100% used [0x07c90000, 0x082a0000, 0x082a0000)
  to   space 6208K,   0% used [0x07680000, 0x07680000, 0x07c90000)
 tenured generation   total 124120K, used 105685K [0x09b50000, 0x11486000, 0x14600000)
   the space 124120K,  85% used [0x09b50000, 0x102854f0, 0x10285600, 0x11486000)
 Metaspace       used 12170K, capacity 12381K, committed 12544K, reserved 12672K
}
Event: 17.032 GC heap before
{Heap before GC invocations=16 (full 4):
 def new generation   total 55872K, used 55872K [0x04600000, 0x082a0000, 0x09b50000)
  eden space 49664K, 100% used [0x04600000, 0x07680000, 0x07680000)
  from space 6208K, 100% used [0x07c90000, 0x082a0000, 0x082a0000)
  to   space 6208K,   0% used [0x07680000, 0x07680000, 0x07c90000)
 tenured generation   total 124120K, used 105685K [0x09b50000, 0x11486000, 0x14600000)
   the space 124120K,  85% used [0x09b50000, 0x102854f0, 0x10285600, 0x11486000)
 Metaspace       used 12228K, capacity 12413K, committed 12544K, reserved 12672K
Event: 17.268 GC heap after
Heap after GC invocations=17 (full 5):
 def new generation   total 78656K, used 6159K [0x04600000, 0x09b50000, 0x09b50000)
  eden space 69952K,   8% used [0x04600000, 0x04c03f20, 0x08a50000)
  from space 8704K,   0% used [0x08a50000, 0x08a50000, 0x092d0000)
  to   space 8704K,   0% used [0x092d0000, 0x092d0000, 0x09b50000)
 tenured generation   total 174784K, used 131159K [0x09b50000, 0x14600000, 0x14600000)
   the space 174784K,  75% used [0x09b50000, 0x11b65ff8, 0x11b66000, 0x14600000)
 Metaspace       used 12228K, capacity 12413K, committed 12544K, reserved 12672K
}

Deoptimization events (0 events):
No events

Classes redefined (0 events):
No events

Internal exceptions (10 events):
Event: 0.260 Thread 0x0239c800 Exception <a 'java/lang/ClassNotFoundException': javax/swing/JToolBarSeparator> (0x048ca140) thrown at [C:\workspace\8-2-build-windows-i586-cygwin\jdk8u191\11896\hotspot\src\share\vm\classfile\systemDictionary.cpp, line 210]
Event: 0.260 Thread 0x0239c800 Exception <a 'java/lang/ClassNotFoundException': ToolBarSeparator> (0x048ca598) thrown at [C:\workspace\8-2-build-windows-i586-cygwin\jdk8u191\11896\hotspot\src\share\vm\classfile\systemDictionary.cpp, line 210]
Event: 0.260 Thread 0x0239c800 Exception <a 'java/lang/ClassNotFoundException': ToolTip> (0x048cac40) thrown at [C:\workspace\8-2-build-windows-i586-cygwin\jdk8u191\11896\hotspot\src\share\vm\classfile\systemDictionary.cpp, line 210]
Event: 0.261 Thread 0x0239c800 Exception <a 'java/lang/ClassNotFoundException': Tree> (0x048cb728) thrown at [C:\workspace\8-2-build-windows-i586-cygwin\jdk8u191\11896\hotspot\src\share\vm\classfile\systemDictionary.cpp, line 210]
Event: 0.262 Thread 0x0239c800 Exception <a 'java/lang/ClassNotFoundException': Tree> (0x048cbdc8) thrown at [C:\workspace\8-2-build-windows-i586-cygwin\jdk8u191\11896\hotspot\src\share\vm\classfile\systemDictionary.cpp, line 210]
Event: 0.262 Thread 0x0239c800 Exception <a 'java/lang/ClassNotFoundException': javax/swing/JTreeCell> (0x048cc100) thrown at [C:\workspace\8-2-build-windows-i586-cygwin\jdk8u191\11896\hotspot\src\share\vm\classfile\systemDictionary.cpp, line 210]
Event: 0.262 Thread 0x0239c800 Exception <a 'java/lang/ClassNotFoundException': TreeCell> (0x048cc548) thrown at [C:\workspace\8-2-build-windows-i586-cygwin\jdk8u191\11896\hotspot\src\share\vm\classfile\systemDictionary.cpp, line 210]
Event: 0.262 Thread 0x0239c800 Exception <a 'java/lang/ClassNotFoundException': RootPane> (0x048ccf00) thrown at [C:\workspace\8-2-build-windows-i586-cygwin\jdk8u191\11896\hotspot\src\share\vm\classfile\systemDictionary.cpp, line 210]
Event: 0.322 Thread 0x15434000 Exception <a 'java/io/FileNotFoundException'> (0x049ec288) thrown at [C:\workspace\8-2-build-windows-i586-cygwin\jdk8u191\11896\hotspot\src\share\vm\prims\jni.cpp, line 709]
Event: 11.778 Thread 0x15460000 Exception <a 'java/lang/NoClassDefFoundError': org/apache/log4j/Category> (0x04c34860) thrown at [C:\workspace\8-2-build-windows-i586-cygwin\jdk8u191\11896\hotspot\src\share\vm\classfile\systemDictionary.cpp, line 199]

Events (10 events):
Event: 20.406 Thread 0x156bfc00 Thread exited: 0x156bfc00
Event: 20.426 Thread 0x14cc4000 Thread exited: 0x14cc4000
Event: 20.500 Thread 0x14cc2800 Thread exited: 0x14cc2800
Event: 20.522 Thread 0x179e0400 Thread exited: 0x179e0400
Event: 20.552 Thread 0x14cc2c00 Thread exited: 0x14cc2c00
Event: 20.553 Thread 0x14cc0800 Thread exited: 0x14cc0800
Event: 20.558 loading class JNI/HelloWorldJNI
Event: 20.558 loading class JNI/HelloWorldJNI done
Event: 20.560 loading class structures/Graph
Event: 20.560 loading class structures/Graph done


Dynamic libraries:
0x00a00000 - 0x00a33000 	C:\Program Files (x86)\Java\jdk1.8.0_191\bin\java.exe
0x77220000 - 0x773b0000 	C:\WINDOWS\SYSTEM32\ntdll.dll
0x73ec0000 - 0x73fa0000 	C:\WINDOWS\System32\KERNEL32.DLL
0x76930000 - 0x76b14000 	C:\WINDOWS\System32\KERNELBASE.dll
0x725f0000 - 0x7268d000 	C:\WINDOWS\SYSTEM32\apphelp.dll
0x76410000 - 0x76488000 	C:\WINDOWS\System32\ADVAPI32.dll
0x742a0000 - 0x7435f000 	C:\WINDOWS\System32\msvcrt.dll
0x763c0000 - 0x76404000 	C:\WINDOWS\System32\sechost.dll
0x75b80000 - 0x75c40000 	C:\WINDOWS\System32\RPCRT4.dll
0x73ae0000 - 0x73b00000 	C:\WINDOWS\System32\SspiCli.dll
0x73ad0000 - 0x73ada000 	C:\WINDOWS\System32\CRYPTBASE.dll
0x75b20000 - 0x75b78000 	C:\WINDOWS\System32\bcryptPrimitives.dll
0x74360000 - 0x744ed000 	C:\WINDOWS\System32\USER32.dll
0x74280000 - 0x74297000 	C:\WINDOWS\System32\win32u.dll
0x765e0000 - 0x76602000 	C:\WINDOWS\System32\GDI32.dll
0x73d50000 - 0x73eb4000 	C:\WINDOWS\System32\gdi32full.dll
0x76bd0000 - 0x76c4d000 	C:\WINDOWS\System32\msvcp_win.dll
0x75960000 - 0x75a7e000 	C:\WINDOWS\System32\ucrtbase.dll
0x731c0000 - 0x733c4000 	C:\WINDOWS\WinSxS\x86_microsoft.windows.common-controls_6595b64144ccf1df_6.0.17134.407_none_42f1d43a44dfbaef\COMCTL32.dll
0x74010000 - 0x7426c000 	C:\WINDOWS\System32\combase.dll
0x73d20000 - 0x73d46000 	C:\WINDOWS\System32\IMM32.DLL
0x73a10000 - 0x73acf000 	C:\Program Files (x86)\Java\jdk1.8.0_191\jre\bin\msvcr100.dll
0x59e80000 - 0x5a253000 	C:\Program Files (x86)\Java\jdk1.8.0_191\jre\bin\client\jvm.dll
0x76890000 - 0x76896000 	C:\WINDOWS\System32\PSAPI.DLL
0x6ab40000 - 0x6ab64000 	C:\WINDOWS\SYSTEM32\WINMM.dll
0x6d440000 - 0x6d448000 	C:\WINDOWS\SYSTEM32\WSOCK32.dll
0x72d60000 - 0x72d68000 	C:\WINDOWS\SYSTEM32\VERSION.dll
0x73b00000 - 0x73b67000 	C:\WINDOWS\System32\WS2_32.dll
0x6aae0000 - 0x6ab03000 	C:\WINDOWS\SYSTEM32\winmmbase.dll
0x75890000 - 0x758c9000 	C:\WINDOWS\System32\cfgmgr32.dll
0x73a00000 - 0x73a0c000 	C:\Program Files (x86)\Java\jdk1.8.0_191\jre\bin\verify.dll
0x65960000 - 0x65982000 	C:\Program Files (x86)\Java\jdk1.8.0_191\jre\bin\java.dll
0x739e0000 - 0x739f4000 	C:\Program Files (x86)\Java\jdk1.8.0_191\jre\bin\zip.dll
0x744f0000 - 0x7583a000 	C:\WINDOWS\System32\SHELL32.dll
0x758d0000 - 0x75958000 	C:\WINDOWS\System32\shcore.dll
0x75db0000 - 0x76369000 	C:\WINDOWS\System32\windows.storage.dll
0x75840000 - 0x75885000 	C:\WINDOWS\System32\shlwapi.dll
0x76bc0000 - 0x76bcf000 	C:\WINDOWS\System32\kernel.appcore.dll
0x73b90000 - 0x73ba8000 	C:\WINDOWS\System32\profapi.dll
0x76370000 - 0x763b5000 	C:\WINDOWS\System32\powrprof.dll
0x75c40000 - 0x75c48000 	C:\WINDOWS\System32\FLTLIB.DLL
0x5fb20000 - 0x5fc67000 	C:\Program Files (x86)\Java\jdk1.8.0_191\jre\bin\awt.dll
0x76b20000 - 0x76bb6000 	C:\WINDOWS\System32\OLEAUT32.dll
0x71e60000 - 0x71edc000 	C:\WINDOWS\system32\uxtheme.dll
0x76490000 - 0x765d3000 	C:\WINDOWS\System32\MSCTF.dll
0x71b50000 - 0x71b73000 	C:\WINDOWS\system32\dwmapi.dll
0x75cb0000 - 0x75dac000 	C:\WINDOWS\System32\ole32.dll
0x65920000 - 0x65959000 	C:\Program Files (x86)\Java\jdk1.8.0_191\jre\bin\fontmanager.dll
0x59da0000 - 0x59e79000 	C:\WINDOWS\system32\opengl32.dll
0x658e0000 - 0x6591f000 	C:\WINDOWS\SYSTEM32\GLU32.dll
0x768a0000 - 0x76923000 	C:\WINDOWS\System32\clbcatq.dll
0x6d940000 - 0x6dab1000 	C:\WINDOWS\SYSTEM32\WindowsCodecs.dll
0x71850000 - 0x7189f000 	C:\WINDOWS\system32\dataexchange.dll
0x703f0000 - 0x70642000 	C:\WINDOWS\system32\d3d11.dll
0x70650000 - 0x7078c000 	C:\WINDOWS\system32\dcomp.dll
0x717b0000 - 0x71848000 	C:\WINDOWS\system32\dxgi.dll
0x70280000 - 0x703e5000 	C:\WINDOWS\system32\twinapi.appcore.dll
0x72140000 - 0x7215a000 	C:\WINDOWS\system32\RMCLIENT.dll
0x5f790000 - 0x5f7a5000 	C:\Program Files (x86)\Java\jdk1.8.0_191\jre\bin\net.dll
0x722f0000 - 0x72346000 	C:\WINDOWS\system32\mswsock.dll
0x5f780000 - 0x5f78f000 	C:\Program Files (x86)\Java\jdk1.8.0_191\jre\bin\nio.dll
0x5f740000 - 0x5f772000 	C:\Program Files (x86)\Java\jdk1.8.0_191\jre\bin\t2k.dll
0x59d20000 - 0x59d9d000 	C:\WINDOWS\System32\TextInputFramework.dll
0x59ac0000 - 0x59d1d000 	C:\WINDOWS\System32\CoreUIComponents.dll
0x59a30000 - 0x59abb000 	C:\WINDOWS\System32\CoreMessaging.dll
0x72ce0000 - 0x72d09000 	C:\WINDOWS\SYSTEM32\ntmarta.dll
0x69f40000 - 0x6a016000 	C:\WINDOWS\SYSTEM32\wintypes.dll
0x59a00000 - 0x59a24000 	C:\Program Files (x86)\Java\jdk1.8.0_191\jre\bin\dcpr.dll
0x5f720000 - 0x5f740000 	C:\Program Files (x86)\Java\jdk1.8.0_191\jre\bin\sunec.dll
0x733d0000 - 0x73400000 	C:\WINDOWS\SYSTEM32\IPHLPAPI.DLL
0x74000000 - 0x74007000 	C:\WINDOWS\System32\NSI.dll
0x61590000 - 0x615a3000 	C:\WINDOWS\SYSTEM32\dhcpcsvc6.DLL
0x71f70000 - 0x71f84000 	C:\WINDOWS\SYSTEM32\dhcpcsvc.DLL
0x72d40000 - 0x72d53000 	C:\WINDOWS\SYSTEM32\CRYPTSP.dll
0x72d10000 - 0x72d3f000 	C:\WINDOWS\system32\rsaenh.dll
0x72d70000 - 0x72d89000 	C:\WINDOWS\SYSTEM32\bcrypt.dll
0x71a80000 - 0x71aa1000 	C:\WINDOWS\SYSTEM32\USERENV.dll
0x599f0000 - 0x599f9000 	C:\Program Files (x86)\Java\jdk1.8.0_191\jre\bin\sunmscapi.dll
0x766f0000 - 0x76886000 	C:\WINDOWS\System32\CRYPT32.dll
0x75a80000 - 0x75a8e000 	C:\WINDOWS\System32\MSASN1.dll
0x71f90000 - 0x7201e000 	C:\WINDOWS\SYSTEM32\DNSAPI.dll
0x71ee0000 - 0x71ee8000 	C:\Windows\System32\rasadhlp.dll
0x71ef0000 - 0x71f3f000 	C:\WINDOWS\System32\fwpuclnt.dll
0x599c0000 - 0x599e6000 	C:\Program Files (x86)\Java\jdk1.8.0_191\jre\bin\jpeg.dll
0x6b980000 - 0x6b9ff000 	C:\Users\USER\Documents\NetBeansProjects\JNITester\dist\Debug\MinGW-Windows\libJNITester.dll
0x6eb40000 - 0x6ec1d000 	C:\MinGW\bin\libgcc_s_dw2-1.dll
0x6fe40000 - 0x6ffb4000 	C:\MinGW\bin\libstdc++-6.dll
0x72b40000 - 0x72cc2000 	C:\WINDOWS\SYSTEM32\dbghelp.dll

VM Arguments:
jvm_args: -Dfile.encoding=UTF-8 
java_command: GUI.Menu
java_class_path (initial): C:\Program Files\NetBeans 8.2\java\modules\ext\AbsoluteLayout.jar;C:\Users\USER\Desktop\Biblioteca\JSON\java-json.jar;C:\Users\USER\Desktop\Biblioteca\HTTP\commons-codec-1.6.jar;C:\Users\USER\Desktop\Biblioteca\HTTP\commons-logging-1.1.3.jar;C:\Users\USER\Desktop\Biblioteca\HTTP\httpclient-4.3.6.jar;C:\Users\USER\Desktop\Biblioteca\HTTP\httpcore-4.3.3.jar;C:\Users\USER\Documents\NetBeansProjects\Femme-coccyx\build\classes
Launcher Type: SUN_STANDARD

Environment Variables:
PATH="C:\Program Files (x86)\Common Files\Oracle\Java\javapath;C:\MinGW\bin;C:\MinGW\msys\1.0\bin";C:\Program Files (x86)\Intel\iCLS Client\;C:\Program Files\Intel\iCLS Client\;C:\WINDOWS\system32;C:\WINDOWS;C:\WINDOWS\System32\Wbem;C:\WINDOWS\System32\WindowsPowerShell\v1.0\;C:\Program Files (x86)\Intel\Intel(R) Management Engine Components\DAL;C:\Program Files\Intel\Intel(R) Management Engine Components\DAL;C:\Program Files (x86)\Intel\Intel(R) Management Engine Components\IPT;C:\Program Files\Intel\Intel(R) Management Engine Components\IPT;C:\WINDOWS\System32\OpenSSH\;C:\MinGW\bin;C:\Users\USER\AppData\Local\Microsoft\WindowsApps;
USERNAME=Juanma
OS=Windows_NT
PROCESSOR_IDENTIFIER=Intel64 Family 6 Model 61 Stepping 4, GenuineIntel



---------------  S Y S T E M  ---------------

OS: Windows 10.0 , 64 bit Build 17134 (10.0.17134.1)

CPU:total 4 (initial active 4) (2 cores per cpu, 2 threads per core) family 6 model 61 stepping 4, cmov, cx8, fxsr, mmx, sse, sse2, sse3, ssse3, sse4.1, sse4.2, popcnt, avx, avx2, aes, clmul, erms, 3dnowpref, lzcnt, ht, tsc, tscinvbit, bmi1, bmi2, adx

Memory: 4k page, physical 8296720k(4112620k free), swap 9607440k(4036688k free)

vm_info: Java HotSpot(TM) Client VM (25.191-b12) for windows-x86 JRE (1.8.0_191-b12), built on Oct  6 2018 08:34:23 by "java_re" with MS VC++ 10.0 (VS2010)

time: Wed Nov 21 00:45:33 2018
elapsed time: 20 seconds (0d 0h 0m 20s)

