#
# A fatal error has been detected by the Java Runtime Environment:
#
#  EXCEPTION_ACCESS_VIOLATION (0xc0000005) at pc=0x6b981590, pid=10588, tid=0x00002540
#
# JRE version: Java(TM) SE Runtime Environment (8.0_191-b12) (build 1.8.0_191-b12)
# Java VM: Java HotSpot(TM) Client VM (25.191-b12 mixed mode windows-x86 )
# Problematic frame:
# C  [libJNITester.dll+0x1590]
#
# Failed to write core dump. Minidumps are not enabled by default on client versions of Windows
#
# If you would like to submit a bug report, please visit:
#   http://bugreport.java.com/bugreport/crash.jsp
# The crash happened outside the Java Virtual Machine in native code.
# See problematic frame for where to report the bug.
#

---------------  T H R E A D  ---------------

Current thread (0x15f89000):  JavaThread "AWT-EventQueue-0" [_thread_in_native, id=9536, stack(0x16550000,0x165a0000)]

siginfo: ExceptionCode=0xc0000005, reading address 0x00000004

Registers:
EAX=0x00000000, EBX=0x17cef3c8, ECX=0x17d7e790, EDX=0x00000004
ESP=0x1659e220, EBP=0x1659e258, ESI=0x17cef3c0, EDI=0x15f89000
EIP=0x6b981590, EFLAGS=0x00010202

Top of Stack: (sp=0x1659e220)
0x1659e220:   00000010 7726482e 00000000 00000000
0x1659e230:   00000010 1659e5bc 1659e258 742e72a0
0x1659e240:   01160000 00000000 00000010 00000000
0x1659e250:   00000010 17cef3c0 1659e278 6b98163d
0x1659e260:   17d350f8 00000002 1659e278 6b981723
0x1659e270:   17d7e790 17cef3c8 1659e2a8 6b98194e
0x1659e280:   177b3258 000146ce 1659e2a8 6b981679
0x1659e290:   177b6c90 00000002 1659e2a8 00000002 

Instructions: (pc=0x6b981590)
0x6b981570:   00 8d 50 01 8b 45 f4 89 10 8b 45 f4 c9 c3 55 89
0x6b981580:   e5 83 ec 38 8b 45 08 8b 40 08 89 45 f4 8b 45 f4
0x6b981590:   8b 40 04 89 45 f0 8b 45 f4 8b 55 08 89 50 04 8b
0x6b9815a0:   45 08 8b 55 f0 89 50 08 8b 45 08 8b 40 08 89 04 


Register to memory mapping:

EAX=0x00000000 is an unknown value
EBX={method} {0x17cef3cc} 'nativePrint' '(Ljava/util/ArrayList;Lstructures/Graph;)V' in 'JNI/HelloWorldJNI'
ECX=0x17d7e790 is an unknown value
EDX=0x00000004 is an unknown value
ESP=0x1659e220 is pointing into the stack for thread: 0x15f89000
EBP=0x1659e258 is pointing into the stack for thread: 0x15f89000
ESI=0x17cef3c0 is pointing into metadata
EDI=0x15f89000 is a thread


Stack: [0x16550000,0x165a0000],  sp=0x1659e220,  free space=312k
Native frames: (J=compiled Java code, j=interpreted, Vv=VM code, C=native code)
C  [libJNITester.dll+0x1590]
C  [libJNITester.dll+0x163d]
C  [libJNITester.dll+0x194e]
C  [libJNITester.dll+0x1a90]
C  [libJNITester.dll+0x1a38]
C  [libJNITester.dll+0x1a38]
C  [libJNITester.dll+0x1a0e]
C  [libJNITester.dll+0x1a0e]
C  [libJNITester.dll+0x1a0e]
C  [libJNITester.dll+0x1a0e]
C  [libJNITester.dll+0x1a0e]
C  [libJNITester.dll+0x1a38]
C  [libJNITester.dll+0x1a38]
C  [libJNITester.dll+0x1a0e]
C  [libJNITester.dll+0x1a38]
C  [libJNITester.dll+0x1a0e]
C  [libJNITester.dll+0x1a38]
C  [libJNITester.dll+0x1d01]
C  [libJNITester.dll+0x2688]
j  JNI.HelloWorldJNI.nativePrint(Ljava/util/ArrayList;Lstructures/Graph;)V+0
J 736% C1 GUI.Menu.jButton3ActionPerformed(Ljava/awt/event/ActionEvent;)V (538 bytes) @ 0x02bc2240 [0x02bc0b00+0x1740]
j  GUI.Menu.access$200(LGUI/Menu;Ljava/awt/event/ActionEvent;)V+2
j  GUI.Menu$3.actionPerformed(Ljava/awt/event/ActionEvent;)V+5
j  javax.swing.AbstractButton.fireActionPerformed(Ljava/awt/event/ActionEvent;)V+83
j  javax.swing.AbstractButton$Handler.actionPerformed(Ljava/awt/event/ActionEvent;)V+5
j  javax.swing.DefaultButtonModel.fireActionPerformed(Ljava/awt/event/ActionEvent;)V+34
j  javax.swing.DefaultButtonModel.setPressed(Z)V+117
j  javax.swing.plaf.basic.BasicButtonListener.mouseReleased(Ljava/awt/event/MouseEvent;)V+35
j  java.awt.Component.processMouseEvent(Ljava/awt/event/MouseEvent;)V+64
j  javax.swing.JComponent.processMouseEvent(Ljava/awt/event/MouseEvent;)V+23
j  java.awt.Component.processEvent(Ljava/awt/AWTEvent;)V+81
j  java.awt.Container.processEvent(Ljava/awt/AWTEvent;)V+18
j  java.awt.Component.dispatchEventImpl(Ljava/awt/AWTEvent;)V+589
j  java.awt.Container.dispatchEventImpl(Ljava/awt/AWTEvent;)V+42
j  java.awt.Component.dispatchEvent(Ljava/awt/AWTEvent;)V+2
j  java.awt.LightweightDispatcher.retargetMouseEvent(Ljava/awt/Component;ILjava/awt/event/MouseEvent;)V+349
j  java.awt.LightweightDispatcher.processMouseEvent(Ljava/awt/event/MouseEvent;)Z+155
j  java.awt.LightweightDispatcher.dispatchEvent(Ljava/awt/AWTEvent;)Z+50
j  java.awt.Container.dispatchEventImpl(Ljava/awt/AWTEvent;)V+12
j  java.awt.Window.dispatchEventImpl(Ljava/awt/AWTEvent;)V+19
j  java.awt.Component.dispatchEvent(Ljava/awt/AWTEvent;)V+2
j  java.awt.EventQueue.dispatchEventImpl(Ljava/awt/AWTEvent;Ljava/lang/Object;)V+41
j  java.awt.EventQueue.access$500(Ljava/awt/EventQueue;Ljava/awt/AWTEvent;Ljava/lang/Object;)V+3
j  java.awt.EventQueue$3.run()Ljava/lang/Void;+32
j  java.awt.EventQueue$3.run()Ljava/lang/Object;+1
v  ~StubRoutines::call_stub
V  [jvm.dll+0x15c315]
V  [jvm.dll+0x223ece]
V  [jvm.dll+0x15c3ae]
V  [jvm.dll+0x10c35f]
C  [java.dll+0x102f]
j  java.security.ProtectionDomain$JavaSecurityAccessImpl.doIntersectionPrivilege(Ljava/security/PrivilegedAction;Ljava/security/AccessControlContext;Ljava/security/AccessControlContext;)Ljava/lang/Object;+18
j  java.security.ProtectionDomain$JavaSecurityAccessImpl.doIntersectionPrivilege(Ljava/security/PrivilegedAction;Ljava/security/AccessControlContext;)Ljava/lang/Object;+6
j  java.awt.EventQueue$4.run()Ljava/lang/Void;+11
j  java.awt.EventQueue$4.run()Ljava/lang/Object;+1
v  ~StubRoutines::call_stub
V  [jvm.dll+0x15c315]
V  [jvm.dll+0x223ece]
V  [jvm.dll+0x15c3ae]
V  [jvm.dll+0x10c35f]
C  [java.dll+0x102f]
j  java.security.ProtectionDomain$JavaSecurityAccessImpl.doIntersectionPrivilege(Ljava/security/PrivilegedAction;Ljava/security/AccessControlContext;Ljava/security/AccessControlContext;)Ljava/lang/Object;+18
j  java.awt.EventQueue.dispatchEvent(Ljava/awt/AWTEvent;)V+73
j  java.awt.EventDispatchThread.pumpOneEventForFilters(I)V+140
j  java.awt.EventDispatchThread.pumpEventsForFilter(ILjava/awt/Conditional;Ljava/awt/EventFilter;)V+35
j  java.awt.EventDispatchThread.pumpEventsForHierarchy(ILjava/awt/Conditional;Ljava/awt/Component;)V+11
j  java.awt.EventDispatchThread.pumpEvents(ILjava/awt/Conditional;)V+4
j  java.awt.EventDispatchThread.pumpEvents(Ljava/awt/Conditional;)V+3
j  java.awt.EventDispatchThread.run()V+9
v  ~StubRoutines::call_stub
V  [jvm.dll+0x15c315]
V  [jvm.dll+0x223ece]
V  [jvm.dll+0x15c3ae]
V  [jvm.dll+0x15c536]
V  [jvm.dll+0x15c5a7]
V  [jvm.dll+0x1002ef]
V  [jvm.dll+0x17f550]
V  [jvm.dll+0x17fdca]
V  [jvm.dll+0x1c57a6]
C  [msvcr100.dll+0x5c556]
C  [msvcr100.dll+0x5c600]
C  [KERNEL32.DLL+0x18484]
C  [ntdll.dll+0x6302c]
C  [ntdll.dll+0x62ffa]
C  0x00000000

Java frames: (J=compiled Java code, j=interpreted, Vv=VM code)
j  JNI.HelloWorldJNI.nativePrint(Ljava/util/ArrayList;Lstructures/Graph;)V+0
J 736% C1 GUI.Menu.jButton3ActionPerformed(Ljava/awt/event/ActionEvent;)V (538 bytes) @ 0x02bc2240 [0x02bc0b00+0x1740]
j  GUI.Menu.access$200(LGUI/Menu;Ljava/awt/event/ActionEvent;)V+2
j  GUI.Menu$3.actionPerformed(Ljava/awt/event/ActionEvent;)V+5
j  javax.swing.AbstractButton.fireActionPerformed(Ljava/awt/event/ActionEvent;)V+83
j  javax.swing.AbstractButton$Handler.actionPerformed(Ljava/awt/event/ActionEvent;)V+5
j  javax.swing.DefaultButtonModel.fireActionPerformed(Ljava/awt/event/ActionEvent;)V+34
j  javax.swing.DefaultButtonModel.setPressed(Z)V+117
j  javax.swing.plaf.basic.BasicButtonListener.mouseReleased(Ljava/awt/event/MouseEvent;)V+35
j  java.awt.Component.processMouseEvent(Ljava/awt/event/MouseEvent;)V+64
j  javax.swing.JComponent.processMouseEvent(Ljava/awt/event/MouseEvent;)V+23
j  java.awt.Component.processEvent(Ljava/awt/AWTEvent;)V+81
j  java.awt.Container.processEvent(Ljava/awt/AWTEvent;)V+18
j  java.awt.Component.dispatchEventImpl(Ljava/awt/AWTEvent;)V+589
j  java.awt.Container.dispatchEventImpl(Ljava/awt/AWTEvent;)V+42
j  java.awt.Component.dispatchEvent(Ljava/awt/AWTEvent;)V+2
j  java.awt.LightweightDispatcher.retargetMouseEvent(Ljava/awt/Component;ILjava/awt/event/MouseEvent;)V+349
j  java.awt.LightweightDispatcher.processMouseEvent(Ljava/awt/event/MouseEvent;)Z+155
j  java.awt.LightweightDispatcher.dispatchEvent(Ljava/awt/AWTEvent;)Z+50
j  java.awt.Container.dispatchEventImpl(Ljava/awt/AWTEvent;)V+12
j  java.awt.Window.dispatchEventImpl(Ljava/awt/AWTEvent;)V+19
j  java.awt.Component.dispatchEvent(Ljava/awt/AWTEvent;)V+2
j  java.awt.EventQueue.dispatchEventImpl(Ljava/awt/AWTEvent;Ljava/lang/Object;)V+41
j  java.awt.EventQueue.access$500(Ljava/awt/EventQueue;Ljava/awt/AWTEvent;Ljava/lang/Object;)V+3
j  java.awt.EventQueue$3.run()Ljava/lang/Void;+32
j  java.awt.EventQueue$3.run()Ljava/lang/Object;+1
v  ~StubRoutines::call_stub
J 227  java.security.AccessController.doPrivileged(Ljava/security/PrivilegedAction;Ljava/security/AccessControlContext;)Ljava/lang/Object; (0 bytes) @ 0x02ae5e07 [0x02ae5da0+0x67]
j  java.security.ProtectionDomain$JavaSecurityAccessImpl.doIntersectionPrivilege(Ljava/security/PrivilegedAction;Ljava/security/AccessControlContext;Ljava/security/AccessControlContext;)Ljava/lang/Object;+18
j  java.security.ProtectionDomain$JavaSecurityAccessImpl.doIntersectionPrivilege(Ljava/security/PrivilegedAction;Ljava/security/AccessControlContext;)Ljava/lang/Object;+6
j  java.awt.EventQueue$4.run()Ljava/lang/Void;+11
j  java.awt.EventQueue$4.run()Ljava/lang/Object;+1
v  ~StubRoutines::call_stub
J 227  java.security.AccessController.doPrivileged(Ljava/security/PrivilegedAction;Ljava/security/AccessControlContext;)Ljava/lang/Object; (0 bytes) @ 0x02ae5e07 [0x02ae5da0+0x67]
j  java.security.ProtectionDomain$JavaSecurityAccessImpl.doIntersectionPrivilege(Ljava/security/PrivilegedAction;Ljava/security/AccessControlContext;Ljava/security/AccessControlContext;)Ljava/lang/Object;+18
j  java.awt.EventQueue.dispatchEvent(Ljava/awt/AWTEvent;)V+73
j  java.awt.EventDispatchThread.pumpOneEventForFilters(I)V+140
j  java.awt.EventDispatchThread.pumpEventsForFilter(ILjava/awt/Conditional;Ljava/awt/EventFilter;)V+35
j  java.awt.EventDispatchThread.pumpEventsForHierarchy(ILjava/awt/Conditional;Ljava/awt/Component;)V+11
j  java.awt.EventDispatchThread.pumpEvents(ILjava/awt/Conditional;)V+4
j  java.awt.EventDispatchThread.pumpEvents(Ljava/awt/Conditional;)V+3
j  java.awt.EventDispatchThread.run()V+9
v  ~StubRoutines::call_stub

---------------  P R O C E S S  ---------------

Java Threads: ( => current thread )
  0x15f90c00 JavaThread "TimerQueue" daemon [_thread_blocked, id=7176, stack(0x165e0000,0x16630000)]
  0x0283c800 JavaThread "DestroyJavaVM" [_thread_blocked, id=7600, stack(0x02890000,0x028e0000)]
=>0x15f89000 JavaThread "AWT-EventQueue-0" [_thread_in_native, id=9536, stack(0x16550000,0x165a0000)]
  0x15246000 JavaThread "AWT-Windows" daemon [_thread_in_native, id=11060, stack(0x159d0000,0x15a20000)]
  0x15245800 JavaThread "AWT-Shutdown" [_thread_blocked, id=7412, stack(0x15940000,0x15990000)]
  0x15244800 JavaThread "Java2D Disposer" daemon [_thread_blocked, id=1088, stack(0x158b0000,0x15900000)]
  0x150bcc00 JavaThread "Service Thread" daemon [_thread_blocked, id=3364, stack(0x15680000,0x156d0000)]
  0x1508e000 JavaThread "C1 CompilerThread0" daemon [_thread_blocked, id=8356, stack(0x155f0000,0x15640000)]
  0x1508d000 JavaThread "Attach Listener" daemon [_thread_blocked, id=4132, stack(0x15560000,0x155b0000)]
  0x1508b000 JavaThread "Signal Dispatcher" daemon [_thread_blocked, id=1132, stack(0x154d0000,0x15520000)]
  0x1507a800 JavaThread "Finalizer" daemon [_thread_blocked, id=2196, stack(0x15330000,0x15380000)]
  0x15074800 JavaThread "Reference Handler" daemon [_thread_blocked, id=2944, stack(0x152a0000,0x152f0000)]

Other Threads:
  0x029ddc00 VMThread [stack: 0x04b90000,0x04be0000] [id=5460]
  0x150c0400 WatcherThread [stack: 0x15710000,0x15760000] [id=9116]

VM state:not at safepoint (normal execution)

VM Mutex/Monitor currently owned by a thread: None

Heap:
 def new generation   total 78656K, used 45367K [0x04c00000, 0x0a150000, 0x0a150000)
  eden space 69952K,  52% used [0x04c00000, 0x06fcdc60, 0x09050000)
  from space 8704K, 100% used [0x098d0000, 0x0a150000, 0x0a150000)
  to   space 8704K,   0% used [0x09050000, 0x09050000, 0x098d0000)
 tenured generation   total 174784K, used 155156K [0x0a150000, 0x14c00000, 0x14c00000)
   the space 174784K,  88% used [0x0a150000, 0x138d52c0, 0x138d5400, 0x14c00000)
 Metaspace       used 12230K, capacity 12413K, committed 12544K, reserved 12672K

Card table byte_map: [0x04a60000,0x04af0000] byte_map_base: 0x04a3a000

Polling page: 0x01150000

CodeCache: size=32768Kb used=1959Kb max_used=1959Kb free=30808Kb
 bounds [0x029e0000, 0x02bd0000, 0x049e0000]
 total_blobs=989 nmethods=741 adapters=178
 compilation: enabled

Compilation events (10 events):
Event: 15.590 Thread 0x1508e000  742             java.util.ArrayList::remove (69 bytes)
Event: 15.590 Thread 0x1508e000 nmethod 742 0x02a90348 code [0x02a90470, 0x02a90694]
Event: 22.568 Thread 0x1508e000  743             java.util.concurrent.locks.ReentrantLock::unlock (10 bytes)
Event: 22.569 Thread 0x1508e000 nmethod 743 0x02a90048 code [0x02a90160, 0x02a90258]
Event: 22.729 Thread 0x1508e000  744             java.util.concurrent.locks.ReentrantLock::lock (8 bytes)
Event: 22.729 Thread 0x1508e000 nmethod 744 0x02a8fe48 code [0x02a8ff50, 0x02a8ffec]
Event: 22.731 Thread 0x1508e000  745 % !         imgBuild.ProcessImage::getid @ 10 (57 bytes)
Event: 22.732 Thread 0x1508e000 nmethod 745% 0x02a8edc8 code [0x02a8ef50, 0x02a8f44c]
Event: 22.739 Thread 0x1508e000  746   !         imgBuild.ProcessImage::getid (57 bytes)
Event: 22.739 Thread 0x1508e000 nmethod 746 0x02bc9688 code [0x02bc9810, 0x02bc9c8c]

GC Heap History (10 events):
Event: 13.884 GC heap before
{Heap before GC invocations=16 (full 3):
 def new generation   total 25024K, used 22272K [0x04c00000, 0x06720000, 0x0a150000)
  eden space 22272K, 100% used [0x04c00000, 0x061c0000, 0x061c0000)
  from space 2752K,   0% used [0x061c0000, 0x061c0000, 0x06470000)
  to   space 2752K,   0% used [0x06470000, 0x06470000, 0x06720000)
 tenured generation   total 55468K, used 33279K [0x0a150000, 0x0d77b000, 0x14c00000)
   the space 55468K,  59% used [0x0a150000, 0x0c1cffa8, 0x0c1d0000, 0x0d77b000)
 Metaspace       used 12170K, capacity 12381K, committed 12544K, reserved 12672K
Event: 13.920 GC heap after
Heap after GC invocations=17 (full 3):
 def new generation   total 25024K, used 2752K [0x04c00000, 0x06720000, 0x0a150000)
  eden space 22272K,   0% used [0x04c00000, 0x04c00000, 0x061c0000)
  from space 2752K, 100% used [0x06470000, 0x06720000, 0x06720000)
  to   space 2752K,   0% used [0x061c0000, 0x061c0000, 0x06470000)
 tenured generation   total 55468K, used 46060K [0x0a150000, 0x0d77b000, 0x14c00000)
   the space 55468K,  83% used [0x0a150000, 0x0ce4b098, 0x0ce4b200, 0x0d77b000)
 Metaspace       used 12170K, capacity 12381K, committed 12544K, reserved 12672K
}
Event: 13.940 GC heap before
{Heap before GC invocations=17 (full 3):
 def new generation   total 25024K, used 25024K [0x04c00000, 0x06720000, 0x0a150000)
  eden space 22272K, 100% used [0x04c00000, 0x061c0000, 0x061c0000)
  from space 2752K, 100% used [0x06470000, 0x06720000, 0x06720000)
  to   space 2752K,   0% used [0x061c0000, 0x061c0000, 0x06470000)
 tenured generation   total 55468K, used 46060K [0x0a150000, 0x0d77b000, 0x14c00000)
   the space 55468K,  83% used [0x0a150000, 0x0ce4b098, 0x0ce4b200, 0x0d77b000)
 Metaspace       used 12170K, capacity 12381K, committed 12544K, reserved 12672K
Event: 14.071 GC heap after
Heap after GC invocations=18 (full 4):
 def new generation   total 45568K, used 1047K [0x04c00000, 0x07d70000, 0x0a150000)
  eden space 40512K,   2% used [0x04c00000, 0x04d05fa8, 0x07390000)
  from space 5056K,   0% used [0x07390000, 0x07390000, 0x07880000)
  to   space 5056K,   0% used [0x07880000, 0x07880000, 0x07d70000)
 tenured generation   total 101196K, used 60715K [0x0a150000, 0x10423000, 0x14c00000)
   the space 101196K,  59% used [0x0a150000, 0x0dc9aff8, 0x0dc9b000, 0x10423000)
 Metaspace       used 12170K, capacity 12381K, committed 12544K, reserved 12672K
}
Event: 14.107 GC heap before
{Heap before GC invocations=18 (full 4):
 def new generation   total 45568K, used 40512K [0x04c00000, 0x07d70000, 0x0a150000)
  eden space 40512K, 100% used [0x04c00000, 0x07390000, 0x07390000)
  from space 5056K,   0% used [0x07390000, 0x07390000, 0x07880000)
  to   space 5056K,   0% used [0x07880000, 0x07880000, 0x07d70000)
 tenured generation   total 101196K, used 60715K [0x0a150000, 0x10423000, 0x14c00000)
   the space 101196K,  59% used [0x0a150000, 0x0dc9aff8, 0x0dc9b000, 0x10423000)
 Metaspace       used 12170K, capacity 12381K, committed 12544K, reserved 12672K
Event: 14.180 GC heap after
Heap after GC invocations=19 (full 4):
 def new generation   total 45568K, used 5056K [0x04c00000, 0x07d70000, 0x0a150000)
  eden space 40512K,   0% used [0x04c00000, 0x04c00000, 0x07390000)
  from space 5056K, 100% used [0x07880000, 0x07d70000, 0x07d70000)
  to   space 5056K,   0% used [0x07390000, 0x07390000, 0x07880000)
 tenured generation   total 101196K, used 85276K [0x0a150000, 0x10423000, 0x14c00000)
   the space 101196K,  84% used [0x0a150000, 0x0f497078, 0x0f497200, 0x10423000)
 Metaspace       used 12170K, capacity 12381K, committed 12544K, reserved 12672K
}
Event: 14.220 GC heap before
{Heap before GC invocations=19 (full 4):
 def new generation   total 45568K, used 45568K [0x04c00000, 0x07d70000, 0x0a150000)
  eden space 40512K, 100% used [0x04c00000, 0x07390000, 0x07390000)
  from space 5056K, 100% used [0x07880000, 0x07d70000, 0x07d70000)
  to   space 5056K,   0% used [0x07390000, 0x07390000, 0x07880000)
 tenured generation   total 101196K, used 85276K [0x0a150000, 0x10423000, 0x14c00000)
   the space 101196K,  84% used [0x0a150000, 0x0f497078, 0x0f497200, 0x10423000)
 Metaspace       used 12170K, capacity 12381K, committed 12544K, reserved 12672K
Event: 14.420 GC heap after
Heap after GC invocations=20 (full 5):
 def new generation   total 78656K, used 4996K [0x04c00000, 0x0a150000, 0x0a150000)
  eden space 69952K,   7% used [0x04c00000, 0x050e1100, 0x09050000)
  from space 8704K,   0% used [0x09050000, 0x09050000, 0x098d0000)
  to   space 8704K,   0% used [0x098d0000, 0x098d0000, 0x0a150000)
 tenured generation   total 174784K, used 114635K [0x0a150000, 0x14c00000, 0x14c00000)
   the space 174784K,  65% used [0x0a150000, 0x11142ff0, 0x11143000, 0x14c00000)
 Metaspace       used 12170K, capacity 12381K, committed 12544K, reserved 12672K
}
Event: 14.477 GC heap before
{Heap before GC invocations=20 (full 5):
 def new generation   total 78656K, used 69952K [0x04c00000, 0x0a150000, 0x0a150000)
  eden space 69952K, 100% used [0x04c00000, 0x09050000, 0x09050000)
  from space 8704K,   0% used [0x09050000, 0x09050000, 0x098d0000)
  to   space 8704K,   0% used [0x098d0000, 0x098d0000, 0x0a150000)
 tenured generation   total 174784K, used 114635K [0x0a150000, 0x14c00000, 0x14c00000)
   the space 174784K,  65% used [0x0a150000, 0x11142ff0, 0x11143000, 0x14c00000)
 Metaspace       used 12170K, capacity 12381K, committed 12544K, reserved 12672K
Event: 14.597 GC heap after
Heap after GC invocations=21 (full 5):
 def new generation   total 78656K, used 8704K [0x04c00000, 0x0a150000, 0x0a150000)
  eden space 69952K,   0% used [0x04c00000, 0x04c00000, 0x09050000)
  from space 8704K, 100% used [0x098d0000, 0x0a150000, 0x0a150000)
  to   space 8704K,   0% used [0x09050000, 0x09050000, 0x098d0000)
 tenured generation   total 174784K, used 155156K [0x0a150000, 0x14c00000, 0x14c00000)
   the space 174784K,  88% used [0x0a150000, 0x138d52c0, 0x138d5400, 0x14c00000)
 Metaspace       used 12170K, capacity 12381K, committed 12544K, reserved 12672K
}

Deoptimization events (0 events):
No events

Classes redefined (0 events):
No events

Internal exceptions (10 events):
Event: 0.232 Thread 0x0283c800 Exception <a 'java/lang/ClassNotFoundException': javax/swing/JToolBarSeparator> (0x04eca188) thrown at [C:\workspace\8-2-build-windows-i586-cygwin\jdk8u191\11896\hotspot\src\share\vm\classfile\systemDictionary.cpp, line 210]
Event: 0.232 Thread 0x0283c800 Exception <a 'java/lang/ClassNotFoundException': ToolBarSeparator> (0x04eca5e0) thrown at [C:\workspace\8-2-build-windows-i586-cygwin\jdk8u191\11896\hotspot\src\share\vm\classfile\systemDictionary.cpp, line 210]
Event: 0.232 Thread 0x0283c800 Exception <a 'java/lang/ClassNotFoundException': ToolTip> (0x04ecac88) thrown at [C:\workspace\8-2-build-windows-i586-cygwin\jdk8u191\11896\hotspot\src\share\vm\classfile\systemDictionary.cpp, line 210]
Event: 0.233 Thread 0x0283c800 Exception <a 'java/lang/ClassNotFoundException': Tree> (0x04ecb770) thrown at [C:\workspace\8-2-build-windows-i586-cygwin\jdk8u191\11896\hotspot\src\share\vm\classfile\systemDictionary.cpp, line 210]
Event: 0.233 Thread 0x0283c800 Exception <a 'java/lang/ClassNotFoundException': Tree> (0x04ecbe10) thrown at [C:\workspace\8-2-build-windows-i586-cygwin\jdk8u191\11896\hotspot\src\share\vm\classfile\systemDictionary.cpp, line 210]
Event: 0.233 Thread 0x0283c800 Exception <a 'java/lang/ClassNotFoundException': javax/swing/JTreeCell> (0x04ecc148) thrown at [C:\workspace\8-2-build-windows-i586-cygwin\jdk8u191\11896\hotspot\src\share\vm\classfile\systemDictionary.cpp, line 210]
Event: 0.233 Thread 0x0283c800 Exception <a 'java/lang/ClassNotFoundException': TreeCell> (0x04ecc590) thrown at [C:\workspace\8-2-build-windows-i586-cygwin\jdk8u191\11896\hotspot\src\share\vm\classfile\systemDictionary.cpp, line 210]
Event: 0.233 Thread 0x0283c800 Exception <a 'java/lang/ClassNotFoundException': RootPane> (0x04eccf48) thrown at [C:\workspace\8-2-build-windows-i586-cygwin\jdk8u191\11896\hotspot\src\share\vm\classfile\systemDictionary.cpp, line 210]
Event: 0.280 Thread 0x15f90800 Exception <a 'java/io/FileNotFoundException'> (0x04fec218) thrown at [C:\workspace\8-2-build-windows-i586-cygwin\jdk8u191\11896\hotspot\src\share\vm\prims\jni.cpp, line 709]
Event: 10.072 Thread 0x15f89000 Exception <a 'java/lang/NoClassDefFoundError': org/apache/log4j/Category> (0x05155d10) thrown at [C:\workspace\8-2-build-windows-i586-cygwin\jdk8u191\11896\hotspot\src\share\vm\classfile\systemDictionary.cpp, line 199]

Events (10 events):
Event: 22.700 Executing VM operation: RevokeBias
Event: 22.700 Executing VM operation: RevokeBias done
Event: 22.700 Thread 0x15157800 Thread exited: 0x15157800
Event: 22.729 Executing VM operation: RevokeBias
Event: 22.729 Executing VM operation: RevokeBias done
Event: 22.729 Thread 0x15158c00 Thread exited: 0x15158c00
Event: 22.736 loading class JNI/HelloWorldJNI
Event: 22.736 loading class JNI/HelloWorldJNI done
Event: 22.738 loading class structures/Graph
Event: 22.738 loading class structures/Graph done


Dynamic libraries:
0x00a00000 - 0x00a33000 	C:\Program Files (x86)\Java\jdk1.8.0_191\bin\java.exe
0x77220000 - 0x773b0000 	C:\WINDOWS\SYSTEM32\ntdll.dll
0x73ec0000 - 0x73fa0000 	C:\WINDOWS\System32\KERNEL32.DLL
0x76930000 - 0x76b14000 	C:\WINDOWS\System32\KERNELBASE.dll
0x725f0000 - 0x7268d000 	C:\WINDOWS\SYSTEM32\apphelp.dll
0x76410000 - 0x76488000 	C:\WINDOWS\System32\ADVAPI32.dll
0x742a0000 - 0x7435f000 	C:\WINDOWS\System32\msvcrt.dll
0x763c0000 - 0x76404000 	C:\WINDOWS\System32\sechost.dll
0x75b80000 - 0x75c40000 	C:\WINDOWS\System32\RPCRT4.dll
0x73ae0000 - 0x73b00000 	C:\WINDOWS\System32\SspiCli.dll
0x73ad0000 - 0x73ada000 	C:\WINDOWS\System32\CRYPTBASE.dll
0x75b20000 - 0x75b78000 	C:\WINDOWS\System32\bcryptPrimitives.dll
0x74360000 - 0x744ed000 	C:\WINDOWS\System32\USER32.dll
0x74280000 - 0x74297000 	C:\WINDOWS\System32\win32u.dll
0x765e0000 - 0x76602000 	C:\WINDOWS\System32\GDI32.dll
0x73d50000 - 0x73eb4000 	C:\WINDOWS\System32\gdi32full.dll
0x76bd0000 - 0x76c4d000 	C:\WINDOWS\System32\msvcp_win.dll
0x75960000 - 0x75a7e000 	C:\WINDOWS\System32\ucrtbase.dll
0x731c0000 - 0x733c4000 	C:\WINDOWS\WinSxS\x86_microsoft.windows.common-controls_6595b64144ccf1df_6.0.17134.407_none_42f1d43a44dfbaef\COMCTL32.dll
0x74010000 - 0x7426c000 	C:\WINDOWS\System32\combase.dll
0x73d20000 - 0x73d46000 	C:\WINDOWS\System32\IMM32.DLL
0x57020000 - 0x570df000 	C:\Program Files (x86)\Java\jdk1.8.0_191\jre\bin\msvcr100.dll
0x56c40000 - 0x57013000 	C:\Program Files (x86)\Java\jdk1.8.0_191\jre\bin\client\jvm.dll
0x76890000 - 0x76896000 	C:\WINDOWS\System32\PSAPI.DLL
0x6d440000 - 0x6d448000 	C:\WINDOWS\SYSTEM32\WSOCK32.dll
0x6ab40000 - 0x6ab64000 	C:\WINDOWS\SYSTEM32\WINMM.dll
0x72d60000 - 0x72d68000 	C:\WINDOWS\SYSTEM32\VERSION.dll
0x73b00000 - 0x73b67000 	C:\WINDOWS\System32\WS2_32.dll
0x6aae0000 - 0x6ab03000 	C:\WINDOWS\SYSTEM32\winmmbase.dll
0x75890000 - 0x758c9000 	C:\WINDOWS\System32\cfgmgr32.dll
0x5fb20000 - 0x5fb2c000 	C:\Program Files (x86)\Java\jdk1.8.0_191\jre\bin\verify.dll
0x56c10000 - 0x56c32000 	C:\Program Files (x86)\Java\jdk1.8.0_191\jre\bin\java.dll
0x56bf0000 - 0x56c04000 	C:\Program Files (x86)\Java\jdk1.8.0_191\jre\bin\zip.dll
0x744f0000 - 0x7583a000 	C:\WINDOWS\System32\SHELL32.dll
0x758d0000 - 0x75958000 	C:\WINDOWS\System32\shcore.dll
0x75db0000 - 0x76369000 	C:\WINDOWS\System32\windows.storage.dll
0x75840000 - 0x75885000 	C:\WINDOWS\System32\shlwapi.dll
0x76bc0000 - 0x76bcf000 	C:\WINDOWS\System32\kernel.appcore.dll
0x73b90000 - 0x73ba8000 	C:\WINDOWS\System32\profapi.dll
0x76370000 - 0x763b5000 	C:\WINDOWS\System32\powrprof.dll
0x75c40000 - 0x75c48000 	C:\WINDOWS\System32\FLTLIB.DLL
0x56aa0000 - 0x56be7000 	C:\Program Files (x86)\Java\jdk1.8.0_191\jre\bin\awt.dll
0x76b20000 - 0x76bb6000 	C:\WINDOWS\System32\OLEAUT32.dll
0x71e60000 - 0x71edc000 	C:\WINDOWS\system32\uxtheme.dll
0x76490000 - 0x765d3000 	C:\WINDOWS\System32\MSCTF.dll
0x71b50000 - 0x71b73000 	C:\WINDOWS\system32\dwmapi.dll
0x75cb0000 - 0x75dac000 	C:\WINDOWS\System32\ole32.dll
0x56a60000 - 0x56a99000 	C:\Program Files (x86)\Java\jdk1.8.0_191\jre\bin\fontmanager.dll
0x56980000 - 0x56a59000 	C:\WINDOWS\system32\opengl32.dll
0x56940000 - 0x5697f000 	C:\WINDOWS\SYSTEM32\GLU32.dll
0x768a0000 - 0x76923000 	C:\WINDOWS\System32\clbcatq.dll
0x6d940000 - 0x6dab1000 	C:\WINDOWS\SYSTEM32\WindowsCodecs.dll
0x71850000 - 0x7189f000 	C:\WINDOWS\system32\dataexchange.dll
0x70650000 - 0x7078c000 	C:\WINDOWS\system32\dcomp.dll
0x703f0000 - 0x70642000 	C:\WINDOWS\system32\d3d11.dll
0x717b0000 - 0x71848000 	C:\WINDOWS\system32\dxgi.dll
0x70280000 - 0x703e5000 	C:\WINDOWS\system32\twinapi.appcore.dll
0x72140000 - 0x7215a000 	C:\WINDOWS\system32\RMCLIENT.dll
0x56920000 - 0x56935000 	C:\Program Files (x86)\Java\jdk1.8.0_191\jre\bin\net.dll
0x722f0000 - 0x72346000 	C:\WINDOWS\system32\mswsock.dll
0x56910000 - 0x5691f000 	C:\Program Files (x86)\Java\jdk1.8.0_191\jre\bin\nio.dll
0x568d0000 - 0x56902000 	C:\Program Files (x86)\Java\jdk1.8.0_191\jre\bin\t2k.dll
0x65910000 - 0x6598d000 	C:\WINDOWS\System32\TextInputFramework.dll
0x59da0000 - 0x59ffd000 	C:\WINDOWS\System32\CoreUIComponents.dll
0x5fbe0000 - 0x5fc6b000 	C:\WINDOWS\System32\CoreMessaging.dll
0x72ce0000 - 0x72d09000 	C:\WINDOWS\SYSTEM32\ntmarta.dll
0x69f40000 - 0x6a016000 	C:\WINDOWS\SYSTEM32\wintypes.dll
0x568a0000 - 0x568c4000 	C:\Program Files (x86)\Java\jdk1.8.0_191\jre\bin\dcpr.dll
0x56880000 - 0x568a0000 	C:\Program Files (x86)\Java\jdk1.8.0_191\jre\bin\sunec.dll
0x733d0000 - 0x73400000 	C:\WINDOWS\SYSTEM32\IPHLPAPI.DLL
0x74000000 - 0x74007000 	C:\WINDOWS\System32\NSI.dll
0x61590000 - 0x615a3000 	C:\WINDOWS\SYSTEM32\dhcpcsvc6.DLL
0x71f70000 - 0x71f84000 	C:\WINDOWS\SYSTEM32\dhcpcsvc.DLL
0x72d40000 - 0x72d53000 	C:\WINDOWS\SYSTEM32\CRYPTSP.dll
0x72d10000 - 0x72d3f000 	C:\WINDOWS\system32\rsaenh.dll
0x72d70000 - 0x72d89000 	C:\WINDOWS\SYSTEM32\bcrypt.dll
0x71a80000 - 0x71aa1000 	C:\WINDOWS\SYSTEM32\USERENV.dll
0x56870000 - 0x56879000 	C:\Program Files (x86)\Java\jdk1.8.0_191\jre\bin\sunmscapi.dll
0x766f0000 - 0x76886000 	C:\WINDOWS\System32\CRYPT32.dll
0x75a80000 - 0x75a8e000 	C:\WINDOWS\System32\MSASN1.dll
0x71f90000 - 0x7201e000 	C:\WINDOWS\SYSTEM32\DNSAPI.dll
0x71ee0000 - 0x71ee8000 	C:\Windows\System32\rasadhlp.dll
0x71ef0000 - 0x71f3f000 	C:\WINDOWS\System32\fwpuclnt.dll
0x56840000 - 0x56866000 	C:\Program Files (x86)\Java\jdk1.8.0_191\jre\bin\jpeg.dll
0x6b980000 - 0x6b9ff000 	C:\Users\USER\Documents\NetBeansProjects\JNITester\dist\Debug\MinGW-Windows\libJNITester.dll
0x6eb40000 - 0x6ec1d000 	C:\MinGW\bin\libgcc_s_dw2-1.dll
0x6fe40000 - 0x6ffb4000 	C:\MinGW\bin\libstdc++-6.dll
0x72b40000 - 0x72cc2000 	C:\WINDOWS\SYSTEM32\dbghelp.dll

VM Arguments:
jvm_args: -Dfile.encoding=UTF-8 
java_command: GUI.Menu
java_class_path (initial): C:\Program Files\NetBeans 8.2\java\modules\ext\AbsoluteLayout.jar;C:\Users\USER\Desktop\Biblioteca\JSON\java-json.jar;C:\Users\USER\Desktop\Biblioteca\HTTP\commons-codec-1.6.jar;C:\Users\USER\Desktop\Biblioteca\HTTP\commons-logging-1.1.3.jar;C:\Users\USER\Desktop\Biblioteca\HTTP\httpclient-4.3.6.jar;C:\Users\USER\Desktop\Biblioteca\HTTP\httpcore-4.3.3.jar;C:\Users\USER\Documents\NetBeansProjects\Femme-coccyx\build\classes
Launcher Type: SUN_STANDARD

Environment Variables:
PATH="C:\Program Files (x86)\Common Files\Oracle\Java\javapath;C:\MinGW\bin;C:\MinGW\msys\1.0\bin";C:\Program Files (x86)\Intel\iCLS Client\;C:\Program Files\Intel\iCLS Client\;C:\WINDOWS\system32;C:\WINDOWS;C:\WINDOWS\System32\Wbem;C:\WINDOWS\System32\WindowsPowerShell\v1.0\;C:\Program Files (x86)\Intel\Intel(R) Management Engine Components\DAL;C:\Program Files\Intel\Intel(R) Management Engine Components\DAL;C:\Program Files (x86)\Intel\Intel(R) Management Engine Components\IPT;C:\Program Files\Intel\Intel(R) Management Engine Components\IPT;C:\WINDOWS\System32\OpenSSH\;C:\MinGW\bin;C:\Users\USER\AppData\Local\Microsoft\WindowsApps;
USERNAME=Juanma
OS=Windows_NT
PROCESSOR_IDENTIFIER=Intel64 Family 6 Model 61 Stepping 4, GenuineIntel



---------------  S Y S T E M  ---------------

OS: Windows 10.0 , 64 bit Build 17134 (10.0.17134.1)

CPU:total 4 (initial active 4) (2 cores per cpu, 2 threads per core) family 6 model 61 stepping 4, cmov, cx8, fxsr, mmx, sse, sse2, sse3, ssse3, sse4.1, sse4.2, popcnt, avx, avx2, aes, clmul, erms, 3dnowpref, lzcnt, ht, tsc, tscinvbit, bmi1, bmi2, adx

Memory: 4k page, physical 8296720k(3787036k free), swap 9607440k(4054464k free)

vm_info: Java HotSpot(TM) Client VM (25.191-b12) for windows-x86 JRE (1.8.0_191-b12), built on Oct  6 2018 08:34:23 by "java_re" with MS VC++ 10.0 (VS2010)

time: Wed Nov 21 02:04:00 2018
elapsed time: 22 seconds (0d 0h 0m 22s)

