#
# A fatal error has been detected by the Java Runtime Environment:
#
#  EXCEPTION_ACCESS_VIOLATION (0xc0000005) at pc=0x6b98373c, pid=11180, tid=0x000020ec
#
# JRE version: Java(TM) SE Runtime Environment (8.0_191-b12) (build 1.8.0_191-b12)
# Java VM: Java HotSpot(TM) Client VM (25.191-b12 mixed mode, sharing windows-x86 )
# Problematic frame:
# C  [libJNITester.dll+0x373c]
#
# Failed to write core dump. Minidumps are not enabled by default on client versions of Windows
#
# If you would like to submit a bug report, please visit:
#   http://bugreport.java.com/bugreport/crash.jsp
# The crash happened outside the Java Virtual Machine in native code.
# See problematic frame for where to report the bug.
#

---------------  T H R E A D  ---------------

Current thread (0x159a1c00):  JavaThread "AWT-EventQueue-0" [_thread_in_native, id=8428, stack(0x15f60000,0x15fb0000)]

siginfo: ExceptionCode=0xc0000005, reading address 0x3eb9b216

Registers:
EAX=0x3eb9b216, EBX=0x17a2f068, ECX=0x3eb9b216, EDX=0x3eb9b20e
ESP=0x15fadf40, EBP=0x15fadf78, ESI=0x17a2f060, EDI=0x159a1c00
EIP=0x6b98373c, EFLAGS=0x00010206

Top of Stack: (sp=0x15fadf40)
0x15fadf40:   15fadf64 17793250 00000001 0011c82c
0x15fadf50:   159a1d40 020e49d4 00000000 0011efb0
0x15fadf60:   3eb9b20e 177934f8 00000000 00000001
0x15fadf70:   17a2f068 15fadfc4 15fae018 6b9827c6
0x15fadf80:   00000003 15fadfc4 165e8778 00000000
0x15fadf90:   5a15c2e8 158a9440 00000029 00000000
0x15fadfa0:   021b2fa8 021b3394 0001533c 6b988558
0x15fadfb0:   6b988568 0011e948 00000001 0011c7f8 

Instructions: (pc=0x6b98373c)
0x6b98371c:   ec 89 14 24 89 c1 e8 35 0b 00 00 83 ec 04 84 c0
0x6b98372c:   0f 84 a9 00 00 00 8d 45 e8 89 c1 e8 08 0b 00 00
0x6b98373c:   8b 00 89 45 f4 8d 45 e8 89 c1 e8 f9 0a 00 00 8b
0x6b98374c:   40 04 89 45 f0 c7 44 24 04 a0 83 98 6b c7 04 24 


Register to memory mapping:

EAX=0x3eb9b216 is an unknown value
EBX={method} {0x17a2f06c} 'nativePrint' '(Ljava/util/ArrayList;Lstructures/Graph;)V' in 'JNI/HelloWorldJNI'
ECX=0x3eb9b216 is an unknown value
EDX=0x3eb9b20e is an unknown value
ESP=0x15fadf40 is pointing into the stack for thread: 0x159a1c00
EBP=0x15fadf78 is pointing into the stack for thread: 0x159a1c00
ESI=0x17a2f060 is pointing into metadata
EDI=0x159a1c00 is a thread


Stack: [0x15f60000,0x15fb0000],  sp=0x15fadf40,  free space=311k
Native frames: (J=compiled Java code, j=interpreted, Vv=VM code, C=native code)
C  [libJNITester.dll+0x373c]
C  [libJNITester.dll+0x27c6]
j  JNI.HelloWorldJNI.nativePrint(Ljava/util/ArrayList;Lstructures/Graph;)V+0
J 725% C1 GUI.Menu.jButton3ActionPerformed(Ljava/awt/event/ActionEvent;)V (470 bytes) @ 0x02392070 [0x02390c80+0x13f0]
j  GUI.Menu.access$200(LGUI/Menu;Ljava/awt/event/ActionEvent;)V+2
j  GUI.Menu$3.actionPerformed(Ljava/awt/event/ActionEvent;)V+5
j  javax.swing.AbstractButton.fireActionPerformed(Ljava/awt/event/ActionEvent;)V+83
j  javax.swing.AbstractButton$Handler.actionPerformed(Ljava/awt/event/ActionEvent;)V+5
j  javax.swing.DefaultButtonModel.fireActionPerformed(Ljava/awt/event/ActionEvent;)V+34
j  javax.swing.DefaultButtonModel.setPressed(Z)V+117
j  javax.swing.plaf.basic.BasicButtonListener.mouseReleased(Ljava/awt/event/MouseEvent;)V+35
j  java.awt.Component.processMouseEvent(Ljava/awt/event/MouseEvent;)V+64
j  javax.swing.JComponent.processMouseEvent(Ljava/awt/event/MouseEvent;)V+23
j  java.awt.Component.processEvent(Ljava/awt/AWTEvent;)V+81
j  java.awt.Container.processEvent(Ljava/awt/AWTEvent;)V+18
j  java.awt.Component.dispatchEventImpl(Ljava/awt/AWTEvent;)V+589
j  java.awt.Container.dispatchEventImpl(Ljava/awt/AWTEvent;)V+42
j  java.awt.Component.dispatchEvent(Ljava/awt/AWTEvent;)V+2
j  java.awt.LightweightDispatcher.retargetMouseEvent(Ljava/awt/Component;ILjava/awt/event/MouseEvent;)V+349
j  java.awt.LightweightDispatcher.processMouseEvent(Ljava/awt/event/MouseEvent;)Z+155
j  java.awt.LightweightDispatcher.dispatchEvent(Ljava/awt/AWTEvent;)Z+50
j  java.awt.Container.dispatchEventImpl(Ljava/awt/AWTEvent;)V+12
j  java.awt.Window.dispatchEventImpl(Ljava/awt/AWTEvent;)V+19
j  java.awt.Component.dispatchEvent(Ljava/awt/AWTEvent;)V+2
j  java.awt.EventQueue.dispatchEventImpl(Ljava/awt/AWTEvent;Ljava/lang/Object;)V+41
j  java.awt.EventQueue.access$500(Ljava/awt/EventQueue;Ljava/awt/AWTEvent;Ljava/lang/Object;)V+3
j  java.awt.EventQueue$3.run()Ljava/lang/Void;+32
j  java.awt.EventQueue$3.run()Ljava/lang/Object;+1
v  ~StubRoutines::call_stub
V  [jvm.dll+0x15c315]
V  [jvm.dll+0x223ece]
V  [jvm.dll+0x15c3ae]
V  [jvm.dll+0x10c35f]
C  [java.dll+0x102f]
j  java.security.ProtectionDomain$JavaSecurityAccessImpl.doIntersectionPrivilege(Ljava/security/PrivilegedAction;Ljava/security/AccessControlContext;Ljava/security/AccessControlContext;)Ljava/lang/Object;+18
j  java.security.ProtectionDomain$JavaSecurityAccessImpl.doIntersectionPrivilege(Ljava/security/PrivilegedAction;Ljava/security/AccessControlContext;)Ljava/lang/Object;+6
j  java.awt.EventQueue$4.run()Ljava/lang/Void;+11
j  java.awt.EventQueue$4.run()Ljava/lang/Object;+1
v  ~StubRoutines::call_stub
V  [jvm.dll+0x15c315]
V  [jvm.dll+0x223ece]
V  [jvm.dll+0x15c3ae]
V  [jvm.dll+0x10c35f]
C  [java.dll+0x102f]
j  java.security.ProtectionDomain$JavaSecurityAccessImpl.doIntersectionPrivilege(Ljava/security/PrivilegedAction;Ljava/security/AccessControlContext;Ljava/security/AccessControlContext;)Ljava/lang/Object;+18
j  java.awt.EventQueue.dispatchEvent(Ljava/awt/AWTEvent;)V+73
j  java.awt.EventDispatchThread.pumpOneEventForFilters(I)V+140
j  java.awt.EventDispatchThread.pumpEventsForFilter(ILjava/awt/Conditional;Ljava/awt/EventFilter;)V+35
j  java.awt.EventDispatchThread.pumpEventsForHierarchy(ILjava/awt/Conditional;Ljava/awt/Component;)V+11
j  java.awt.EventDispatchThread.pumpEvents(ILjava/awt/Conditional;)V+4
j  java.awt.EventDispatchThread.pumpEvents(Ljava/awt/Conditional;)V+3
j  java.awt.EventDispatchThread.run()V+9
v  ~StubRoutines::call_stub
V  [jvm.dll+0x15c315]
V  [jvm.dll+0x223ece]
V  [jvm.dll+0x15c3ae]
V  [jvm.dll+0x15c536]
V  [jvm.dll+0x15c5a7]
V  [jvm.dll+0x1002ef]
V  [jvm.dll+0x17f550]
V  [jvm.dll+0x17fdca]
V  [jvm.dll+0x1c57a6]
C  [msvcr100.dll+0x5c556]
C  [msvcr100.dll+0x5c600]
C  [KERNEL32.DLL+0x18484]
C  [ntdll.dll+0x6302c]
C  [ntdll.dll+0x62ffa]
C  0x00000000

Java frames: (J=compiled Java code, j=interpreted, Vv=VM code)
j  JNI.HelloWorldJNI.nativePrint(Ljava/util/ArrayList;Lstructures/Graph;)V+0
J 725% C1 GUI.Menu.jButton3ActionPerformed(Ljava/awt/event/ActionEvent;)V (470 bytes) @ 0x02392070 [0x02390c80+0x13f0]
j  GUI.Menu.access$200(LGUI/Menu;Ljava/awt/event/ActionEvent;)V+2
j  GUI.Menu$3.actionPerformed(Ljava/awt/event/ActionEvent;)V+5
j  javax.swing.AbstractButton.fireActionPerformed(Ljava/awt/event/ActionEvent;)V+83
j  javax.swing.AbstractButton$Handler.actionPerformed(Ljava/awt/event/ActionEvent;)V+5
j  javax.swing.DefaultButtonModel.fireActionPerformed(Ljava/awt/event/ActionEvent;)V+34
j  javax.swing.DefaultButtonModel.setPressed(Z)V+117
j  javax.swing.plaf.basic.BasicButtonListener.mouseReleased(Ljava/awt/event/MouseEvent;)V+35
j  java.awt.Component.processMouseEvent(Ljava/awt/event/MouseEvent;)V+64
j  javax.swing.JComponent.processMouseEvent(Ljava/awt/event/MouseEvent;)V+23
j  java.awt.Component.processEvent(Ljava/awt/AWTEvent;)V+81
j  java.awt.Container.processEvent(Ljava/awt/AWTEvent;)V+18
j  java.awt.Component.dispatchEventImpl(Ljava/awt/AWTEvent;)V+589
j  java.awt.Container.dispatchEventImpl(Ljava/awt/AWTEvent;)V+42
j  java.awt.Component.dispatchEvent(Ljava/awt/AWTEvent;)V+2
j  java.awt.LightweightDispatcher.retargetMouseEvent(Ljava/awt/Component;ILjava/awt/event/MouseEvent;)V+349
j  java.awt.LightweightDispatcher.processMouseEvent(Ljava/awt/event/MouseEvent;)Z+155
j  java.awt.LightweightDispatcher.dispatchEvent(Ljava/awt/AWTEvent;)Z+50
j  java.awt.Container.dispatchEventImpl(Ljava/awt/AWTEvent;)V+12
j  java.awt.Window.dispatchEventImpl(Ljava/awt/AWTEvent;)V+19
j  java.awt.Component.dispatchEvent(Ljava/awt/AWTEvent;)V+2
j  java.awt.EventQueue.dispatchEventImpl(Ljava/awt/AWTEvent;Ljava/lang/Object;)V+41
j  java.awt.EventQueue.access$500(Ljava/awt/EventQueue;Ljava/awt/AWTEvent;Ljava/lang/Object;)V+3
j  java.awt.EventQueue$3.run()Ljava/lang/Void;+32
j  java.awt.EventQueue$3.run()Ljava/lang/Object;+1
v  ~StubRoutines::call_stub
J 246  java.security.AccessController.doPrivileged(Ljava/security/PrivilegedAction;Ljava/security/AccessControlContext;)Ljava/lang/Object; (0 bytes) @ 0x022cc207 [0x022cc1a0+0x67]
j  java.security.ProtectionDomain$JavaSecurityAccessImpl.doIntersectionPrivilege(Ljava/security/PrivilegedAction;Ljava/security/AccessControlContext;Ljava/security/AccessControlContext;)Ljava/lang/Object;+18
j  java.security.ProtectionDomain$JavaSecurityAccessImpl.doIntersectionPrivilege(Ljava/security/PrivilegedAction;Ljava/security/AccessControlContext;)Ljava/lang/Object;+6
j  java.awt.EventQueue$4.run()Ljava/lang/Void;+11
j  java.awt.EventQueue$4.run()Ljava/lang/Object;+1
v  ~StubRoutines::call_stub
J 246  java.security.AccessController.doPrivileged(Ljava/security/PrivilegedAction;Ljava/security/AccessControlContext;)Ljava/lang/Object; (0 bytes) @ 0x022cc207 [0x022cc1a0+0x67]
j  java.security.ProtectionDomain$JavaSecurityAccessImpl.doIntersectionPrivilege(Ljava/security/PrivilegedAction;Ljava/security/AccessControlContext;Ljava/security/AccessControlContext;)Ljava/lang/Object;+18
j  java.awt.EventQueue.dispatchEvent(Ljava/awt/AWTEvent;)V+73
j  java.awt.EventDispatchThread.pumpOneEventForFilters(I)V+140
j  java.awt.EventDispatchThread.pumpEventsForFilter(ILjava/awt/Conditional;Ljava/awt/EventFilter;)V+35
j  java.awt.EventDispatchThread.pumpEventsForHierarchy(ILjava/awt/Conditional;Ljava/awt/Component;)V+11
j  java.awt.EventDispatchThread.pumpEvents(ILjava/awt/Conditional;)V+4
j  java.awt.EventDispatchThread.pumpEvents(Ljava/awt/Conditional;)V+3
j  java.awt.EventDispatchThread.run()V+9
v  ~StubRoutines::call_stub

---------------  P R O C E S S  ---------------

Java Threads: ( => current thread )
  0x159df400 JavaThread "TimerQueue" daemon [_thread_blocked, id=7788, stack(0x15ff0000,0x16040000)]
  0x0012cc00 JavaThread "DestroyJavaVM" [_thread_blocked, id=5608, stack(0x01fe0000,0x02030000)]
=>0x159a1c00 JavaThread "AWT-EventQueue-0" [_thread_in_native, id=8428, stack(0x15f60000,0x15fb0000)]
  0x15989000 JavaThread "AWT-Windows" daemon [_thread_in_native, id=9612, stack(0x15d10000,0x15d60000)]
  0x15988400 JavaThread "AWT-Shutdown" [_thread_blocked, id=10796, stack(0x15c80000,0x15cd0000)]
  0x15985800 JavaThread "Java2D Disposer" daemon [_thread_blocked, id=10232, stack(0x15bf0000,0x15c40000)]
  0x02166800 JavaThread "Service Thread" daemon [_thread_blocked, id=11000, stack(0x151e0000,0x15230000)]
  0x02150400 JavaThread "C1 CompilerThread0" daemon [_thread_blocked, id=9980, stack(0x15150000,0x151a0000)]
  0x0214f400 JavaThread "Attach Listener" daemon [_thread_blocked, id=7116, stack(0x14640000,0x14690000)]
  0x02143000 JavaThread "Signal Dispatcher" daemon [_thread_blocked, id=9616, stack(0x145b0000,0x14600000)]
  0x02141000 JavaThread "Finalizer" daemon [_thread_blocked, id=10984, stack(0x14410000,0x14460000)]
  0x020e6c00 JavaThread "Reference Handler" daemon [_thread_blocked, id=10752, stack(0x14380000,0x143d0000)]

Other Threads:
  0x020e4000 VMThread [stack: 0x142f0000,0x14340000] [id=10012]
  0x02186800 WatcherThread [stack: 0x15850000,0x158a0000] [id=8776]

VM state:not at safepoint (normal execution)

VM Mutex/Monitor currently owned by a thread: None

Heap:
 def new generation   total 78656K, used 25302K [0x04200000, 0x09750000, 0x09750000)
  eden space 69952K,  36% used [0x04200000, 0x05ab5960, 0x08650000)
  from space 8704K,   0% used [0x08650000, 0x08650000, 0x08ed0000)
  to   space 8704K,   0% used [0x08ed0000, 0x08ed0000, 0x09750000)
 tenured generation   total 174784K, used 118327K [0x09750000, 0x14200000, 0x14200000)
   the space 174784K,  67% used [0x09750000, 0x10addff8, 0x10ade000, 0x14200000)
 Metaspace       used 4369K, capacity 4562K, committed 4608K, reserved 5504K

Card table byte_map: [0x14200000,0x14290000] byte_map_base: 0x141df000

Polling page: 0x00170000

CodeCache: size=32768Kb used=1899Kb max_used=1899Kb free=30868Kb
 bounds [0x021c0000, 0x023a0000, 0x041c0000]
 total_blobs=975 nmethods=725 adapters=180
 compilation: enabled

Compilation events (10 events):
Event: 16.087 Thread 0x02150400  726             Thread.scanMap::s1 (34 bytes)
Event: 16.087 Thread 0x02150400 nmethod 726 0x023954c8 code [0x02395600, 0x02395884]
Event: 16.092 Thread 0x02150400  727             sample.pixelSample::getId (5 bytes)
Event: 16.092 Thread 0x02150400 nmethod 727 0x02395d48 code [0x02395e40, 0x02395ec0]
Event: 16.094 Thread 0x02150400  728 %           Thread.sacanRegion::run @ 31 (187 bytes)
Event: 16.095 Thread 0x02150400 nmethod 728% 0x02395f08 code [0x023961c0, 0x02396ee8]
Event: 16.190 Thread 0x02150400  729             Thread.sacanRegion::run (187 bytes)
Event: 16.192 Thread 0x02150400 nmethod 729 0x02398688 code [0x02398930, 0x023994e8]
Event: 17.061 Thread 0x02150400  730             java.util.ArrayList::remove (69 bytes)
Event: 17.062 Thread 0x02150400 nmethod 730 0x0239aac8 code [0x0239abf0, 0x0239ae14]

GC Heap History (10 events):
Event: 15.398 GC heap before
{Heap before GC invocations=11 (full 2):
 def new generation   total 14080K, used 14080K [0x04200000, 0x05140000, 0x09750000)
  eden space 12544K, 100% used [0x04200000, 0x04e40000, 0x04e40000)
  from space 1536K, 100% used [0x04fc0000, 0x05140000, 0x05140000)
  to   space 1536K,   0% used [0x04e40000, 0x04e40000, 0x04fc0000)
 tenured generation   total 31180K, used 25708K [0x09750000, 0x0b5c3000, 0x14200000)
   the space 31180K,  82% used [0x09750000, 0x0b06b238, 0x0b06b400, 0x0b5c3000)
 Metaspace       used 4309K, capacity 4498K, committed 4608K, reserved 5504K
Event: 15.454 GC heap after
Heap after GC invocations=12 (full 3):
 def new generation   total 25856K, used 1479K [0x04200000, 0x05e00000, 0x09750000)
  eden space 23040K,   6% used [0x04200000, 0x04371fe0, 0x05880000)
  from space 2816K,   0% used [0x05880000, 0x05880000, 0x05b40000)
  to   space 2816K,   0% used [0x05b40000, 0x05b40000, 0x05e00000)
 tenured generation   total 57300K, used 34380K [0x09750000, 0x0cf45000, 0x14200000)
   the space 57300K,  60% used [0x09750000, 0x0b8e3000, 0x0b8e3000, 0x0cf45000)
 Metaspace       used 4309K, capacity 4498K, committed 4608K, reserved 5504K
}
Event: 15.474 GC heap before
{Heap before GC invocations=12 (full 3):
 def new generation   total 25856K, used 23040K [0x04200000, 0x05e00000, 0x09750000)
  eden space 23040K, 100% used [0x04200000, 0x05880000, 0x05880000)
  from space 2816K,   0% used [0x05880000, 0x05880000, 0x05b40000)
  to   space 2816K,   0% used [0x05b40000, 0x05b40000, 0x05e00000)
 tenured generation   total 57300K, used 34380K [0x09750000, 0x0cf45000, 0x14200000)
   the space 57300K,  60% used [0x09750000, 0x0b8e3000, 0x0b8e3000, 0x0cf45000)
 Metaspace       used 4309K, capacity 4498K, committed 4608K, reserved 5504K
Event: 15.511 GC heap after
Heap after GC invocations=13 (full 3):
 def new generation   total 25856K, used 2816K [0x04200000, 0x05e00000, 0x09750000)
  eden space 23040K,   0% used [0x04200000, 0x04200000, 0x05880000)
  from space 2816K, 100% used [0x05b40000, 0x05e00000, 0x05e00000)
  to   space 2816K,   0% used [0x05880000, 0x05880000, 0x05b40000)
 tenured generation   total 57300K, used 47192K [0x09750000, 0x0cf45000, 0x14200000)
   the space 57300K,  82% used [0x09750000, 0x0c566040, 0x0c566200, 0x0cf45000)
 Metaspace       used 4309K, capacity 4498K, committed 4608K, reserved 5504K
}
Event: 15.531 GC heap before
{Heap before GC invocations=13 (full 3):
 def new generation   total 25856K, used 24692K [0x04200000, 0x05e00000, 0x09750000)
  eden space 23040K,  94% used [0x04200000, 0x0575d378, 0x05880000)
  from space 2816K, 100% used [0x05b40000, 0x05e00000, 0x05e00000)
  to   space 2816K,   0% used [0x05880000, 0x05880000, 0x05b40000)
 tenured generation   total 57300K, used 47192K [0x09750000, 0x0cf45000, 0x14200000)
   the space 57300K,  82% used [0x09750000, 0x0c566040, 0x0c566200, 0x0cf45000)
 Metaspace       used 4309K, capacity 4498K, committed 4608K, reserved 5504K
Event: 15.677 GC heap after
Heap after GC invocations=14 (full 4):
 def new generation   total 47552K, used 144K [0x04200000, 0x07590000, 0x09750000)
  eden space 42304K,   0% used [0x04200000, 0x04224318, 0x06b50000)
  from space 5248K,   0% used [0x06b50000, 0x06b50000, 0x07070000)
  to   space 5248K,   0% used [0x07070000, 0x07070000, 0x07590000)
 tenured generation   total 105528K, used 63315K [0x09750000, 0x0fe5e000, 0x14200000)
   the space 105528K,  59% used [0x09750000, 0x0d524ff0, 0x0d525000, 0x0fe5e000)
 Metaspace       used 4309K, capacity 4498K, committed 4608K, reserved 5504K
}
Event: 15.713 GC heap before
{Heap before GC invocations=14 (full 4):
 def new generation   total 47552K, used 42304K [0x04200000, 0x07590000, 0x09750000)
  eden space 42304K, 100% used [0x04200000, 0x06b50000, 0x06b50000)
  from space 5248K,   0% used [0x06b50000, 0x06b50000, 0x07070000)
  to   space 5248K,   0% used [0x07070000, 0x07070000, 0x07590000)
 tenured generation   total 105528K, used 63315K [0x09750000, 0x0fe5e000, 0x14200000)
   the space 105528K,  59% used [0x09750000, 0x0d524ff0, 0x0d525000, 0x0fe5e000)
 Metaspace       used 4309K, capacity 4498K, committed 4608K, reserved 5504K
Event: 15.787 GC heap after
Heap after GC invocations=15 (full 4):
 def new generation   total 47552K, used 5248K [0x04200000, 0x07590000, 0x09750000)
  eden space 42304K,   0% used [0x04200000, 0x04200000, 0x06b50000)
  from space 5248K, 100% used [0x07070000, 0x07590000, 0x07590000)
  to   space 5248K,   0% used [0x06b50000, 0x06b50000, 0x07070000)
 tenured generation   total 105528K, used 86982K [0x09750000, 0x0fe5e000, 0x14200000)
   the space 105528K,  82% used [0x09750000, 0x0ec41980, 0x0ec41a00, 0x0fe5e000)
 Metaspace       used 4309K, capacity 4498K, committed 4608K, reserved 5504K
}
Event: 15.823 GC heap before
{Heap before GC invocations=15 (full 4):
 def new generation   total 47552K, used 47552K [0x04200000, 0x07590000, 0x09750000)
  eden space 42304K, 100% used [0x04200000, 0x06b50000, 0x06b50000)
  from space 5248K, 100% used [0x07070000, 0x07590000, 0x07590000)
  to   space 5248K,   0% used [0x06b50000, 0x06b50000, 0x07070000)
 tenured generation   total 105528K, used 86982K [0x09750000, 0x0fe5e000, 0x14200000)
   the space 105528K,  82% used [0x09750000, 0x0ec41980, 0x0ec41a00, 0x0fe5e000)
 Metaspace       used 4309K, capacity 4498K, committed 4608K, reserved 5504K
Event: 16.036 GC heap after
Heap after GC invocations=16 (full 5):
 def new generation   total 78656K, used 5165K [0x04200000, 0x09750000, 0x09750000)
  eden space 69952K,   7% used [0x04200000, 0x0470b4d8, 0x08650000)
  from space 8704K,   0% used [0x08650000, 0x08650000, 0x08ed0000)
  to   space 8704K,   0% used [0x08ed0000, 0x08ed0000, 0x09750000)
 tenured generation   total 174784K, used 118327K [0x09750000, 0x14200000, 0x14200000)
   the space 174784K,  67% used [0x09750000, 0x10addff8, 0x10ade000, 0x14200000)
 Metaspace       used 4309K, capacity 4498K, committed 4608K, reserved 5504K
}

Deoptimization events (0 events):
No events

Classes redefined (0 events):
No events

Internal exceptions (10 events):
Event: 1.150 Thread 0x0012cc00 Exception <a 'java/lang/ClassNotFoundException': javax/swing/JToolBarSeparator> (0x044c9fe8) thrown at [C:\workspace\8-2-build-windows-i586-cygwin\jdk8u191\11896\hotspot\src\share\vm\classfile\systemDictionary.cpp, line 210]
Event: 1.150 Thread 0x0012cc00 Exception <a 'java/lang/ClassNotFoundException': ToolBarSeparator> (0x044ca440) thrown at [C:\workspace\8-2-build-windows-i586-cygwin\jdk8u191\11896\hotspot\src\share\vm\classfile\systemDictionary.cpp, line 210]
Event: 1.151 Thread 0x0012cc00 Exception <a 'java/lang/ClassNotFoundException': ToolTip> (0x044caae8) thrown at [C:\workspace\8-2-build-windows-i586-cygwin\jdk8u191\11896\hotspot\src\share\vm\classfile\systemDictionary.cpp, line 210]
Event: 1.152 Thread 0x0012cc00 Exception <a 'java/lang/ClassNotFoundException': Tree> (0x044cb5d0) thrown at [C:\workspace\8-2-build-windows-i586-cygwin\jdk8u191\11896\hotspot\src\share\vm\classfile\systemDictionary.cpp, line 210]
Event: 1.152 Thread 0x0012cc00 Exception <a 'java/lang/ClassNotFoundException': Tree> (0x044cbc70) thrown at [C:\workspace\8-2-build-windows-i586-cygwin\jdk8u191\11896\hotspot\src\share\vm\classfile\systemDictionary.cpp, line 210]
Event: 1.152 Thread 0x0012cc00 Exception <a 'java/lang/ClassNotFoundException': javax/swing/JTreeCell> (0x044cbfa8) thrown at [C:\workspace\8-2-build-windows-i586-cygwin\jdk8u191\11896\hotspot\src\share\vm\classfile\systemDictionary.cpp, line 210]
Event: 1.152 Thread 0x0012cc00 Exception <a 'java/lang/ClassNotFoundException': TreeCell> (0x044cc3f0) thrown at [C:\workspace\8-2-build-windows-i586-cygwin\jdk8u191\11896\hotspot\src\share\vm\classfile\systemDictionary.cpp, line 210]
Event: 1.154 Thread 0x0012cc00 Exception <a 'java/lang/ClassNotFoundException': RootPane> (0x044ccd68) thrown at [C:\workspace\8-2-build-windows-i586-cygwin\jdk8u191\11896\hotspot\src\share\vm\classfile\systemDictionary.cpp, line 210]
Event: 1.434 Thread 0x159df400 Exception <a 'java/io/FileNotFoundException'> (0x045f7820) thrown at [C:\workspace\8-2-build-windows-i586-cygwin\jdk8u191\11896\hotspot\src\share\vm\prims\jni.cpp, line 709]
Event: 11.060 Thread 0x159a1c00 Exception <a 'java/lang/NoClassDefFoundError': org/apache/log4j/Category> (0x045329c8) thrown at [C:\workspace\8-2-build-windows-i586-cygwin\jdk8u191\11896\hotspot\src\share\vm\classfile\systemDictionary.cpp, line 199]

Events (10 events):
Event: 21.463 Executing VM operation: RevokeBias
Event: 21.463 Executing VM operation: RevokeBias done
Event: 21.463 Thread 0x158ad400 Thread exited: 0x158ad400
Event: 21.506 Executing VM operation: RevokeBias
Event: 21.506 Executing VM operation: RevokeBias done
Event: 21.506 Thread 0x158aa800 Thread exited: 0x158aa800
Event: 21.506 loading class JNI/HelloWorldJNI
Event: 21.506 loading class JNI/HelloWorldJNI done
Event: 21.916 loading class structures/Graph
Event: 21.916 loading class structures/Graph done


Dynamic libraries:
0x00a00000 - 0x00a33000 	C:\Program Files (x86)\Java\jdk1.8.0_191\bin\java.exe
0x77220000 - 0x773b0000 	C:\WINDOWS\SYSTEM32\ntdll.dll
0x73ec0000 - 0x73fa0000 	C:\WINDOWS\System32\KERNEL32.DLL
0x76930000 - 0x76b14000 	C:\WINDOWS\System32\KERNELBASE.dll
0x725f0000 - 0x7268d000 	C:\WINDOWS\SYSTEM32\apphelp.dll
0x76410000 - 0x76488000 	C:\WINDOWS\System32\ADVAPI32.dll
0x742a0000 - 0x7435f000 	C:\WINDOWS\System32\msvcrt.dll
0x763c0000 - 0x76404000 	C:\WINDOWS\System32\sechost.dll
0x75b80000 - 0x75c40000 	C:\WINDOWS\System32\RPCRT4.dll
0x73ae0000 - 0x73b00000 	C:\WINDOWS\System32\SspiCli.dll
0x73ad0000 - 0x73ada000 	C:\WINDOWS\System32\CRYPTBASE.dll
0x75b20000 - 0x75b78000 	C:\WINDOWS\System32\bcryptPrimitives.dll
0x74360000 - 0x744ed000 	C:\WINDOWS\System32\USER32.dll
0x74280000 - 0x74297000 	C:\WINDOWS\System32\win32u.dll
0x765e0000 - 0x76602000 	C:\WINDOWS\System32\GDI32.dll
0x73d50000 - 0x73eb4000 	C:\WINDOWS\System32\gdi32full.dll
0x76bd0000 - 0x76c4d000 	C:\WINDOWS\System32\msvcp_win.dll
0x75960000 - 0x75a7e000 	C:\WINDOWS\System32\ucrtbase.dll
0x731c0000 - 0x733c4000 	C:\WINDOWS\WinSxS\x86_microsoft.windows.common-controls_6595b64144ccf1df_6.0.17134.407_none_42f1d43a44dfbaef\COMCTL32.dll
0x74010000 - 0x7426c000 	C:\WINDOWS\System32\combase.dll
0x73d20000 - 0x73d46000 	C:\WINDOWS\System32\IMM32.DLL
0x5fbb0000 - 0x5fc6f000 	C:\Program Files (x86)\Java\jdk1.8.0_191\jre\bin\msvcr100.dll
0x59e80000 - 0x5a253000 	C:\Program Files (x86)\Java\jdk1.8.0_191\jre\bin\client\jvm.dll
0x76890000 - 0x76896000 	C:\WINDOWS\System32\PSAPI.DLL
0x6d440000 - 0x6d448000 	C:\WINDOWS\SYSTEM32\WSOCK32.dll
0x73b00000 - 0x73b67000 	C:\WINDOWS\System32\WS2_32.dll
0x6ab40000 - 0x6ab64000 	C:\WINDOWS\SYSTEM32\WINMM.dll
0x72d60000 - 0x72d68000 	C:\WINDOWS\SYSTEM32\VERSION.dll
0x6aae0000 - 0x6ab03000 	C:\WINDOWS\SYSTEM32\WINMMBASE.dll
0x75890000 - 0x758c9000 	C:\WINDOWS\System32\cfgmgr32.dll
0x65980000 - 0x6598c000 	C:\Program Files (x86)\Java\jdk1.8.0_191\jre\bin\verify.dll
0x65950000 - 0x65972000 	C:\Program Files (x86)\Java\jdk1.8.0_191\jre\bin\java.dll
0x65930000 - 0x65944000 	C:\Program Files (x86)\Java\jdk1.8.0_191\jre\bin\zip.dll
0x744f0000 - 0x7583a000 	C:\WINDOWS\System32\SHELL32.dll
0x758d0000 - 0x75958000 	C:\WINDOWS\System32\shcore.dll
0x75db0000 - 0x76369000 	C:\WINDOWS\System32\windows.storage.dll
0x75840000 - 0x75885000 	C:\WINDOWS\System32\shlwapi.dll
0x76bc0000 - 0x76bcf000 	C:\WINDOWS\System32\kernel.appcore.dll
0x73b90000 - 0x73ba8000 	C:\WINDOWS\System32\profapi.dll
0x76370000 - 0x763b5000 	C:\WINDOWS\System32\powrprof.dll
0x75c40000 - 0x75c48000 	C:\WINDOWS\System32\FLTLIB.DLL
0x59d30000 - 0x59e77000 	C:\Program Files (x86)\Java\jdk1.8.0_191\jre\bin\awt.dll
0x76b20000 - 0x76bb6000 	C:\WINDOWS\System32\OLEAUT32.dll
0x71e60000 - 0x71edc000 	C:\WINDOWS\system32\uxtheme.dll
0x76490000 - 0x765d3000 	C:\WINDOWS\System32\MSCTF.dll
0x71b50000 - 0x71b73000 	C:\WINDOWS\system32\dwmapi.dll
0x75cb0000 - 0x75dac000 	C:\WINDOWS\System32\ole32.dll
0x658f0000 - 0x65929000 	C:\Program Files (x86)\Java\jdk1.8.0_191\jre\bin\fontmanager.dll
0x59c50000 - 0x59d29000 	C:\WINDOWS\system32\opengl32.dll
0x5fb70000 - 0x5fbaf000 	C:\WINDOWS\SYSTEM32\GLU32.dll
0x768a0000 - 0x76923000 	C:\WINDOWS\System32\clbcatq.dll
0x6d940000 - 0x6dab1000 	C:\WINDOWS\SYSTEM32\WindowsCodecs.dll
0x71850000 - 0x7189f000 	C:\WINDOWS\system32\dataexchange.dll
0x703f0000 - 0x70642000 	C:\WINDOWS\system32\d3d11.dll
0x70650000 - 0x7078c000 	C:\WINDOWS\system32\dcomp.dll
0x717b0000 - 0x71848000 	C:\WINDOWS\system32\dxgi.dll
0x70280000 - 0x703e5000 	C:\WINDOWS\system32\twinapi.appcore.dll
0x72140000 - 0x7215a000 	C:\WINDOWS\system32\RMCLIENT.dll
0x5fb50000 - 0x5fb65000 	C:\Program Files (x86)\Java\jdk1.8.0_191\jre\bin\net.dll
0x722f0000 - 0x72346000 	C:\WINDOWS\system32\mswsock.dll
0x658e0000 - 0x658ef000 	C:\Program Files (x86)\Java\jdk1.8.0_191\jre\bin\nio.dll
0x5f770000 - 0x5f7a2000 	C:\Program Files (x86)\Java\jdk1.8.0_191\jre\bin\t2k.dll
0x59bd0000 - 0x59c4d000 	C:\WINDOWS\System32\TextInputFramework.dll
0x598e0000 - 0x5996b000 	C:\WINDOWS\System32\CoreMessaging.dll
0x59970000 - 0x59bcd000 	C:\WINDOWS\System32\CoreUIComponents.dll
0x72ce0000 - 0x72d09000 	C:\WINDOWS\SYSTEM32\ntmarta.dll
0x69f40000 - 0x6a016000 	C:\WINDOWS\SYSTEM32\wintypes.dll
0x5fb20000 - 0x5fb44000 	C:\Program Files (x86)\Java\jdk1.8.0_191\jre\bin\dcpr.dll
0x71f90000 - 0x7201e000 	C:\WINDOWS\SYSTEM32\DNSAPI.dll
0x74000000 - 0x74007000 	C:\WINDOWS\System32\NSI.dll
0x733d0000 - 0x73400000 	C:\WINDOWS\SYSTEM32\IPHLPAPI.DLL
0x71ee0000 - 0x71ee8000 	C:\Windows\System32\rasadhlp.dll
0x71ef0000 - 0x71f3f000 	C:\WINDOWS\System32\fwpuclnt.dll
0x72d70000 - 0x72d89000 	C:\WINDOWS\SYSTEM32\bcrypt.dll
0x72d40000 - 0x72d53000 	C:\WINDOWS\SYSTEM32\CRYPTSP.dll
0x72d10000 - 0x72d3f000 	C:\WINDOWS\system32\rsaenh.dll
0x71a80000 - 0x71aa1000 	C:\WINDOWS\SYSTEM32\USERENV.dll
0x61590000 - 0x615a3000 	C:\WINDOWS\SYSTEM32\dhcpcsvc6.DLL
0x71f70000 - 0x71f84000 	C:\WINDOWS\SYSTEM32\dhcpcsvc.DLL
0x5f740000 - 0x5f766000 	C:\Program Files (x86)\Java\jdk1.8.0_191\jre\bin\jpeg.dll
0x5f720000 - 0x5f740000 	C:\Program Files (x86)\Java\jdk1.8.0_191\jre\bin\sunec.dll
0x598d0000 - 0x598d9000 	C:\Program Files (x86)\Java\jdk1.8.0_191\jre\bin\sunmscapi.dll
0x766f0000 - 0x76886000 	C:\WINDOWS\System32\CRYPT32.dll
0x75a80000 - 0x75a8e000 	C:\WINDOWS\System32\MSASN1.dll
0x6b980000 - 0x6b9ff000 	C:\Users\USER\Documents\NetBeansProjects\JNITester\dist\Debug\MinGW-Windows\libJNITester.dll
0x6eb40000 - 0x6ec1d000 	C:\MinGW\bin\libgcc_s_dw2-1.dll
0x6fe40000 - 0x6ffb4000 	C:\MinGW\bin\libstdc++-6.dll
0x72b40000 - 0x72cc2000 	C:\WINDOWS\SYSTEM32\dbghelp.dll

VM Arguments:
jvm_args: -Dfile.encoding=UTF-8 
java_command: GUI.Menu
java_class_path (initial): C:\Program Files\NetBeans 8.2\java\modules\ext\AbsoluteLayout.jar;C:\Users\USER\Desktop\Biblioteca\JSON\java-json.jar;C:\Users\USER\Desktop\Biblioteca\HTTP\commons-codec-1.6.jar;C:\Users\USER\Desktop\Biblioteca\HTTP\commons-logging-1.1.3.jar;C:\Users\USER\Desktop\Biblioteca\HTTP\httpclient-4.3.6.jar;C:\Users\USER\Desktop\Biblioteca\HTTP\httpcore-4.3.3.jar;C:\Users\USER\Documents\NetBeansProjects\Femme-coccyx\build\classes
Launcher Type: SUN_STANDARD

Environment Variables:
PATH="C:\Program Files (x86)\Common Files\Oracle\Java\javapath;C:\MinGW\bin;C:\MinGW\msys\1.0\bin";C:\Program Files (x86)\Intel\iCLS Client\;C:\Program Files\Intel\iCLS Client\;C:\WINDOWS\system32;C:\WINDOWS;C:\WINDOWS\System32\Wbem;C:\WINDOWS\System32\WindowsPowerShell\v1.0\;C:\Program Files (x86)\Intel\Intel(R) Management Engine Components\DAL;C:\Program Files\Intel\Intel(R) Management Engine Components\DAL;C:\Program Files (x86)\Intel\Intel(R) Management Engine Components\IPT;C:\Program Files\Intel\Intel(R) Management Engine Components\IPT;C:\WINDOWS\System32\OpenSSH\;C:\MinGW\bin;C:\Users\USER\AppData\Local\Microsoft\WindowsApps;
USERNAME=Juanma
OS=Windows_NT
PROCESSOR_IDENTIFIER=Intel64 Family 6 Model 61 Stepping 4, GenuineIntel



---------------  S Y S T E M  ---------------

OS: Windows 10.0 , 64 bit Build 17134 (10.0.17134.1)

CPU:total 4 (initial active 4) (2 cores per cpu, 2 threads per core) family 6 model 61 stepping 4, cmov, cx8, fxsr, mmx, sse, sse2, sse3, ssse3, sse4.1, sse4.2, popcnt, avx, avx2, aes, clmul, erms, 3dnowpref, lzcnt, ht, tsc, tscinvbit, bmi1, bmi2, adx

Memory: 4k page, physical 8296720k(4153516k free), swap 9607440k(4680108k free)

vm_info: Java HotSpot(TM) Client VM (25.191-b12) for windows-x86 JRE (1.8.0_191-b12), built on Oct  6 2018 08:34:23 by "java_re" with MS VC++ 10.0 (VS2010)

time: Wed Nov 21 00:05:00 2018
elapsed time: 22 seconds (0d 0h 0m 22s)

