#
# A fatal error has been detected by the Java Runtime Environment:
#
#  EXCEPTION_ACCESS_VIOLATION (0xc0000005) at pc=0x17b61454, pid=11680, tid=0x000024f8
#
# JRE version: Java(TM) SE Runtime Environment (8.0_191-b12) (build 1.8.0_191-b12)
# Java VM: Java HotSpot(TM) Client VM (25.191-b12 mixed mode, sharing windows-x86 )
# Problematic frame:
# C  [libJNITester.dll+0x1454]
#
# Failed to write core dump. Minidumps are not enabled by default on client versions of Windows
#
# If you would like to submit a bug report, please visit:
#   http://bugreport.java.com/bugreport/crash.jsp
# The crash happened outside the Java Virtual Machine in native code.
# See problematic frame for where to report the bug.
#

---------------  T H R E A D  ---------------

Current thread (0x15a6e800):  JavaThread "AWT-EventQueue-0" [_thread_in_native, id=9464, stack(0x15f60000,0x15fb0000)]

siginfo: ExceptionCode=0xc0000005, reading address 0x00000000

Registers:
EAX=0x00000000, EBX=0x0073c780, ECX=0x9a8157c8, EDX=0x177d2ef0
ESP=0x15fae5a0, EBP=0x15fae5d8, ESI=0x17aa2268, EDI=0x15a6e800
EIP=0x17b61454, EFLAGS=0x00010206

Top of Stack: (sp=0x15fae5a0)
0x15fae5a0:   00000000 00000000 0000000c 15a6e800
0x15fae5b0:   0000000c 17aa2268 15fae628 15fae67c
0x15fae5c0:   0000000c 00000000 0073c780 0073c768
0x15fae5d0:   0073c768 17aa2268 15fae628 17b61dd7
0x15fae5e0:   00000000 17aa2270 15a6e800 00000000
0x15fae5f0:   00000000 00000000 17aa2270 15fae658
0x15fae600:   00000000 15fae748 16702808 15fae63c
0x15fae610:   5b020000 0073c768 00000000 15fae65c 

Instructions: (pc=0x17b61454)
0x17b61434:   16 00 00 89 c3 8b 45 e4 8b 40 04 89 04 24 89 d9
0x17b61444:   e8 db 2a 00 00 83 ec 04 89 5d f0 8b 45 e4 8b 00
0x17b61454:   8b 00 89 45 ec c7 45 f4 00 00 00 00 8b 45 f4 3b
0x17b61464:   45 ec 7f 29 8b 45 e4 8b 00 8b 55 f0 89 54 24 0c 


Register to memory mapping:

EAX=0x00000000 is an unknown value
EBX=0x0073c780 is an unknown value
ECX=0x9a8157c8 is an unknown value
EDX=0x177d2ef0 is an unknown value
ESP=0x15fae5a0 is pointing into the stack for thread: 0x15a6e800
EBP=0x15fae5d8 is pointing into the stack for thread: 0x15a6e800
ESI=0x17aa2268 is pointing into metadata
EDI=0x15a6e800 is a thread


Stack: [0x15f60000,0x15fb0000],  sp=0x15fae5a0,  free space=313k
Native frames: (J=compiled Java code, j=interpreted, Vv=VM code, C=native code)
C  [libJNITester.dll+0x1454]
C  [libJNITester.dll+0x1dd7]
C  [libJNITester.dll+0x275c]
j  JNI.HelloWorldJNI.nativePrint(Ljava/util/ArrayList;Lstructures/Graph;Ljava/util/HashMap;I)V+0
J 756% C1 GUI.Menu.jButton3ActionPerformed(Ljava/awt/event/ActionEvent;)V (656 bytes) @ 0x024923f8 [0x02490d10+0x16e8]
j  GUI.Menu.access$200(LGUI/Menu;Ljava/awt/event/ActionEvent;)V+2
j  GUI.Menu$3.actionPerformed(Ljava/awt/event/ActionEvent;)V+5
j  javax.swing.AbstractButton.fireActionPerformed(Ljava/awt/event/ActionEvent;)V+83
j  javax.swing.AbstractButton$Handler.actionPerformed(Ljava/awt/event/ActionEvent;)V+5
j  javax.swing.DefaultButtonModel.fireActionPerformed(Ljava/awt/event/ActionEvent;)V+34
j  javax.swing.DefaultButtonModel.setPressed(Z)V+117
j  javax.swing.plaf.basic.BasicButtonListener.mouseReleased(Ljava/awt/event/MouseEvent;)V+35
j  java.awt.Component.processMouseEvent(Ljava/awt/event/MouseEvent;)V+64
j  javax.swing.JComponent.processMouseEvent(Ljava/awt/event/MouseEvent;)V+23
j  java.awt.Component.processEvent(Ljava/awt/AWTEvent;)V+81
j  java.awt.Container.processEvent(Ljava/awt/AWTEvent;)V+18
j  java.awt.Component.dispatchEventImpl(Ljava/awt/AWTEvent;)V+589
j  java.awt.Container.dispatchEventImpl(Ljava/awt/AWTEvent;)V+42
j  java.awt.Component.dispatchEvent(Ljava/awt/AWTEvent;)V+2
j  java.awt.LightweightDispatcher.retargetMouseEvent(Ljava/awt/Component;ILjava/awt/event/MouseEvent;)V+349
j  java.awt.LightweightDispatcher.processMouseEvent(Ljava/awt/event/MouseEvent;)Z+155
j  java.awt.LightweightDispatcher.dispatchEvent(Ljava/awt/AWTEvent;)Z+50
j  java.awt.Container.dispatchEventImpl(Ljava/awt/AWTEvent;)V+12
j  java.awt.Window.dispatchEventImpl(Ljava/awt/AWTEvent;)V+19
j  java.awt.Component.dispatchEvent(Ljava/awt/AWTEvent;)V+2
j  java.awt.EventQueue.dispatchEventImpl(Ljava/awt/AWTEvent;Ljava/lang/Object;)V+41
j  java.awt.EventQueue.access$500(Ljava/awt/EventQueue;Ljava/awt/AWTEvent;Ljava/lang/Object;)V+3
j  java.awt.EventQueue$3.run()Ljava/lang/Void;+32
j  java.awt.EventQueue$3.run()Ljava/lang/Object;+1
v  ~StubRoutines::call_stub
V  [jvm.dll+0x15c315]
V  [jvm.dll+0x223ece]
V  [jvm.dll+0x15c3ae]
V  [jvm.dll+0x10c35f]
C  [java.dll+0x102f]
j  java.security.ProtectionDomain$JavaSecurityAccessImpl.doIntersectionPrivilege(Ljava/security/PrivilegedAction;Ljava/security/AccessControlContext;Ljava/security/AccessControlContext;)Ljava/lang/Object;+18
j  java.security.ProtectionDomain$JavaSecurityAccessImpl.doIntersectionPrivilege(Ljava/security/PrivilegedAction;Ljava/security/AccessControlContext;)Ljava/lang/Object;+6
j  java.awt.EventQueue$4.run()Ljava/lang/Void;+11
j  java.awt.EventQueue$4.run()Ljava/lang/Object;+1
v  ~StubRoutines::call_stub
V  [jvm.dll+0x15c315]
V  [jvm.dll+0x223ece]
V  [jvm.dll+0x15c3ae]
V  [jvm.dll+0x10c35f]
C  [java.dll+0x102f]
j  java.security.ProtectionDomain$JavaSecurityAccessImpl.doIntersectionPrivilege(Ljava/security/PrivilegedAction;Ljava/security/AccessControlContext;Ljava/security/AccessControlContext;)Ljava/lang/Object;+18
j  java.awt.EventQueue.dispatchEvent(Ljava/awt/AWTEvent;)V+73
j  java.awt.EventDispatchThread.pumpOneEventForFilters(I)V+140
j  java.awt.EventDispatchThread.pumpEventsForFilter(ILjava/awt/Conditional;Ljava/awt/EventFilter;)V+35
j  java.awt.EventDispatchThread.pumpEventsForHierarchy(ILjava/awt/Conditional;Ljava/awt/Component;)V+11
j  java.awt.EventDispatchThread.pumpEvents(ILjava/awt/Conditional;)V+4
j  java.awt.EventDispatchThread.pumpEvents(Ljava/awt/Conditional;)V+3
j  java.awt.EventDispatchThread.run()V+9
v  ~StubRoutines::call_stub
V  [jvm.dll+0x15c315]
V  [jvm.dll+0x223ece]
V  [jvm.dll+0x15c3ae]
V  [jvm.dll+0x15c536]
V  [jvm.dll+0x15c5a7]
V  [jvm.dll+0x1002ef]
V  [jvm.dll+0x17f550]
V  [jvm.dll+0x17fdca]
V  [jvm.dll+0x1c57a6]
C  [msvcr100.dll+0x5c556]
C  [msvcr100.dll+0x5c600]
C  [KERNEL32.DLL+0x18484]
C  [ntdll.dll+0x6302c]
C  [ntdll.dll+0x62ffa]
C  0x00000000

Java frames: (J=compiled Java code, j=interpreted, Vv=VM code)
j  JNI.HelloWorldJNI.nativePrint(Ljava/util/ArrayList;Lstructures/Graph;Ljava/util/HashMap;I)V+0
J 756% C1 GUI.Menu.jButton3ActionPerformed(Ljava/awt/event/ActionEvent;)V (656 bytes) @ 0x024923f8 [0x02490d10+0x16e8]
j  GUI.Menu.access$200(LGUI/Menu;Ljava/awt/event/ActionEvent;)V+2
j  GUI.Menu$3.actionPerformed(Ljava/awt/event/ActionEvent;)V+5
j  javax.swing.AbstractButton.fireActionPerformed(Ljava/awt/event/ActionEvent;)V+83
j  javax.swing.AbstractButton$Handler.actionPerformed(Ljava/awt/event/ActionEvent;)V+5
j  javax.swing.DefaultButtonModel.fireActionPerformed(Ljava/awt/event/ActionEvent;)V+34
j  javax.swing.DefaultButtonModel.setPressed(Z)V+117
j  javax.swing.plaf.basic.BasicButtonListener.mouseReleased(Ljava/awt/event/MouseEvent;)V+35
j  java.awt.Component.processMouseEvent(Ljava/awt/event/MouseEvent;)V+64
j  javax.swing.JComponent.processMouseEvent(Ljava/awt/event/MouseEvent;)V+23
j  java.awt.Component.processEvent(Ljava/awt/AWTEvent;)V+81
j  java.awt.Container.processEvent(Ljava/awt/AWTEvent;)V+18
j  java.awt.Component.dispatchEventImpl(Ljava/awt/AWTEvent;)V+589
j  java.awt.Container.dispatchEventImpl(Ljava/awt/AWTEvent;)V+42
j  java.awt.Component.dispatchEvent(Ljava/awt/AWTEvent;)V+2
j  java.awt.LightweightDispatcher.retargetMouseEvent(Ljava/awt/Component;ILjava/awt/event/MouseEvent;)V+349
j  java.awt.LightweightDispatcher.processMouseEvent(Ljava/awt/event/MouseEvent;)Z+155
j  java.awt.LightweightDispatcher.dispatchEvent(Ljava/awt/AWTEvent;)Z+50
j  java.awt.Container.dispatchEventImpl(Ljava/awt/AWTEvent;)V+12
j  java.awt.Window.dispatchEventImpl(Ljava/awt/AWTEvent;)V+19
j  java.awt.Component.dispatchEvent(Ljava/awt/AWTEvent;)V+2
j  java.awt.EventQueue.dispatchEventImpl(Ljava/awt/AWTEvent;Ljava/lang/Object;)V+41
j  java.awt.EventQueue.access$500(Ljava/awt/EventQueue;Ljava/awt/AWTEvent;Ljava/lang/Object;)V+3
j  java.awt.EventQueue$3.run()Ljava/lang/Void;+32
j  java.awt.EventQueue$3.run()Ljava/lang/Object;+1
v  ~StubRoutines::call_stub
J 227  java.security.AccessController.doPrivileged(Ljava/security/PrivilegedAction;Ljava/security/AccessControlContext;)Ljava/lang/Object; (0 bytes) @ 0x023b6107 [0x023b60a0+0x67]
j  java.security.ProtectionDomain$JavaSecurityAccessImpl.doIntersectionPrivilege(Ljava/security/PrivilegedAction;Ljava/security/AccessControlContext;Ljava/security/AccessControlContext;)Ljava/lang/Object;+18
j  java.security.ProtectionDomain$JavaSecurityAccessImpl.doIntersectionPrivilege(Ljava/security/PrivilegedAction;Ljava/security/AccessControlContext;)Ljava/lang/Object;+6
j  java.awt.EventQueue$4.run()Ljava/lang/Void;+11
j  java.awt.EventQueue$4.run()Ljava/lang/Object;+1
v  ~StubRoutines::call_stub
J 227  java.security.AccessController.doPrivileged(Ljava/security/PrivilegedAction;Ljava/security/AccessControlContext;)Ljava/lang/Object; (0 bytes) @ 0x023b6107 [0x023b60a0+0x67]
j  java.security.ProtectionDomain$JavaSecurityAccessImpl.doIntersectionPrivilege(Ljava/security/PrivilegedAction;Ljava/security/AccessControlContext;Ljava/security/AccessControlContext;)Ljava/lang/Object;+18
j  java.awt.EventQueue.dispatchEvent(Ljava/awt/AWTEvent;)V+73
j  java.awt.EventDispatchThread.pumpOneEventForFilters(I)V+140
j  java.awt.EventDispatchThread.pumpEventsForFilter(ILjava/awt/Conditional;Ljava/awt/EventFilter;)V+35
j  java.awt.EventDispatchThread.pumpEventsForHierarchy(ILjava/awt/Conditional;Ljava/awt/Component;)V+11
j  java.awt.EventDispatchThread.pumpEvents(ILjava/awt/Conditional;)V+4
j  java.awt.EventDispatchThread.pumpEvents(Ljava/awt/Conditional;)V+3
j  java.awt.EventDispatchThread.run()V+9
v  ~StubRoutines::call_stub

---------------  P R O C E S S  ---------------

Java Threads: ( => current thread )
  0x16776c00 JavaThread "Keep-Alive-Timer" daemon [_thread_blocked, id=5668, stack(0x16020000,0x16070000)]
  0x165b0c00 JavaThread "TimerQueue" daemon [_thread_blocked, id=11744, stack(0x17910000,0x17960000)]
  0x022ac800 JavaThread "DestroyJavaVM" [_thread_blocked, id=9560, stack(0x02030000,0x02080000)]
=>0x15a6e800 JavaThread "AWT-EventQueue-0" [_thread_in_native, id=9464, stack(0x15f60000,0x15fb0000)]
  0x15a54000 JavaThread "AWT-Windows" daemon [_thread_in_native, id=11888, stack(0x15de0000,0x15e30000)]
  0x15a53800 JavaThread "AWT-Shutdown" [_thread_blocked, id=6176, stack(0x15d50000,0x15da0000)]
  0x15a53000 JavaThread "Java2D Disposer" daemon [_thread_blocked, id=5512, stack(0x15cc0000,0x15d10000)]
  0x02217000 JavaThread "Service Thread" daemon [_thread_blocked, id=4684, stack(0x15890000,0x158e0000)]
  0x02200400 JavaThread "C1 CompilerThread0" daemon [_thread_blocked, id=6804, stack(0x15230000,0x15280000)]
  0x021ff400 JavaThread "Attach Listener" daemon [_thread_blocked, id=4980, stack(0x151a0000,0x151f0000)]
  0x021fd400 JavaThread "Signal Dispatcher" daemon [_thread_blocked, id=7416, stack(0x15110000,0x15160000)]
  0x021f4c00 JavaThread "Finalizer" daemon [_thread_blocked, id=11652, stack(0x144d0000,0x14520000)]
  0x02196c00 JavaThread "Reference Handler" daemon [_thread_blocked, id=9960, stack(0x14440000,0x14490000)]

Other Threads:
  0x02194000 VMThread [stack: 0x043a0000,0x043f0000] [id=9716]
  0x02235800 WatcherThread [stack: 0x15920000,0x15970000] [id=6336]

VM state:not at safepoint (normal execution)

VM Mutex/Monitor currently owned by a thread: None

Heap:
 def new generation   total 15296K, used 12346K [0x04400000, 0x05490000, 0x09950000)
  eden space 13632K,  90% used [0x04400000, 0x0500e848, 0x05150000)
  from space 1664K,   0% used [0x05150000, 0x05150000, 0x052f0000)
  to   space 1664K,   0% used [0x052f0000, 0x052f0000, 0x05490000)
 tenured generation   total 33788K, used 20271K [0x09950000, 0x0ba4f000, 0x14400000)
   the space 33788K,  59% used [0x09950000, 0x0ad1bf20, 0x0ad1c000, 0x0ba4f000)
 Metaspace       used 4519K, capacity 4731K, committed 4864K, reserved 5504K

Card table byte_map: [0x042b0000,0x04340000] byte_map_base: 0x0428e000

Polling page: 0x00700000

CodeCache: size=32768Kb used=1946Kb max_used=1946Kb free=30821Kb
 bounds [0x022b0000, 0x02498000, 0x042b0000]
 total_blobs=1003 nmethods=753 adapters=180
 compilation: enabled

Compilation events (10 events):
Event: 10.395 Thread 0x02200400  755 %           Thread.pix.sacanRegion::run @ 29 (186 bytes)
Event: 10.397 Thread 0x02200400 nmethod 755% 0x0248e008 code [0x0248e2d0, 0x0248f0e0]
Event: 10.397 Thread 0x02200400  756 %           GUI.Menu::jButton3ActionPerformed @ 379 (656 bytes)
Event: 10.401 Thread 0x02200400 nmethod 756% 0x02490808 code [0x02490d10, 0x02492ac0]
Event: 10.402 Thread 0x02200400  757             Thread.pix.sacanRegion::run (186 bytes)
Event: 10.404 Thread 0x02200400 nmethod 757 0x0235e9c8 code [0x0235ec80, 0x0235f900]
Event: 10.468 Thread 0x02200400  758             sample.pixelSample::getCantidad (5 bytes)
Event: 10.468 Thread 0x02200400 nmethod 758 0x0235e808 code [0x0235e900, 0x0235e980]
Event: 10.468 Thread 0x02200400  759   !         imgBuild.ProcessImage::getid (65 bytes)
Event: 10.469 Thread 0x02200400 nmethod 759 0x02496048 code [0x024961b0, 0x024964dc]

GC Heap History (10 events):
Event: 4.457 GC heap before
{Heap before GC invocations=6 (full 1):
 def new generation   total 8704K, used 7744K [0x04400000, 0x04d70000, 0x09950000)
  eden space 7744K, 100% used [0x04400000, 0x04b90000, 0x04b90000)
  from space 960K,   0% used [0x04b90000, 0x04b90000, 0x04c80000)
  to   space 960K,   0% used [0x04c80000, 0x04c80000, 0x04d70000)
 tenured generation   total 19276K, used 11564K [0x09950000, 0x0ac23000, 0x14400000)
   the space 19276K,  59% used [0x09950000, 0x0a49b138, 0x0a49b200, 0x0ac23000)
 Metaspace       used 2341K, capacity 2640K, committed 2752K, reserved 4480K
Event: 4.464 GC heap after
Heap after GC invocations=7 (full 1):
 def new generation   total 8704K, used 960K [0x04400000, 0x04d70000, 0x09950000)
  eden space 7744K,   0% used [0x04400000, 0x04400000, 0x04b90000)
  from space 960K, 100% used [0x04c80000, 0x04d70000, 0x04d70000)
  to   space 960K,   0% used [0x04b90000, 0x04b90000, 0x04c80000)
 tenured generation   total 19276K, used 12018K [0x09950000, 0x0ac23000, 0x14400000)
   the space 19276K,  62% used [0x09950000, 0x0a50cac0, 0x0a50cc00, 0x0ac23000)
 Metaspace       used 2341K, capacity 2640K, committed 2752K, reserved 4480K
}
Event: 5.030 GC heap before
{Heap before GC invocations=7 (full 1):
 def new generation   total 8704K, used 8704K [0x04400000, 0x04d70000, 0x09950000)
  eden space 7744K, 100% used [0x04400000, 0x04b90000, 0x04b90000)
  from space 960K, 100% used [0x04c80000, 0x04d70000, 0x04d70000)
  to   space 960K,   0% used [0x04b90000, 0x04b90000, 0x04c80000)
 tenured generation   total 19276K, used 12018K [0x09950000, 0x0ac23000, 0x14400000)
   the space 19276K,  62% used [0x09950000, 0x0a50cac0, 0x0a50cc00, 0x0ac23000)
 Metaspace       used 2783K, capacity 3008K, committed 3008K, reserved 4480K
Event: 5.036 GC heap after
Heap after GC invocations=8 (full 1):
 def new generation   total 8704K, used 959K [0x04400000, 0x04d70000, 0x09950000)
  eden space 7744K,   0% used [0x04400000, 0x04400000, 0x04b90000)
  from space 960K,  99% used [0x04b90000, 0x04c7fff8, 0x04c80000)
  to   space 960K,   0% used [0x04c80000, 0x04c80000, 0x04d70000)
 tenured generation   total 19276K, used 13322K [0x09950000, 0x0ac23000, 0x14400000)
   the space 19276K,  69% used [0x09950000, 0x0a6529d8, 0x0a652a00, 0x0ac23000)
 Metaspace       used 2783K, capacity 3008K, committed 3008K, reserved 4480K
}
Event: 6.769 GC heap before
{Heap before GC invocations=8 (full 1):
 def new generation   total 8704K, used 8703K [0x04400000, 0x04d70000, 0x09950000)
  eden space 7744K, 100% used [0x04400000, 0x04b90000, 0x04b90000)
  from space 960K,  99% used [0x04b90000, 0x04c7fff8, 0x04c80000)
  to   space 960K,   0% used [0x04c80000, 0x04c80000, 0x04d70000)
 tenured generation   total 19276K, used 13322K [0x09950000, 0x0ac23000, 0x14400000)
   the space 19276K,  69% used [0x09950000, 0x0a6529d8, 0x0a652a00, 0x0ac23000)
 Metaspace       used 3656K, capacity 3877K, committed 3904K, reserved 4480K
Event: 6.776 GC heap after
Heap after GC invocations=9 (full 1):
 def new generation   total 8704K, used 960K [0x04400000, 0x04d70000, 0x09950000)
  eden space 7744K,   0% used [0x04400000, 0x04400000, 0x04b90000)
  from space 960K, 100% used [0x04c80000, 0x04d70000, 0x04d70000)
  to   space 960K,   0% used [0x04b90000, 0x04b90000, 0x04c80000)
 tenured generation   total 19276K, used 14240K [0x09950000, 0x0ac23000, 0x14400000)
   the space 19276K,  73% used [0x09950000, 0x0a738250, 0x0a738400, 0x0ac23000)
 Metaspace       used 3656K, capacity 3877K, committed 3904K, reserved 4480K
}
Event: 10.255 GC heap before
{Heap before GC invocations=9 (full 1):
 def new generation   total 8704K, used 8704K [0x04400000, 0x04d70000, 0x09950000)
  eden space 7744K, 100% used [0x04400000, 0x04b90000, 0x04b90000)
  from space 960K, 100% used [0x04c80000, 0x04d70000, 0x04d70000)
  to   space 960K,   0% used [0x04b90000, 0x04b90000, 0x04c80000)
 tenured generation   total 19276K, used 14240K [0x09950000, 0x0ac23000, 0x14400000)
   the space 19276K,  73% used [0x09950000, 0x0a738250, 0x0a738400, 0x0ac23000)
 Metaspace       used 4461K, capacity 4650K, committed 4736K, reserved 5504K
Event: 10.268 GC heap after
Heap after GC invocations=10 (full 1):
 def new generation   total 8704K, used 960K [0x04400000, 0x04d70000, 0x09950000)
  eden space 7744K,   0% used [0x04400000, 0x04400000, 0x04b90000)
  from space 960K, 100% used [0x04b90000, 0x04c80000, 0x04c80000)
  to   space 960K,   0% used [0x04c80000, 0x04c80000, 0x04d70000)
 tenured generation   total 19276K, used 15955K [0x09950000, 0x0ac23000, 0x14400000)
   the space 19276K,  82% used [0x09950000, 0x0a8e4d70, 0x0a8e4e00, 0x0ac23000)
 Metaspace       used 4461K, capacity 4650K, committed 4736K, reserved 5504K
}
Event: 10.303 GC heap before
{Heap before GC invocations=10 (full 1):
 def new generation   total 8704K, used 8637K [0x04400000, 0x04d70000, 0x09950000)
  eden space 7744K,  99% used [0x04400000, 0x04b7f4d0, 0x04b90000)
  from space 960K, 100% used [0x04b90000, 0x04c80000, 0x04c80000)
  to   space 960K,   0% used [0x04c80000, 0x04c80000, 0x04d70000)
 tenured generation   total 19276K, used 15955K [0x09950000, 0x0ac23000, 0x14400000)
   the space 19276K,  82% used [0x09950000, 0x0a8e4d70, 0x0a8e4e00, 0x0ac23000)
 Metaspace       used 4461K, capacity 4650K, committed 4736K, reserved 5504K
Event: 10.371 GC heap after
Heap after GC invocations=11 (full 2):
 def new generation   total 15296K, used 0K [0x04400000, 0x05490000, 0x09950000)
  eden space 13632K,   0% used [0x04400000, 0x04400000, 0x05150000)
  from space 1664K,   0% used [0x05150000, 0x05150000, 0x052f0000)
  to   space 1664K,   0% used [0x052f0000, 0x052f0000, 0x05490000)
 tenured generation   total 33788K, used 20271K [0x09950000, 0x0ba4f000, 0x14400000)
   the space 33788K,  59% used [0x09950000, 0x0ad1bf20, 0x0ad1c000, 0x0ba4f000)
 Metaspace       used 4454K, capacity 4635K, committed 4736K, reserved 5504K
}

Deoptimization events (0 events):
No events

Classes redefined (0 events):
No events

Internal exceptions (10 events):
Event: 0.287 Thread 0x022ac800 Exception <a 'java/lang/ClassNotFoundException': javax/swing/JToolBarSeparator> (0x046cae20) thrown at [C:\workspace\8-2-build-windows-i586-cygwin\jdk8u191\11896\hotspot\src\share\vm\classfile\systemDictionary.cpp, line 210]
Event: 0.287 Thread 0x022ac800 Exception <a 'java/lang/ClassNotFoundException': ToolBarSeparator> (0x046cb278) thrown at [C:\workspace\8-2-build-windows-i586-cygwin\jdk8u191\11896\hotspot\src\share\vm\classfile\systemDictionary.cpp, line 210]
Event: 0.287 Thread 0x022ac800 Exception <a 'java/lang/ClassNotFoundException': ToolTip> (0x046cb920) thrown at [C:\workspace\8-2-build-windows-i586-cygwin\jdk8u191\11896\hotspot\src\share\vm\classfile\systemDictionary.cpp, line 210]
Event: 0.288 Thread 0x022ac800 Exception <a 'java/lang/ClassNotFoundException': Tree> (0x046cc408) thrown at [C:\workspace\8-2-build-windows-i586-cygwin\jdk8u191\11896\hotspot\src\share\vm\classfile\systemDictionary.cpp, line 210]
Event: 0.288 Thread 0x022ac800 Exception <a 'java/lang/ClassNotFoundException': Tree> (0x046ccaa8) thrown at [C:\workspace\8-2-build-windows-i586-cygwin\jdk8u191\11896\hotspot\src\share\vm\classfile\systemDictionary.cpp, line 210]
Event: 0.288 Thread 0x022ac800 Exception <a 'java/lang/ClassNotFoundException': javax/swing/JTreeCell> (0x046ccde0) thrown at [C:\workspace\8-2-build-windows-i586-cygwin\jdk8u191\11896\hotspot\src\share\vm\classfile\systemDictionary.cpp, line 210]
Event: 0.288 Thread 0x022ac800 Exception <a 'java/lang/ClassNotFoundException': TreeCell> (0x046cd228) thrown at [C:\workspace\8-2-build-windows-i586-cygwin\jdk8u191\11896\hotspot\src\share\vm\classfile\systemDictionary.cpp, line 210]
Event: 0.288 Thread 0x022ac800 Exception <a 'java/lang/ClassNotFoundException': RootPane> (0x046cdba0) thrown at [C:\workspace\8-2-build-windows-i586-cygwin\jdk8u191\11896\hotspot\src\share\vm\classfile\systemDictionary.cpp, line 210]
Event: 0.325 Thread 0x15aacc00 Exception <a 'java/io/FileNotFoundException'> (0x047f69d0) thrown at [C:\workspace\8-2-build-windows-i586-cygwin\jdk8u191\11896\hotspot\src\share\vm\prims\jni.cpp, line 709]
Event: 6.788 Thread 0x15a6e800 Exception <a 'java/lang/NoClassDefFoundError': org/apache/log4j/Category> (0x044307e0) thrown at [C:\workspace\8-2-build-windows-i586-cygwin\jdk8u191\11896\hotspot\src\share\vm\classfile\systemDictionary.cpp, line 199]

Events (10 events):
Event: 10.466 Executing VM operation: RevokeBias done
Event: 10.466 Thread 0x1598b400 Thread exited: 0x1598b400
Event: 10.467 Thread 0x1598bc00 Thread added: 0x1598bc00
Event: 10.468 Executing VM operation: RevokeBias
Event: 10.468 Executing VM operation: RevokeBias done
Event: 10.468 Thread 0x1598bc00 Thread exited: 0x1598bc00
Event: 10.469 loading class JNI/HelloWorldJNI
Event: 10.469 loading class JNI/HelloWorldJNI done
Event: 10.472 loading class structures/Graph
Event: 10.472 loading class structures/Graph done


Dynamic libraries:
0x00310000 - 0x00343000 	C:\Program Files (x86)\Java\jdk1.8.0_191\bin\java.exe
0x77220000 - 0x773b0000 	C:\WINDOWS\SYSTEM32\ntdll.dll
0x73ec0000 - 0x73fa0000 	C:\WINDOWS\System32\KERNEL32.DLL
0x76930000 - 0x76b14000 	C:\WINDOWS\System32\KERNELBASE.dll
0x73890000 - 0x7392d000 	C:\WINDOWS\SYSTEM32\apphelp.dll
0x76410000 - 0x76488000 	C:\WINDOWS\System32\ADVAPI32.dll
0x742a0000 - 0x7435f000 	C:\WINDOWS\System32\msvcrt.dll
0x763c0000 - 0x76404000 	C:\WINDOWS\System32\sechost.dll
0x75b80000 - 0x75c40000 	C:\WINDOWS\System32\RPCRT4.dll
0x73ae0000 - 0x73b00000 	C:\WINDOWS\System32\SspiCli.dll
0x73ad0000 - 0x73ada000 	C:\WINDOWS\System32\CRYPTBASE.dll
0x75b20000 - 0x75b78000 	C:\WINDOWS\System32\bcryptPrimitives.dll
0x74360000 - 0x744ed000 	C:\WINDOWS\System32\USER32.dll
0x74280000 - 0x74297000 	C:\WINDOWS\System32\win32u.dll
0x765e0000 - 0x76602000 	C:\WINDOWS\System32\GDI32.dll
0x73d50000 - 0x73eb4000 	C:\WINDOWS\System32\gdi32full.dll
0x76bd0000 - 0x76c4d000 	C:\WINDOWS\System32\msvcp_win.dll
0x75960000 - 0x75a7e000 	C:\WINDOWS\System32\ucrtbase.dll
0x73600000 - 0x73804000 	C:\WINDOWS\WinSxS\x86_microsoft.windows.common-controls_6595b64144ccf1df_6.0.17134.407_none_42f1d43a44dfbaef\COMCTL32.dll
0x74010000 - 0x7426c000 	C:\WINDOWS\System32\combase.dll
0x73d20000 - 0x73d46000 	C:\WINDOWS\System32\IMM32.DLL
0x5f600000 - 0x5f6bf000 	C:\Program Files (x86)\Java\jdk1.8.0_191\jre\bin\msvcr100.dll
0x5b0c0000 - 0x5b493000 	C:\Program Files (x86)\Java\jdk1.8.0_191\jre\bin\client\jvm.dll
0x76890000 - 0x76896000 	C:\WINDOWS\System32\PSAPI.DLL
0x72d60000 - 0x72d68000 	C:\WINDOWS\SYSTEM32\VERSION.dll
0x6d470000 - 0x6d494000 	C:\WINDOWS\SYSTEM32\WINMM.dll
0x6d440000 - 0x6d448000 	C:\WINDOWS\SYSTEM32\WSOCK32.dll
0x73b00000 - 0x73b67000 	C:\WINDOWS\System32\WS2_32.dll
0x6f2c0000 - 0x6f2e3000 	C:\WINDOWS\SYSTEM32\winmmbase.dll
0x75890000 - 0x758c9000 	C:\WINDOWS\System32\cfgmgr32.dll
0x72af0000 - 0x72afc000 	C:\Program Files (x86)\Java\jdk1.8.0_191\jre\bin\verify.dll
0x5bf50000 - 0x5bf72000 	C:\Program Files (x86)\Java\jdk1.8.0_191\jre\bin\java.dll
0x63e50000 - 0x63e64000 	C:\Program Files (x86)\Java\jdk1.8.0_191\jre\bin\zip.dll
0x744f0000 - 0x7583a000 	C:\WINDOWS\System32\SHELL32.dll
0x758d0000 - 0x75958000 	C:\WINDOWS\System32\shcore.dll
0x75db0000 - 0x76369000 	C:\WINDOWS\System32\windows.storage.dll
0x75840000 - 0x75885000 	C:\WINDOWS\System32\shlwapi.dll
0x76bc0000 - 0x76bcf000 	C:\WINDOWS\System32\kernel.appcore.dll
0x73b90000 - 0x73ba8000 	C:\WINDOWS\System32\profapi.dll
0x76370000 - 0x763b5000 	C:\WINDOWS\System32\powrprof.dll
0x75c40000 - 0x75c48000 	C:\WINDOWS\System32\FLTLIB.DLL
0x55190000 - 0x552d7000 	C:\Program Files (x86)\Java\jdk1.8.0_191\jre\bin\awt.dll
0x76b20000 - 0x76bb6000 	C:\WINDOWS\System32\OLEAUT32.dll
0x73470000 - 0x734ec000 	C:\WINDOWS\system32\uxtheme.dll
0x76490000 - 0x765d3000 	C:\WINDOWS\System32\MSCTF.dll
0x71af0000 - 0x71b13000 	C:\WINDOWS\system32\dwmapi.dll
0x75cb0000 - 0x75dac000 	C:\WINDOWS\System32\ole32.dll
0x5bf10000 - 0x5bf49000 	C:\Program Files (x86)\Java\jdk1.8.0_191\jre\bin\fontmanager.dll
0x550b0000 - 0x55189000 	C:\WINDOWS\system32\opengl32.dll
0x5bed0000 - 0x5bf0f000 	C:\WINDOWS\SYSTEM32\GLU32.dll
0x768a0000 - 0x76923000 	C:\WINDOWS\System32\clbcatq.dll
0x69c90000 - 0x69e01000 	C:\WINDOWS\SYSTEM32\WindowsCodecs.dll
0x6bac0000 - 0x6bb0f000 	C:\WINDOWS\system32\dataexchange.dll
0x6b980000 - 0x6babc000 	C:\WINDOWS\system32\dcomp.dll
0x6b720000 - 0x6b972000 	C:\WINDOWS\system32\d3d11.dll
0x6b680000 - 0x6b718000 	C:\WINDOWS\system32\dxgi.dll
0x72630000 - 0x72795000 	C:\WINDOWS\system32\twinapi.appcore.dll
0x73510000 - 0x7352a000 	C:\WINDOWS\system32\RMCLIENT.dll
0x5f5e0000 - 0x5f5f5000 	C:\Program Files (x86)\Java\jdk1.8.0_191\jre\bin\net.dll
0x722f0000 - 0x72346000 	C:\WINDOWS\system32\mswsock.dll
0x5bec0000 - 0x5becf000 	C:\Program Files (x86)\Java\jdk1.8.0_191\jre\bin\nio.dll
0x5be80000 - 0x5beb2000 	C:\Program Files (x86)\Java\jdk1.8.0_191\jre\bin\t2k.dll
0x6a260000 - 0x6a2dd000 	C:\WINDOWS\System32\TextInputFramework.dll
0x69f70000 - 0x69ffb000 	C:\WINDOWS\System32\CoreMessaging.dll
0x6a000000 - 0x6a25d000 	C:\WINDOWS\System32\CoreUIComponents.dll
0x72ce0000 - 0x72d09000 	C:\WINDOWS\SYSTEM32\ntmarta.dll
0x72550000 - 0x72626000 	C:\WINDOWS\SYSTEM32\wintypes.dll
0x5b640000 - 0x5b664000 	C:\Program Files (x86)\Java\jdk1.8.0_191\jre\bin\dcpr.dll
0x5b620000 - 0x5b640000 	C:\Program Files (x86)\Java\jdk1.8.0_191\jre\bin\sunec.dll
0x733d0000 - 0x73400000 	C:\WINDOWS\SYSTEM32\IPHLPAPI.DLL
0x74000000 - 0x74007000 	C:\WINDOWS\System32\NSI.dll
0x72820000 - 0x72833000 	C:\WINDOWS\SYSTEM32\dhcpcsvc6.DLL
0x72800000 - 0x72814000 	C:\WINDOWS\SYSTEM32\dhcpcsvc.DLL
0x72d40000 - 0x72d53000 	C:\WINDOWS\SYSTEM32\CRYPTSP.dll
0x72d10000 - 0x72d3f000 	C:\WINDOWS\system32\rsaenh.dll
0x72d70000 - 0x72d89000 	C:\WINDOWS\SYSTEM32\bcrypt.dll
0x71a80000 - 0x71aa1000 	C:\WINDOWS\SYSTEM32\USERENV.dll
0x5be70000 - 0x5be79000 	C:\Program Files (x86)\Java\jdk1.8.0_191\jre\bin\sunmscapi.dll
0x766f0000 - 0x76886000 	C:\WINDOWS\System32\CRYPT32.dll
0x75a80000 - 0x75a8e000 	C:\WINDOWS\System32\MSASN1.dll
0x71f90000 - 0x7201e000 	C:\WINDOWS\SYSTEM32\DNSAPI.dll
0x71ee0000 - 0x71ee8000 	C:\Windows\System32\rasadhlp.dll
0x71ef0000 - 0x71f3f000 	C:\WINDOWS\System32\fwpuclnt.dll
0x5b5f0000 - 0x5b616000 	C:\Program Files (x86)\Java\jdk1.8.0_191\jre\bin\jpeg.dll
0x5b5b0000 - 0x5b5e2000 	C:\Program Files (x86)\Java\jdk1.8.0_191\jre\bin\lcms.dll
0x17b60000 - 0x17bf9000 	C:\Users\USER\Documents\NetBeansProjects\JNITester\dist\Debug\MinGW-Windows\libJNITester.dll
0x6fe40000 - 0x6ffb4000 	C:\MinGW\bin\libstdc++-6.dll
0x6eb40000 - 0x6ec1d000 	C:\MinGW\bin\libgcc_s_dw2-1.dll
0x72b40000 - 0x72cc2000 	C:\WINDOWS\SYSTEM32\dbghelp.dll

VM Arguments:
jvm_args: -Dfile.encoding=UTF-8 
java_command: GUI.Menu
java_class_path (initial): C:\Program Files\NetBeans 8.2\java\modules\ext\AbsoluteLayout.jar;C:\Users\USER\Desktop\Biblioteca\JSON\java-json.jar;C:\Users\USER\Desktop\Biblioteca\HTTP\commons-codec-1.6.jar;C:\Users\USER\Desktop\Biblioteca\HTTP\commons-logging-1.1.3.jar;C:\Users\USER\Desktop\Biblioteca\HTTP\httpclient-4.3.6.jar;C:\Users\USER\Desktop\Biblioteca\HTTP\httpcore-4.3.3.jar;C:\Users\USER\Documents\NetBeansProjects\Femme-coccyx\build\classes
Launcher Type: SUN_STANDARD

Environment Variables:
PATH="C:\Program Files (x86)\Common Files\Oracle\Java\javapath;C:\MinGW\bin;C:\MinGW\msys\1.0\bin";C:\Program Files (x86)\Intel\iCLS Client\;C:\Program Files\Intel\iCLS Client\;C:\WINDOWS\system32;C:\WINDOWS;C:\WINDOWS\System32\Wbem;C:\WINDOWS\System32\WindowsPowerShell\v1.0\;C:\Program Files (x86)\Intel\Intel(R) Management Engine Components\DAL;C:\Program Files\Intel\Intel(R) Management Engine Components\DAL;C:\Program Files (x86)\Intel\Intel(R) Management Engine Components\IPT;C:\Program Files\Intel\Intel(R) Management Engine Components\IPT;C:\WINDOWS\System32\OpenSSH\;C:\MinGW\bin;C:\Users\USER\AppData\Local\Microsoft\WindowsApps;
USERNAME=Juanma
OS=Windows_NT
PROCESSOR_IDENTIFIER=Intel64 Family 6 Model 61 Stepping 4, GenuineIntel



---------------  S Y S T E M  ---------------

OS: Windows 10.0 , 64 bit Build 17134 (10.0.17134.1)

CPU:total 4 (initial active 4) (2 cores per cpu, 2 threads per core) family 6 model 61 stepping 4, cmov, cx8, fxsr, mmx, sse, sse2, sse3, ssse3, sse4.1, sse4.2, popcnt, avx, avx2, aes, clmul, erms, 3dnowpref, lzcnt, ht, tsc, tscinvbit, bmi1, bmi2, adx

Memory: 4k page, physical 8296720k(4206552k free), swap 9607440k(3013984k free)

vm_info: Java HotSpot(TM) Client VM (25.191-b12) for windows-x86 JRE (1.8.0_191-b12), built on Oct  6 2018 08:34:23 by "java_re" with MS VC++ 10.0 (VS2010)

time: Thu Nov 22 01:36:12 2018
elapsed time: 10 seconds (0d 0h 0m 10s)

