#
# A fatal error has been detected by the Java Runtime Environment:
#
#  EXCEPTION_ACCESS_VIOLATION (0xc0000005) at pc=0x6b981590, pid=3256, tid=0x00002b40
#
# JRE version: Java(TM) SE Runtime Environment (8.0_191-b12) (build 1.8.0_191-b12)
# Java VM: Java HotSpot(TM) Client VM (25.191-b12 mixed mode windows-x86 )
# Problematic frame:
# C  [libJNITester.dll+0x1590]
#
# Failed to write core dump. Minidumps are not enabled by default on client versions of Windows
#
# If you would like to submit a bug report, please visit:
#   http://bugreport.java.com/bugreport/crash.jsp
# The crash happened outside the Java Virtual Machine in native code.
# See problematic frame for where to report the bug.
#

---------------  T H R E A D  ---------------

Current thread (0x15fe9800):  JavaThread "AWT-EventQueue-0" [_thread_in_native, id=11072, stack(0x165c0000,0x16610000)]

siginfo: ExceptionCode=0xc0000005, reading address 0x00000004

Registers:
EAX=0x00000000, EBX=0x17daef28, ECX=0x18665f28, EDX=0x00000004
ESP=0x1660e1e0, EBP=0x1660e218, ESI=0x17daef20, EDI=0x15fe9800
EIP=0x6b981590, EFLAGS=0x00010202

Top of Stack: (sp=0x1660e1e0)
0x1660e1e0:   00000010 7726482e 00000000 00000000
0x1660e1f0:   00000010 1660e5ac 1660e218 742e72a0
0x1660e200:   01160000 00000000 00000010 00000000
0x1660e210:   00000010 17daef20 1660e238 6b98163d
0x1660e220:   17933090 1660e5ac 1660e238 6b981723
0x1660e230:   18665f28 17daef28 1660e268 6b98194e
0x1660e240:   17918d20 00001dee 1660e298 6fef73a9
0x1660e250:   00000010 00000001 1660e268 00000002 

Instructions: (pc=0x6b981590)
0x6b981570:   00 8d 50 01 8b 45 f4 89 10 8b 45 f4 c9 c3 55 89
0x6b981580:   e5 83 ec 38 8b 45 08 8b 40 08 89 45 f4 8b 45 f4
0x6b981590:   8b 40 04 89 45 f0 8b 45 f4 8b 55 08 89 50 04 8b
0x6b9815a0:   45 08 8b 55 f0 89 50 08 8b 45 08 8b 40 08 89 04 


Register to memory mapping:

EAX=0x00000000 is an unknown value
EBX={method} {0x17daef2c} 'nativePrint' '(Ljava/util/ArrayList;Lstructures/Graph;)V' in 'JNI/HelloWorldJNI'
ECX=0x18665f28 is an unknown value
EDX=0x00000004 is an unknown value
ESP=0x1660e1e0 is pointing into the stack for thread: 0x15fe9800
EBP=0x1660e218 is pointing into the stack for thread: 0x15fe9800
ESI=0x17daef20 is pointing into metadata
EDI=0x15fe9800 is a thread


Stack: [0x165c0000,0x16610000],  sp=0x1660e1e0,  free space=312k
Native frames: (J=compiled Java code, j=interpreted, Vv=VM code, C=native code)
C  [libJNITester.dll+0x1590]
C  [libJNITester.dll+0x163d]
C  [libJNITester.dll+0x194e]
C  [libJNITester.dll+0x1a90]
C  [libJNITester.dll+0x1a38]
C  [libJNITester.dll+0x1a38]
C  [libJNITester.dll+0x1a38]
C  [libJNITester.dll+0x1a0e]
C  [libJNITester.dll+0x1a38]
C  [libJNITester.dll+0x1a0e]
C  [libJNITester.dll+0x1a38]
C  [libJNITester.dll+0x1a0e]
C  [libJNITester.dll+0x1a0e]
C  [libJNITester.dll+0x1a38]
C  [libJNITester.dll+0x1a0e]
C  [libJNITester.dll+0x1a0e]
C  [libJNITester.dll+0x1a38]
C  [libJNITester.dll+0x1a0e]
C  [libJNITester.dll+0x1d01]
C  [libJNITester.dll+0x2688]
j  JNI.HelloWorldJNI.nativePrint(Ljava/util/ArrayList;Lstructures/Graph;)V+0
J 733% C1 GUI.Menu.jButton3ActionPerformed(Ljava/awt/event/ActionEvent;)V (498 bytes) @ 0x02d86734 [0x02d851c0+0x1574]
j  GUI.Menu.access$200(LGUI/Menu;Ljava/awt/event/ActionEvent;)V+2
j  GUI.Menu$3.actionPerformed(Ljava/awt/event/ActionEvent;)V+5
j  javax.swing.AbstractButton.fireActionPerformed(Ljava/awt/event/ActionEvent;)V+83
j  javax.swing.AbstractButton$Handler.actionPerformed(Ljava/awt/event/ActionEvent;)V+5
j  javax.swing.DefaultButtonModel.fireActionPerformed(Ljava/awt/event/ActionEvent;)V+34
j  javax.swing.DefaultButtonModel.setPressed(Z)V+117
j  javax.swing.plaf.basic.BasicButtonListener.mouseReleased(Ljava/awt/event/MouseEvent;)V+35
j  java.awt.Component.processMouseEvent(Ljava/awt/event/MouseEvent;)V+64
j  javax.swing.JComponent.processMouseEvent(Ljava/awt/event/MouseEvent;)V+23
j  java.awt.Component.processEvent(Ljava/awt/AWTEvent;)V+81
j  java.awt.Container.processEvent(Ljava/awt/AWTEvent;)V+18
j  java.awt.Component.dispatchEventImpl(Ljava/awt/AWTEvent;)V+589
j  java.awt.Container.dispatchEventImpl(Ljava/awt/AWTEvent;)V+42
j  java.awt.Component.dispatchEvent(Ljava/awt/AWTEvent;)V+2
j  java.awt.LightweightDispatcher.retargetMouseEvent(Ljava/awt/Component;ILjava/awt/event/MouseEvent;)V+349
j  java.awt.LightweightDispatcher.processMouseEvent(Ljava/awt/event/MouseEvent;)Z+155
j  java.awt.LightweightDispatcher.dispatchEvent(Ljava/awt/AWTEvent;)Z+50
j  java.awt.Container.dispatchEventImpl(Ljava/awt/AWTEvent;)V+12
j  java.awt.Window.dispatchEventImpl(Ljava/awt/AWTEvent;)V+19
j  java.awt.Component.dispatchEvent(Ljava/awt/AWTEvent;)V+2
j  java.awt.EventQueue.dispatchEventImpl(Ljava/awt/AWTEvent;Ljava/lang/Object;)V+41
j  java.awt.EventQueue.access$500(Ljava/awt/EventQueue;Ljava/awt/AWTEvent;Ljava/lang/Object;)V+3
j  java.awt.EventQueue$3.run()Ljava/lang/Void;+32
j  java.awt.EventQueue$3.run()Ljava/lang/Object;+1
v  ~StubRoutines::call_stub
V  [jvm.dll+0x15c315]
V  [jvm.dll+0x223ece]
V  [jvm.dll+0x15c3ae]
V  [jvm.dll+0x10c35f]
C  [java.dll+0x102f]
j  java.security.ProtectionDomain$JavaSecurityAccessImpl.doIntersectionPrivilege(Ljava/security/PrivilegedAction;Ljava/security/AccessControlContext;Ljava/security/AccessControlContext;)Ljava/lang/Object;+18
j  java.security.ProtectionDomain$JavaSecurityAccessImpl.doIntersectionPrivilege(Ljava/security/PrivilegedAction;Ljava/security/AccessControlContext;)Ljava/lang/Object;+6
j  java.awt.EventQueue$4.run()Ljava/lang/Void;+11
j  java.awt.EventQueue$4.run()Ljava/lang/Object;+1
v  ~StubRoutines::call_stub
V  [jvm.dll+0x15c315]
V  [jvm.dll+0x223ece]
V  [jvm.dll+0x15c3ae]
V  [jvm.dll+0x10c35f]
C  [java.dll+0x102f]
j  java.security.ProtectionDomain$JavaSecurityAccessImpl.doIntersectionPrivilege(Ljava/security/PrivilegedAction;Ljava/security/AccessControlContext;Ljava/security/AccessControlContext;)Ljava/lang/Object;+18
j  java.awt.EventQueue.dispatchEvent(Ljava/awt/AWTEvent;)V+73
j  java.awt.EventDispatchThread.pumpOneEventForFilters(I)V+140
j  java.awt.EventDispatchThread.pumpEventsForFilter(ILjava/awt/Conditional;Ljava/awt/EventFilter;)V+35
j  java.awt.EventDispatchThread.pumpEventsForHierarchy(ILjava/awt/Conditional;Ljava/awt/Component;)V+11
j  java.awt.EventDispatchThread.pumpEvents(ILjava/awt/Conditional;)V+4
j  java.awt.EventDispatchThread.pumpEvents(Ljava/awt/Conditional;)V+3
j  java.awt.EventDispatchThread.run()V+9
v  ~StubRoutines::call_stub
V  [jvm.dll+0x15c315]
V  [jvm.dll+0x223ece]
V  [jvm.dll+0x15c3ae]
V  [jvm.dll+0x15c536]
V  [jvm.dll+0x15c5a7]
V  [jvm.dll+0x1002ef]
V  [jvm.dll+0x17f550]
V  [jvm.dll+0x17fdca]
V  [jvm.dll+0x1c57a6]
C  [msvcr100.dll+0x5c556]
C  [msvcr100.dll+0x5c600]
C  [KERNEL32.DLL+0x18484]
C  [ntdll.dll+0x6302c]
C  [ntdll.dll+0x62ffa]
C  0x00000000

Java frames: (J=compiled Java code, j=interpreted, Vv=VM code)
j  JNI.HelloWorldJNI.nativePrint(Ljava/util/ArrayList;Lstructures/Graph;)V+0
J 733% C1 GUI.Menu.jButton3ActionPerformed(Ljava/awt/event/ActionEvent;)V (498 bytes) @ 0x02d86734 [0x02d851c0+0x1574]
j  GUI.Menu.access$200(LGUI/Menu;Ljava/awt/event/ActionEvent;)V+2
j  GUI.Menu$3.actionPerformed(Ljava/awt/event/ActionEvent;)V+5
j  javax.swing.AbstractButton.fireActionPerformed(Ljava/awt/event/ActionEvent;)V+83
j  javax.swing.AbstractButton$Handler.actionPerformed(Ljava/awt/event/ActionEvent;)V+5
j  javax.swing.DefaultButtonModel.fireActionPerformed(Ljava/awt/event/ActionEvent;)V+34
j  javax.swing.DefaultButtonModel.setPressed(Z)V+117
j  javax.swing.plaf.basic.BasicButtonListener.mouseReleased(Ljava/awt/event/MouseEvent;)V+35
j  java.awt.Component.processMouseEvent(Ljava/awt/event/MouseEvent;)V+64
j  javax.swing.JComponent.processMouseEvent(Ljava/awt/event/MouseEvent;)V+23
j  java.awt.Component.processEvent(Ljava/awt/AWTEvent;)V+81
j  java.awt.Container.processEvent(Ljava/awt/AWTEvent;)V+18
j  java.awt.Component.dispatchEventImpl(Ljava/awt/AWTEvent;)V+589
j  java.awt.Container.dispatchEventImpl(Ljava/awt/AWTEvent;)V+42
j  java.awt.Component.dispatchEvent(Ljava/awt/AWTEvent;)V+2
j  java.awt.LightweightDispatcher.retargetMouseEvent(Ljava/awt/Component;ILjava/awt/event/MouseEvent;)V+349
j  java.awt.LightweightDispatcher.processMouseEvent(Ljava/awt/event/MouseEvent;)Z+155
j  java.awt.LightweightDispatcher.dispatchEvent(Ljava/awt/AWTEvent;)Z+50
j  java.awt.Container.dispatchEventImpl(Ljava/awt/AWTEvent;)V+12
j  java.awt.Window.dispatchEventImpl(Ljava/awt/AWTEvent;)V+19
j  java.awt.Component.dispatchEvent(Ljava/awt/AWTEvent;)V+2
j  java.awt.EventQueue.dispatchEventImpl(Ljava/awt/AWTEvent;Ljava/lang/Object;)V+41
j  java.awt.EventQueue.access$500(Ljava/awt/EventQueue;Ljava/awt/AWTEvent;Ljava/lang/Object;)V+3
j  java.awt.EventQueue$3.run()Ljava/lang/Void;+32
j  java.awt.EventQueue$3.run()Ljava/lang/Object;+1
v  ~StubRoutines::call_stub
J 227  java.security.AccessController.doPrivileged(Ljava/security/PrivilegedAction;Ljava/security/AccessControlContext;)Ljava/lang/Object; (0 bytes) @ 0x02cb5e07 [0x02cb5da0+0x67]
j  java.security.ProtectionDomain$JavaSecurityAccessImpl.doIntersectionPrivilege(Ljava/security/PrivilegedAction;Ljava/security/AccessControlContext;Ljava/security/AccessControlContext;)Ljava/lang/Object;+18
j  java.security.ProtectionDomain$JavaSecurityAccessImpl.doIntersectionPrivilege(Ljava/security/PrivilegedAction;Ljava/security/AccessControlContext;)Ljava/lang/Object;+6
j  java.awt.EventQueue$4.run()Ljava/lang/Void;+11
j  java.awt.EventQueue$4.run()Ljava/lang/Object;+1
v  ~StubRoutines::call_stub
J 227  java.security.AccessController.doPrivileged(Ljava/security/PrivilegedAction;Ljava/security/AccessControlContext;)Ljava/lang/Object; (0 bytes) @ 0x02cb5e07 [0x02cb5da0+0x67]
j  java.security.ProtectionDomain$JavaSecurityAccessImpl.doIntersectionPrivilege(Ljava/security/PrivilegedAction;Ljava/security/AccessControlContext;Ljava/security/AccessControlContext;)Ljava/lang/Object;+18
j  java.awt.EventQueue.dispatchEvent(Ljava/awt/AWTEvent;)V+73
j  java.awt.EventDispatchThread.pumpOneEventForFilters(I)V+140
j  java.awt.EventDispatchThread.pumpEventsForFilter(ILjava/awt/Conditional;Ljava/awt/EventFilter;)V+35
j  java.awt.EventDispatchThread.pumpEventsForHierarchy(ILjava/awt/Conditional;Ljava/awt/Component;)V+11
j  java.awt.EventDispatchThread.pumpEvents(ILjava/awt/Conditional;)V+4
j  java.awt.EventDispatchThread.pumpEvents(Ljava/awt/Conditional;)V+3
j  java.awt.EventDispatchThread.run()V+9
v  ~StubRoutines::call_stub

---------------  P R O C E S S  ---------------

Java Threads: ( => current thread )
  0x1605ac00 JavaThread "TimerQueue" daemon [_thread_blocked, id=10152, stack(0x16650000,0x166a0000)]
  0x02bac800 JavaThread "DestroyJavaVM" [_thread_blocked, id=3536, stack(0x010c0000,0x01110000)]
=>0x15fe9800 JavaThread "AWT-EventQueue-0" [_thread_in_native, id=11072, stack(0x165c0000,0x16610000)]
  0x152a7c00 JavaThread "AWT-Windows" daemon [_thread_in_native, id=3596, stack(0x15a30000,0x15a80000)]
  0x152a7000 JavaThread "AWT-Shutdown" [_thread_blocked, id=7988, stack(0x159a0000,0x159f0000)]
  0x152a6400 JavaThread "Java2D Disposer" daemon [_thread_blocked, id=4752, stack(0x15910000,0x15960000)]
  0x150f6400 JavaThread "Service Thread" daemon [_thread_blocked, id=11084, stack(0x156e0000,0x15730000)]
  0x150ee000 JavaThread "C1 CompilerThread0" daemon [_thread_blocked, id=7692, stack(0x15650000,0x156a0000)]
  0x150ed000 JavaThread "Attach Listener" daemon [_thread_blocked, id=3472, stack(0x155c0000,0x15610000)]
  0x150eb000 JavaThread "Signal Dispatcher" daemon [_thread_blocked, id=5220, stack(0x15530000,0x15580000)]
  0x150da800 JavaThread "Finalizer" daemon [_thread_blocked, id=2640, stack(0x15390000,0x153e0000)]
  0x150d4800 JavaThread "Reference Handler" daemon [_thread_blocked, id=4708, stack(0x15300000,0x15350000)]

Other Threads:
  0x02a0dc00 VMThread [stack: 0x04bb0000,0x04c00000] [id=10708]
  0x150f9c00 WatcherThread [stack: 0x15770000,0x157c0000] [id=10056]

VM state:not at safepoint (normal execution)

VM Mutex/Monitor currently owned by a thread: None

Heap:
 def new generation   total 78656K, used 19985K [0x04c00000, 0x0a150000, 0x0a150000)
  eden space 69952K,  28% used [0x04c00000, 0x05f84658, 0x09050000)
  from space 8704K,   0% used [0x09050000, 0x09050000, 0x098d0000)
  to   space 8704K,   0% used [0x098d0000, 0x098d0000, 0x0a150000)
 tenured generation   total 174784K, used 134611K [0x0a150000, 0x14c00000, 0x14c00000)
   the space 174784K,  77% used [0x0a150000, 0x124c4ff8, 0x124c5000, 0x14c00000)
 Metaspace       used 12231K, capacity 12413K, committed 12544K, reserved 12672K

Card table byte_map: [0x02ae0000,0x02b70000] byte_map_base: 0x02aba000

Polling page: 0x00b30000

CodeCache: size=32768Kb used=1921Kb max_used=1921Kb free=30846Kb
 bounds [0x02bb0000, 0x02d98000, 0x04bb0000]
 total_blobs=983 nmethods=735 adapters=178
 compilation: enabled

Compilation events (10 events):
Event: 17.132 Thread 0x150ee000  736 %           Thread.sacanRegion::run @ 31 (196 bytes)
Event: 17.134 Thread 0x150ee000 nmethod 736% 0x02d89d48 code [0x02d8a010, 0x02d8ae20]
Event: 17.223 Thread 0x150ee000  737             Thread.sacanRegion::run (196 bytes)
Event: 17.225 Thread 0x150ee000 nmethod 737 0x02d8c6c8 code [0x02d8c980, 0x02d8d600]
Event: 17.879 Thread 0x150ee000  738             java.util.ArrayList::remove (69 bytes)
Event: 17.880 Thread 0x150ee000 nmethod 738 0x02c5ea08 code [0x02c5eb30, 0x02c5ed54]
Event: 23.444 Thread 0x150ee000  739 % !         imgBuild.ProcessImage::getid @ 10 (57 bytes)
Event: 23.445 Thread 0x150ee000 nmethod 739% 0x02d8ed48 code [0x02d8eed0, 0x02d8f3cc]
Event: 23.452 Thread 0x150ee000  740   !         imgBuild.ProcessImage::getid (57 bytes)
Event: 23.453 Thread 0x150ee000 nmethod 740 0x02d8fdc8 code [0x02d8ff50, 0x02d903cc]

GC Heap History (10 events):
Event: 16.609 GC heap before
{Heap before GC invocations=12 (full 2):
 def new generation   total 16576K, used 16576K [0x04c00000, 0x05df0000, 0x0a150000)
  eden space 14784K, 100% used [0x04c00000, 0x05a70000, 0x05a70000)
  from space 1792K, 100% used [0x05c30000, 0x05df0000, 0x05df0000)
  to   space 1792K,   0% used [0x05a70000, 0x05a70000, 0x05c30000)
 tenured generation   total 36636K, used 30311K [0x0a150000, 0x0c517000, 0x14c00000)
   the space 36636K,  82% used [0x0a150000, 0x0bee9c30, 0x0bee9e00, 0x0c517000)
 Metaspace       used 12171K, capacity 12381K, committed 12544K, reserved 12672K
Event: 16.686 GC heap after
Heap after GC invocations=13 (full 3):
 def new generation   total 30144K, used 1032K [0x04c00000, 0x06cb0000, 0x0a150000)
  eden space 26816K,   3% used [0x04c00000, 0x04d020e0, 0x06630000)
  from space 3328K,   0% used [0x06630000, 0x06630000, 0x06970000)
  to   space 3328K,   0% used [0x06970000, 0x06970000, 0x06cb0000)
 tenured generation   total 66912K, used 40145K [0x0a150000, 0x0e2a8000, 0x14c00000)
   the space 66912K,  59% used [0x0a150000, 0x0c884428, 0x0c884600, 0x0e2a8000)
 Metaspace       used 12171K, capacity 12381K, committed 12544K, reserved 12672K
}
Event: 16.712 GC heap before
{Heap before GC invocations=13 (full 3):
 def new generation   total 30144K, used 26816K [0x04c00000, 0x06cb0000, 0x0a150000)
  eden space 26816K, 100% used [0x04c00000, 0x06630000, 0x06630000)
  from space 3328K,   0% used [0x06630000, 0x06630000, 0x06970000)
  to   space 3328K,   0% used [0x06970000, 0x06970000, 0x06cb0000)
 tenured generation   total 66912K, used 40145K [0x0a150000, 0x0e2a8000, 0x14c00000)
   the space 66912K,  59% used [0x0a150000, 0x0c884428, 0x0c884600, 0x0e2a8000)
 Metaspace       used 12171K, capacity 12381K, committed 12544K, reserved 12672K
Event: 16.756 GC heap after
Heap after GC invocations=14 (full 3):
 def new generation   total 30144K, used 3328K [0x04c00000, 0x06cb0000, 0x0a150000)
  eden space 26816K,   0% used [0x04c00000, 0x04c00000, 0x06630000)
  from space 3328K, 100% used [0x06970000, 0x06cb0000, 0x06cb0000)
  to   space 3328K,   0% used [0x06630000, 0x06630000, 0x06970000)
 tenured generation   total 66912K, used 56210K [0x0a150000, 0x0e2a8000, 0x14c00000)
   the space 66912K,  84% used [0x0a150000, 0x0d8348b8, 0x0d834a00, 0x0e2a8000)
 Metaspace       used 12171K, capacity 12381K, committed 12544K, reserved 12672K
}
Event: 16.778 GC heap before
{Heap before GC invocations=14 (full 3):
 def new generation   total 30144K, used 30144K [0x04c00000, 0x06cb0000, 0x0a150000)
  eden space 26816K, 100% used [0x04c00000, 0x06630000, 0x06630000)
  from space 3328K, 100% used [0x06970000, 0x06cb0000, 0x06cb0000)
  to   space 3328K,   0% used [0x06630000, 0x06630000, 0x06970000)
 tenured generation   total 66912K, used 56210K [0x0a150000, 0x0e2a8000, 0x14c00000)
   the space 66912K,  84% used [0x0a150000, 0x0d8348b8, 0x0d834a00, 0x0e2a8000)
 Metaspace       used 12171K, capacity 12381K, committed 12544K, reserved 12672K
Event: 16.937 GC heap after
Heap after GC invocations=15 (full 4):
 def new generation   total 55680K, used 0K [0x04c00000, 0x08860000, 0x0a150000)
  eden space 49536K,   0% used [0x04c00000, 0x04c00000, 0x07c60000)
  from space 6144K,   0% used [0x07c60000, 0x07c60000, 0x08260000)
  to   space 6144K,   0% used [0x08260000, 0x08260000, 0x08860000)
 tenured generation   total 123616K, used 74169K [0x0a150000, 0x11a08000, 0x14c00000)
   the space 123616K,  59% used [0x0a150000, 0x0e9be4a8, 0x0e9be600, 0x11a08000)
 Metaspace       used 12171K, capacity 12381K, committed 12544K, reserved 12672K
}
Event: 16.985 GC heap before
{Heap before GC invocations=15 (full 4):
 def new generation   total 55680K, used 49536K [0x04c00000, 0x08860000, 0x0a150000)
  eden space 49536K, 100% used [0x04c00000, 0x07c60000, 0x07c60000)
  from space 6144K,   0% used [0x07c60000, 0x07c60000, 0x08260000)
  to   space 6144K,   0% used [0x08260000, 0x08260000, 0x08860000)
 tenured generation   total 123616K, used 74169K [0x0a150000, 0x11a08000, 0x14c00000)
   the space 123616K,  59% used [0x0a150000, 0x0e9be4a8, 0x0e9be600, 0x11a08000)
 Metaspace       used 12171K, capacity 12381K, committed 12544K, reserved 12672K
Event: 17.054 GC heap after
Heap after GC invocations=16 (full 4):
 def new generation   total 55680K, used 6143K [0x04c00000, 0x08860000, 0x0a150000)
  eden space 49536K,   0% used [0x04c00000, 0x04c00000, 0x07c60000)
  from space 6144K,  99% used [0x08260000, 0x0885fff8, 0x08860000)
  to   space 6144K,   0% used [0x07c60000, 0x07c60000, 0x08260000)
 tenured generation   total 123616K, used 105317K [0x0a150000, 0x11a08000, 0x14c00000)
   the space 123616K,  85% used [0x0a150000, 0x10829658, 0x10829800, 0x11a08000)
 Metaspace       used 12171K, capacity 12381K, committed 12544K, reserved 12672K
}
Event: 18.223 GC heap before
{Heap before GC invocations=16 (full 4):
 def new generation   total 55680K, used 55679K [0x04c00000, 0x08860000, 0x0a150000)
  eden space 49536K, 100% used [0x04c00000, 0x07c60000, 0x07c60000)
  from space 6144K,  99% used [0x08260000, 0x0885fff8, 0x08860000)
  to   space 6144K,   0% used [0x07c60000, 0x07c60000, 0x08260000)
 tenured generation   total 123616K, used 105317K [0x0a150000, 0x11a08000, 0x14c00000)
   the space 123616K,  85% used [0x0a150000, 0x10829658, 0x10829800, 0x11a08000)
 Metaspace       used 12228K, capacity 12413K, committed 12544K, reserved 12672K
Event: 18.494 GC heap after
Heap after GC invocations=17 (full 5):
 def new generation   total 78656K, used 2887K [0x04c00000, 0x0a150000, 0x0a150000)
  eden space 69952K,   4% used [0x04c00000, 0x04ed1d68, 0x09050000)
  from space 8704K,   0% used [0x09050000, 0x09050000, 0x098d0000)
  to   space 8704K,   0% used [0x098d0000, 0x098d0000, 0x0a150000)
 tenured generation   total 174784K, used 134611K [0x0a150000, 0x14c00000, 0x14c00000)
   the space 174784K,  77% used [0x0a150000, 0x124c4ff8, 0x124c5000, 0x14c00000)
 Metaspace       used 12228K, capacity 12413K, committed 12544K, reserved 12672K
}

Deoptimization events (0 events):
No events

Classes redefined (0 events):
No events

Internal exceptions (10 events):
Event: 0.211 Thread 0x02bac800 Exception <a 'java/lang/ClassNotFoundException': javax/swing/JToolBarSeparator> (0x04eca120) thrown at [C:\workspace\8-2-build-windows-i586-cygwin\jdk8u191\11896\hotspot\src\share\vm\classfile\systemDictionary.cpp, line 210]
Event: 0.211 Thread 0x02bac800 Exception <a 'java/lang/ClassNotFoundException': ToolBarSeparator> (0x04eca578) thrown at [C:\workspace\8-2-build-windows-i586-cygwin\jdk8u191\11896\hotspot\src\share\vm\classfile\systemDictionary.cpp, line 210]
Event: 0.211 Thread 0x02bac800 Exception <a 'java/lang/ClassNotFoundException': ToolTip> (0x04ecac20) thrown at [C:\workspace\8-2-build-windows-i586-cygwin\jdk8u191\11896\hotspot\src\share\vm\classfile\systemDictionary.cpp, line 210]
Event: 0.212 Thread 0x02bac800 Exception <a 'java/lang/ClassNotFoundException': Tree> (0x04ecb708) thrown at [C:\workspace\8-2-build-windows-i586-cygwin\jdk8u191\11896\hotspot\src\share\vm\classfile\systemDictionary.cpp, line 210]
Event: 0.212 Thread 0x02bac800 Exception <a 'java/lang/ClassNotFoundException': Tree> (0x04ecbda8) thrown at [C:\workspace\8-2-build-windows-i586-cygwin\jdk8u191\11896\hotspot\src\share\vm\classfile\systemDictionary.cpp, line 210]
Event: 0.212 Thread 0x02bac800 Exception <a 'java/lang/ClassNotFoundException': javax/swing/JTreeCell> (0x04ecc0e0) thrown at [C:\workspace\8-2-build-windows-i586-cygwin\jdk8u191\11896\hotspot\src\share\vm\classfile\systemDictionary.cpp, line 210]
Event: 0.212 Thread 0x02bac800 Exception <a 'java/lang/ClassNotFoundException': TreeCell> (0x04ecc528) thrown at [C:\workspace\8-2-build-windows-i586-cygwin\jdk8u191\11896\hotspot\src\share\vm\classfile\systemDictionary.cpp, line 210]
Event: 0.213 Thread 0x02bac800 Exception <a 'java/lang/ClassNotFoundException': RootPane> (0x04eccee0) thrown at [C:\workspace\8-2-build-windows-i586-cygwin\jdk8u191\11896\hotspot\src\share\vm\classfile\systemDictionary.cpp, line 210]
Event: 0.259 Thread 0x15ff2c00 Exception <a 'java/io/FileNotFoundException'> (0x04fec268) thrown at [C:\workspace\8-2-build-windows-i586-cygwin\jdk8u191\11896\hotspot\src\share\vm\prims\jni.cpp, line 709]
Event: 11.404 Thread 0x15fe9800 Exception <a 'java/lang/NoClassDefFoundError': org/apache/log4j/Category> (0x05233c40) thrown at [C:\workspace\8-2-build-windows-i586-cygwin\jdk8u191\11896\hotspot\src\share\vm\classfile\systemDictionary.cpp, line 199]

Events (10 events):
Event: 22.728 Thread 0x16281400 Thread exited: 0x16281400
Event: 22.814 Thread 0x16254c00 Thread exited: 0x16254c00
Event: 23.335 Thread 0x1517c800 Thread exited: 0x1517c800
Event: 23.370 Thread 0x1517d800 Thread exited: 0x1517d800
Event: 23.392 Thread 0x1517cc00 Thread exited: 0x1517cc00
Event: 23.443 Thread 0x1517e400 Thread exited: 0x1517e400
Event: 23.449 loading class JNI/HelloWorldJNI
Event: 23.449 loading class JNI/HelloWorldJNI done
Event: 23.451 loading class structures/Graph
Event: 23.451 loading class structures/Graph done


Dynamic libraries:
0x00a00000 - 0x00a33000 	C:\Program Files (x86)\Java\jdk1.8.0_191\bin\java.exe
0x77220000 - 0x773b0000 	C:\WINDOWS\SYSTEM32\ntdll.dll
0x73ec0000 - 0x73fa0000 	C:\WINDOWS\System32\KERNEL32.DLL
0x76930000 - 0x76b14000 	C:\WINDOWS\System32\KERNELBASE.dll
0x725f0000 - 0x7268d000 	C:\WINDOWS\SYSTEM32\apphelp.dll
0x76410000 - 0x76488000 	C:\WINDOWS\System32\ADVAPI32.dll
0x742a0000 - 0x7435f000 	C:\WINDOWS\System32\msvcrt.dll
0x763c0000 - 0x76404000 	C:\WINDOWS\System32\sechost.dll
0x75b80000 - 0x75c40000 	C:\WINDOWS\System32\RPCRT4.dll
0x73ae0000 - 0x73b00000 	C:\WINDOWS\System32\SspiCli.dll
0x73ad0000 - 0x73ada000 	C:\WINDOWS\System32\CRYPTBASE.dll
0x75b20000 - 0x75b78000 	C:\WINDOWS\System32\bcryptPrimitives.dll
0x74360000 - 0x744ed000 	C:\WINDOWS\System32\USER32.dll
0x74280000 - 0x74297000 	C:\WINDOWS\System32\win32u.dll
0x765e0000 - 0x76602000 	C:\WINDOWS\System32\GDI32.dll
0x73d50000 - 0x73eb4000 	C:\WINDOWS\System32\gdi32full.dll
0x76bd0000 - 0x76c4d000 	C:\WINDOWS\System32\msvcp_win.dll
0x75960000 - 0x75a7e000 	C:\WINDOWS\System32\ucrtbase.dll
0x731c0000 - 0x733c4000 	C:\WINDOWS\WinSxS\x86_microsoft.windows.common-controls_6595b64144ccf1df_6.0.17134.407_none_42f1d43a44dfbaef\COMCTL32.dll
0x74010000 - 0x7426c000 	C:\WINDOWS\System32\combase.dll
0x73d20000 - 0x73d46000 	C:\WINDOWS\System32\IMM32.DLL
0x73a10000 - 0x73acf000 	C:\Program Files (x86)\Java\jdk1.8.0_191\jre\bin\msvcr100.dll
0x59e80000 - 0x5a253000 	C:\Program Files (x86)\Java\jdk1.8.0_191\jre\bin\client\jvm.dll
0x76890000 - 0x76896000 	C:\WINDOWS\System32\PSAPI.DLL
0x6d440000 - 0x6d448000 	C:\WINDOWS\SYSTEM32\WSOCK32.dll
0x6ab40000 - 0x6ab64000 	C:\WINDOWS\SYSTEM32\WINMM.dll
0x72d60000 - 0x72d68000 	C:\WINDOWS\SYSTEM32\VERSION.dll
0x73b00000 - 0x73b67000 	C:\WINDOWS\System32\WS2_32.dll
0x6aae0000 - 0x6ab03000 	C:\WINDOWS\SYSTEM32\WINMMBASE.dll
0x75890000 - 0x758c9000 	C:\WINDOWS\System32\cfgmgr32.dll
0x73a00000 - 0x73a0c000 	C:\Program Files (x86)\Java\jdk1.8.0_191\jre\bin\verify.dll
0x65960000 - 0x65982000 	C:\Program Files (x86)\Java\jdk1.8.0_191\jre\bin\java.dll
0x739e0000 - 0x739f4000 	C:\Program Files (x86)\Java\jdk1.8.0_191\jre\bin\zip.dll
0x744f0000 - 0x7583a000 	C:\WINDOWS\System32\SHELL32.dll
0x758d0000 - 0x75958000 	C:\WINDOWS\System32\shcore.dll
0x75db0000 - 0x76369000 	C:\WINDOWS\System32\windows.storage.dll
0x75840000 - 0x75885000 	C:\WINDOWS\System32\shlwapi.dll
0x76bc0000 - 0x76bcf000 	C:\WINDOWS\System32\kernel.appcore.dll
0x73b90000 - 0x73ba8000 	C:\WINDOWS\System32\profapi.dll
0x76370000 - 0x763b5000 	C:\WINDOWS\System32\powrprof.dll
0x75c40000 - 0x75c48000 	C:\WINDOWS\System32\FLTLIB.DLL
0x5fb20000 - 0x5fc67000 	C:\Program Files (x86)\Java\jdk1.8.0_191\jre\bin\awt.dll
0x76b20000 - 0x76bb6000 	C:\WINDOWS\System32\OLEAUT32.dll
0x71e60000 - 0x71edc000 	C:\WINDOWS\system32\uxtheme.dll
0x76490000 - 0x765d3000 	C:\WINDOWS\System32\MSCTF.dll
0x71b50000 - 0x71b73000 	C:\WINDOWS\system32\dwmapi.dll
0x75cb0000 - 0x75dac000 	C:\WINDOWS\System32\ole32.dll
0x65920000 - 0x65959000 	C:\Program Files (x86)\Java\jdk1.8.0_191\jre\bin\fontmanager.dll
0x59da0000 - 0x59e79000 	C:\WINDOWS\system32\opengl32.dll
0x658e0000 - 0x6591f000 	C:\WINDOWS\SYSTEM32\GLU32.dll
0x768a0000 - 0x76923000 	C:\WINDOWS\System32\clbcatq.dll
0x6d940000 - 0x6dab1000 	C:\WINDOWS\SYSTEM32\WindowsCodecs.dll
0x71850000 - 0x7189f000 	C:\WINDOWS\system32\dataexchange.dll
0x703f0000 - 0x70642000 	C:\WINDOWS\system32\d3d11.dll
0x70650000 - 0x7078c000 	C:\WINDOWS\system32\dcomp.dll
0x717b0000 - 0x71848000 	C:\WINDOWS\system32\dxgi.dll
0x70280000 - 0x703e5000 	C:\WINDOWS\system32\twinapi.appcore.dll
0x72140000 - 0x7215a000 	C:\WINDOWS\system32\RMCLIENT.dll
0x5f790000 - 0x5f7a5000 	C:\Program Files (x86)\Java\jdk1.8.0_191\jre\bin\net.dll
0x722f0000 - 0x72346000 	C:\WINDOWS\system32\mswsock.dll
0x5f780000 - 0x5f78f000 	C:\Program Files (x86)\Java\jdk1.8.0_191\jre\bin\nio.dll
0x5f740000 - 0x5f772000 	C:\Program Files (x86)\Java\jdk1.8.0_191\jre\bin\t2k.dll
0x59d20000 - 0x59d9d000 	C:\WINDOWS\System32\TextInputFramework.dll
0x59ac0000 - 0x59d1d000 	C:\WINDOWS\System32\CoreUIComponents.dll
0x59a30000 - 0x59abb000 	C:\WINDOWS\System32\CoreMessaging.dll
0x72ce0000 - 0x72d09000 	C:\WINDOWS\SYSTEM32\ntmarta.dll
0x69f40000 - 0x6a016000 	C:\WINDOWS\SYSTEM32\wintypes.dll
0x59a00000 - 0x59a24000 	C:\Program Files (x86)\Java\jdk1.8.0_191\jre\bin\dcpr.dll
0x5f720000 - 0x5f740000 	C:\Program Files (x86)\Java\jdk1.8.0_191\jre\bin\sunec.dll
0x733d0000 - 0x73400000 	C:\WINDOWS\SYSTEM32\IPHLPAPI.DLL
0x74000000 - 0x74007000 	C:\WINDOWS\System32\NSI.dll
0x61590000 - 0x615a3000 	C:\WINDOWS\SYSTEM32\dhcpcsvc6.DLL
0x71f70000 - 0x71f84000 	C:\WINDOWS\SYSTEM32\dhcpcsvc.DLL
0x72d40000 - 0x72d53000 	C:\WINDOWS\SYSTEM32\CRYPTSP.dll
0x72d10000 - 0x72d3f000 	C:\WINDOWS\system32\rsaenh.dll
0x72d70000 - 0x72d89000 	C:\WINDOWS\SYSTEM32\bcrypt.dll
0x71a80000 - 0x71aa1000 	C:\WINDOWS\SYSTEM32\USERENV.dll
0x599f0000 - 0x599f9000 	C:\Program Files (x86)\Java\jdk1.8.0_191\jre\bin\sunmscapi.dll
0x766f0000 - 0x76886000 	C:\WINDOWS\System32\CRYPT32.dll
0x75a80000 - 0x75a8e000 	C:\WINDOWS\System32\MSASN1.dll
0x71f90000 - 0x7201e000 	C:\WINDOWS\SYSTEM32\DNSAPI.dll
0x71ee0000 - 0x71ee8000 	C:\Windows\System32\rasadhlp.dll
0x71ef0000 - 0x71f3f000 	C:\WINDOWS\System32\fwpuclnt.dll
0x599c0000 - 0x599e6000 	C:\Program Files (x86)\Java\jdk1.8.0_191\jre\bin\jpeg.dll
0x6b980000 - 0x6b9ff000 	C:\Users\USER\Documents\NetBeansProjects\JNITester\dist\Debug\MinGW-Windows\libJNITester.dll
0x6fe40000 - 0x6ffb4000 	C:\MinGW\bin\libstdc++-6.dll
0x6eb40000 - 0x6ec1d000 	C:\MinGW\bin\libgcc_s_dw2-1.dll
0x72b40000 - 0x72cc2000 	C:\WINDOWS\SYSTEM32\dbghelp.dll

VM Arguments:
jvm_args: -Dfile.encoding=UTF-8 
java_command: GUI.Menu
java_class_path (initial): C:\Program Files\NetBeans 8.2\java\modules\ext\AbsoluteLayout.jar;C:\Users\USER\Desktop\Biblioteca\JSON\java-json.jar;C:\Users\USER\Desktop\Biblioteca\HTTP\commons-codec-1.6.jar;C:\Users\USER\Desktop\Biblioteca\HTTP\commons-logging-1.1.3.jar;C:\Users\USER\Desktop\Biblioteca\HTTP\httpclient-4.3.6.jar;C:\Users\USER\Desktop\Biblioteca\HTTP\httpcore-4.3.3.jar;C:\Users\USER\Documents\NetBeansProjects\Femme-coccyx\build\classes
Launcher Type: SUN_STANDARD

Environment Variables:
PATH="C:\Program Files (x86)\Common Files\Oracle\Java\javapath;C:\MinGW\bin;C:\MinGW\msys\1.0\bin";C:\Program Files (x86)\Intel\iCLS Client\;C:\Program Files\Intel\iCLS Client\;C:\WINDOWS\system32;C:\WINDOWS;C:\WINDOWS\System32\Wbem;C:\WINDOWS\System32\WindowsPowerShell\v1.0\;C:\Program Files (x86)\Intel\Intel(R) Management Engine Components\DAL;C:\Program Files\Intel\Intel(R) Management Engine Components\DAL;C:\Program Files (x86)\Intel\Intel(R) Management Engine Components\IPT;C:\Program Files\Intel\Intel(R) Management Engine Components\IPT;C:\WINDOWS\System32\OpenSSH\;C:\MinGW\bin;C:\Users\USER\AppData\Local\Microsoft\WindowsApps;
USERNAME=Juanma
OS=Windows_NT
PROCESSOR_IDENTIFIER=Intel64 Family 6 Model 61 Stepping 4, GenuineIntel



---------------  S Y S T E M  ---------------

OS: Windows 10.0 , 64 bit Build 17134 (10.0.17134.1)

CPU:total 4 (initial active 4) (2 cores per cpu, 2 threads per core) family 6 model 61 stepping 4, cmov, cx8, fxsr, mmx, sse, sse2, sse3, ssse3, sse4.1, sse4.2, popcnt, avx, avx2, aes, clmul, erms, 3dnowpref, lzcnt, ht, tsc, tscinvbit, bmi1, bmi2, adx

Memory: 4k page, physical 8296720k(4082232k free), swap 9607440k(4037488k free)

vm_info: Java HotSpot(TM) Client VM (25.191-b12) for windows-x86 JRE (1.8.0_191-b12), built on Oct  6 2018 08:34:23 by "java_re" with MS VC++ 10.0 (VS2010)

time: Wed Nov 21 00:41:30 2018
elapsed time: 23 seconds (0d 0h 0m 23s)

