#
# A fatal error has been detected by the Java Runtime Environment:
#
#  EXCEPTION_ACCESS_VIOLATION (0xc0000005) at pc=0x6b981590, pid=9172, tid=0x000023f4
#
# JRE version: Java(TM) SE Runtime Environment (8.0_191-b12) (build 1.8.0_191-b12)
# Java VM: Java HotSpot(TM) Client VM (25.191-b12 mixed mode, sharing windows-x86 )
# Problematic frame:
# C  [libJNITester.dll+0x1590]
#
# Failed to write core dump. Minidumps are not enabled by default on client versions of Windows
#
# If you would like to submit a bug report, please visit:
#   http://bugreport.java.com/bugreport/crash.jsp
# The crash happened outside the Java Virtual Machine in native code.
# See problematic frame for where to report the bug.
#

---------------  T H R E A D  ---------------

Current thread (0x15a2dc00):  JavaThread "AWT-EventQueue-0" [_thread_in_native, id=9204, stack(0x15e30000,0x15e80000)]

siginfo: ExceptionCode=0xc0000005, reading address 0x00000004

Registers:
EAX=0x00000000, EBX=0x179d73c8, ECX=0x179a3030, EDX=0x00000004
ESP=0x15e7dd00, EBP=0x15e7dd38, ESI=0x179d73c0, EDI=0x15a2dc00
EIP=0x6b981590, EFLAGS=0x00010206

Top of Stack: (sp=0x15e7dd00)
0x15e7dd00:   00000010 7726482e 00000000 00000000
0x15e7dd10:   00000010 15e7e03c 15e7dd38 742e72a0
0x15e7dd20:   008a0000 00000000 00000010 00000000
0x15e7dd30:   00000010 179d73c0 15e7dd58 6b98163d
0x15e7dd40:   1797a298 00000001 15e7dd58 6b981723
0x15e7dd50:   179a3030 179d73c8 15e7dd88 6b98194e
0x15e7dd60:   179466e0 00009d14 15e7dda4 022e0697
0x15e7dd70:   17939a48 00000001 15e7dda4 00000002 

Instructions: (pc=0x6b981590)
0x6b981570:   00 8d 50 01 8b 45 f4 89 10 8b 45 f4 c9 c3 55 89
0x6b981580:   e5 83 ec 38 8b 45 08 8b 40 08 89 45 f4 8b 45 f4
0x6b981590:   8b 40 04 89 45 f0 8b 45 f4 8b 55 08 89 50 04 8b
0x6b9815a0:   45 08 8b 55 f0 89 50 08 8b 45 08 8b 40 08 89 04 


Register to memory mapping:

EAX=0x00000000 is an unknown value
EBX={method} {0x179d73cc} 'nativePrint' '(Ljava/util/ArrayList;Lstructures/Graph;)V' in 'JNI/HelloWorldJNI'
ECX=0x179a3030 is an unknown value
EDX=0x00000004 is an unknown value
ESP=0x15e7dd00 is pointing into the stack for thread: 0x15a2dc00
EBP=0x15e7dd38 is pointing into the stack for thread: 0x15a2dc00
ESI=0x179d73c0 is pointing into metadata
EDI=0x15a2dc00 is a thread


Stack: [0x15e30000,0x15e80000],  sp=0x15e7dd00,  free space=311k
Native frames: (J=compiled Java code, j=interpreted, Vv=VM code, C=native code)
C  [libJNITester.dll+0x1590]
C  [libJNITester.dll+0x163d]
C  [libJNITester.dll+0x194e]
C  [libJNITester.dll+0x1a90]
C  [libJNITester.dll+0x1a38]
C  [libJNITester.dll+0x1a38]
C  [libJNITester.dll+0x1a38]
C  [libJNITester.dll+0x1a38]
C  [libJNITester.dll+0x1a38]
C  [libJNITester.dll+0x1a0e]
C  [libJNITester.dll+0x1a0e]
C  [libJNITester.dll+0x1a38]
C  [libJNITester.dll+0x1a38]
C  [libJNITester.dll+0x1a38]
C  [libJNITester.dll+0x1a0e]
C  [libJNITester.dll+0x1d01]
C  [libJNITester.dll+0x2688]
j  JNI.HelloWorldJNI.nativePrint(Ljava/util/ArrayList;Lstructures/Graph;)V+0
J 741% C1 GUI.Menu.jButton3ActionPerformed(Ljava/awt/event/ActionEvent;)V (535 bytes) @ 0x024c0b60 [0x024bf400+0x1760]
j  GUI.Menu.access$200(LGUI/Menu;Ljava/awt/event/ActionEvent;)V+2
j  GUI.Menu$3.actionPerformed(Ljava/awt/event/ActionEvent;)V+5
j  javax.swing.AbstractButton.fireActionPerformed(Ljava/awt/event/ActionEvent;)V+83
j  javax.swing.AbstractButton$Handler.actionPerformed(Ljava/awt/event/ActionEvent;)V+5
j  javax.swing.DefaultButtonModel.fireActionPerformed(Ljava/awt/event/ActionEvent;)V+34
j  javax.swing.DefaultButtonModel.setPressed(Z)V+117
j  javax.swing.plaf.basic.BasicButtonListener.mouseReleased(Ljava/awt/event/MouseEvent;)V+35
j  java.awt.Component.processMouseEvent(Ljava/awt/event/MouseEvent;)V+64
j  javax.swing.JComponent.processMouseEvent(Ljava/awt/event/MouseEvent;)V+23
j  java.awt.Component.processEvent(Ljava/awt/AWTEvent;)V+81
j  java.awt.Container.processEvent(Ljava/awt/AWTEvent;)V+18
j  java.awt.Component.dispatchEventImpl(Ljava/awt/AWTEvent;)V+589
j  java.awt.Container.dispatchEventImpl(Ljava/awt/AWTEvent;)V+42
j  java.awt.Component.dispatchEvent(Ljava/awt/AWTEvent;)V+2
j  java.awt.LightweightDispatcher.retargetMouseEvent(Ljava/awt/Component;ILjava/awt/event/MouseEvent;)V+349
j  java.awt.LightweightDispatcher.processMouseEvent(Ljava/awt/event/MouseEvent;)Z+155
j  java.awt.LightweightDispatcher.dispatchEvent(Ljava/awt/AWTEvent;)Z+50
j  java.awt.Container.dispatchEventImpl(Ljava/awt/AWTEvent;)V+12
j  java.awt.Window.dispatchEventImpl(Ljava/awt/AWTEvent;)V+19
j  java.awt.Component.dispatchEvent(Ljava/awt/AWTEvent;)V+2
j  java.awt.EventQueue.dispatchEventImpl(Ljava/awt/AWTEvent;Ljava/lang/Object;)V+41
j  java.awt.EventQueue.access$500(Ljava/awt/EventQueue;Ljava/awt/AWTEvent;Ljava/lang/Object;)V+3
j  java.awt.EventQueue$3.run()Ljava/lang/Void;+32
j  java.awt.EventQueue$3.run()Ljava/lang/Object;+1
v  ~StubRoutines::call_stub
V  [jvm.dll+0x15c315]
V  [jvm.dll+0x223ece]
V  [jvm.dll+0x15c3ae]
V  [jvm.dll+0x10c35f]
C  [java.dll+0x102f]
j  java.security.ProtectionDomain$JavaSecurityAccessImpl.doIntersectionPrivilege(Ljava/security/PrivilegedAction;Ljava/security/AccessControlContext;Ljava/security/AccessControlContext;)Ljava/lang/Object;+18
j  java.security.ProtectionDomain$JavaSecurityAccessImpl.doIntersectionPrivilege(Ljava/security/PrivilegedAction;Ljava/security/AccessControlContext;)Ljava/lang/Object;+6
j  java.awt.EventQueue$4.run()Ljava/lang/Void;+11
j  java.awt.EventQueue$4.run()Ljava/lang/Object;+1
v  ~StubRoutines::call_stub
V  [jvm.dll+0x15c315]
V  [jvm.dll+0x223ece]
V  [jvm.dll+0x15c3ae]
V  [jvm.dll+0x10c35f]
C  [java.dll+0x102f]
j  java.security.ProtectionDomain$JavaSecurityAccessImpl.doIntersectionPrivilege(Ljava/security/PrivilegedAction;Ljava/security/AccessControlContext;Ljava/security/AccessControlContext;)Ljava/lang/Object;+18
j  java.awt.EventQueue.dispatchEvent(Ljava/awt/AWTEvent;)V+73
j  java.awt.EventDispatchThread.pumpOneEventForFilters(I)V+140
j  java.awt.EventDispatchThread.pumpEventsForFilter(ILjava/awt/Conditional;Ljava/awt/EventFilter;)V+35
j  java.awt.EventDispatchThread.pumpEventsForHierarchy(ILjava/awt/Conditional;Ljava/awt/Component;)V+11
j  java.awt.EventDispatchThread.pumpEvents(ILjava/awt/Conditional;)V+4
j  java.awt.EventDispatchThread.pumpEvents(Ljava/awt/Conditional;)V+3
j  java.awt.EventDispatchThread.run()V+9
v  ~StubRoutines::call_stub
V  [jvm.dll+0x15c315]
V  [jvm.dll+0x223ece]
V  [jvm.dll+0x15c3ae]
V  [jvm.dll+0x15c536]
V  [jvm.dll+0x15c5a7]
V  [jvm.dll+0x1002ef]
V  [jvm.dll+0x17f550]
V  [jvm.dll+0x17fdca]
V  [jvm.dll+0x1c57a6]
C  [msvcr100.dll+0x5c556]
C  [msvcr100.dll+0x5c600]
C  [KERNEL32.DLL+0x18484]
C  [ntdll.dll+0x6302c]
C  [ntdll.dll+0x62ffa]
C  0x00000000

Java frames: (J=compiled Java code, j=interpreted, Vv=VM code)
j  JNI.HelloWorldJNI.nativePrint(Ljava/util/ArrayList;Lstructures/Graph;)V+0
J 741% C1 GUI.Menu.jButton3ActionPerformed(Ljava/awt/event/ActionEvent;)V (535 bytes) @ 0x024c0b60 [0x024bf400+0x1760]
j  GUI.Menu.access$200(LGUI/Menu;Ljava/awt/event/ActionEvent;)V+2
j  GUI.Menu$3.actionPerformed(Ljava/awt/event/ActionEvent;)V+5
j  javax.swing.AbstractButton.fireActionPerformed(Ljava/awt/event/ActionEvent;)V+83
j  javax.swing.AbstractButton$Handler.actionPerformed(Ljava/awt/event/ActionEvent;)V+5
j  javax.swing.DefaultButtonModel.fireActionPerformed(Ljava/awt/event/ActionEvent;)V+34
j  javax.swing.DefaultButtonModel.setPressed(Z)V+117
j  javax.swing.plaf.basic.BasicButtonListener.mouseReleased(Ljava/awt/event/MouseEvent;)V+35
j  java.awt.Component.processMouseEvent(Ljava/awt/event/MouseEvent;)V+64
j  javax.swing.JComponent.processMouseEvent(Ljava/awt/event/MouseEvent;)V+23
j  java.awt.Component.processEvent(Ljava/awt/AWTEvent;)V+81
j  java.awt.Container.processEvent(Ljava/awt/AWTEvent;)V+18
j  java.awt.Component.dispatchEventImpl(Ljava/awt/AWTEvent;)V+589
j  java.awt.Container.dispatchEventImpl(Ljava/awt/AWTEvent;)V+42
j  java.awt.Component.dispatchEvent(Ljava/awt/AWTEvent;)V+2
j  java.awt.LightweightDispatcher.retargetMouseEvent(Ljava/awt/Component;ILjava/awt/event/MouseEvent;)V+349
j  java.awt.LightweightDispatcher.processMouseEvent(Ljava/awt/event/MouseEvent;)Z+155
j  java.awt.LightweightDispatcher.dispatchEvent(Ljava/awt/AWTEvent;)Z+50
j  java.awt.Container.dispatchEventImpl(Ljava/awt/AWTEvent;)V+12
j  java.awt.Window.dispatchEventImpl(Ljava/awt/AWTEvent;)V+19
j  java.awt.Component.dispatchEvent(Ljava/awt/AWTEvent;)V+2
j  java.awt.EventQueue.dispatchEventImpl(Ljava/awt/AWTEvent;Ljava/lang/Object;)V+41
j  java.awt.EventQueue.access$500(Ljava/awt/EventQueue;Ljava/awt/AWTEvent;Ljava/lang/Object;)V+3
j  java.awt.EventQueue$3.run()Ljava/lang/Void;+32
j  java.awt.EventQueue$3.run()Ljava/lang/Object;+1
v  ~StubRoutines::call_stub
J 226  java.security.AccessController.doPrivileged(Ljava/security/PrivilegedAction;Ljava/security/AccessControlContext;)Ljava/lang/Object; (0 bytes) @ 0x023e5c87 [0x023e5c20+0x67]
j  java.security.ProtectionDomain$JavaSecurityAccessImpl.doIntersectionPrivilege(Ljava/security/PrivilegedAction;Ljava/security/AccessControlContext;Ljava/security/AccessControlContext;)Ljava/lang/Object;+18
j  java.security.ProtectionDomain$JavaSecurityAccessImpl.doIntersectionPrivilege(Ljava/security/PrivilegedAction;Ljava/security/AccessControlContext;)Ljava/lang/Object;+6
j  java.awt.EventQueue$4.run()Ljava/lang/Void;+11
j  java.awt.EventQueue$4.run()Ljava/lang/Object;+1
v  ~StubRoutines::call_stub
J 226  java.security.AccessController.doPrivileged(Ljava/security/PrivilegedAction;Ljava/security/AccessControlContext;)Ljava/lang/Object; (0 bytes) @ 0x023e5c87 [0x023e5c20+0x67]
j  java.security.ProtectionDomain$JavaSecurityAccessImpl.doIntersectionPrivilege(Ljava/security/PrivilegedAction;Ljava/security/AccessControlContext;Ljava/security/AccessControlContext;)Ljava/lang/Object;+18
j  java.awt.EventQueue.dispatchEvent(Ljava/awt/AWTEvent;)V+73
j  java.awt.EventDispatchThread.pumpOneEventForFilters(I)V+140
j  java.awt.EventDispatchThread.pumpEventsForFilter(ILjava/awt/Conditional;Ljava/awt/EventFilter;)V+35
j  java.awt.EventDispatchThread.pumpEventsForHierarchy(ILjava/awt/Conditional;Ljava/awt/Component;)V+11
j  java.awt.EventDispatchThread.pumpEvents(ILjava/awt/Conditional;)V+4
j  java.awt.EventDispatchThread.pumpEvents(Ljava/awt/Conditional;)V+3
j  java.awt.EventDispatchThread.run()V+9
v  ~StubRoutines::call_stub

---------------  P R O C E S S  ---------------

Java Threads: ( => current thread )
  0x15a8ac00 JavaThread "TimerQueue" daemon [_thread_blocked, id=6140, stack(0x160a0000,0x160f0000)]
  0x0080c800 JavaThread "DestroyJavaVM" [_thread_blocked, id=7020, stack(0x00810000,0x00860000)]
=>0x15a2dc00 JavaThread "AWT-EventQueue-0" [_thread_in_native, id=9204, stack(0x15e30000,0x15e80000)]
  0x15a13800 JavaThread "AWT-Windows" daemon [_thread_in_native, id=1960, stack(0x15da0000,0x15df0000)]
  0x15a13000 JavaThread "AWT-Shutdown" [_thread_blocked, id=11028, stack(0x15d10000,0x15d60000)]
  0x15a12400 JavaThread "Java2D Disposer" daemon [_thread_blocked, id=1884, stack(0x15c80000,0x15cd0000)]
  0x02286c00 JavaThread "Service Thread" daemon [_thread_blocked, id=10520, stack(0x15850000,0x158a0000)]
  0x02270400 JavaThread "C1 CompilerThread0" daemon [_thread_blocked, id=1484, stack(0x151e0000,0x15230000)]
  0x0226f400 JavaThread "Attach Listener" daemon [_thread_blocked, id=11228, stack(0x15150000,0x151a0000)]
  0x0226d400 JavaThread "Signal Dispatcher" daemon [_thread_blocked, id=2916, stack(0x14630000,0x14680000)]
  0x02264c00 JavaThread "Finalizer" daemon [_thread_blocked, id=10272, stack(0x14490000,0x144e0000)]
  0x02206c00 JavaThread "Reference Handler" daemon [_thread_blocked, id=6776, stack(0x14400000,0x14450000)]

Other Threads:
  0x02204000 VMThread [stack: 0x04370000,0x043c0000] [id=3300]
  0x022a5800 WatcherThread [stack: 0x158e0000,0x15930000] [id=7040]

VM state:not at safepoint (normal execution)

VM Mutex/Monitor currently owned by a thread: None

Heap:
 def new generation   total 78656K, used 42905K [0x04400000, 0x09950000, 0x09950000)
  eden space 69952K,  48% used [0x04400000, 0x06566748, 0x08850000)
  from space 8704K, 100% used [0x090d0000, 0x09950000, 0x09950000)
  to   space 8704K,   0% used [0x08850000, 0x08850000, 0x090d0000)
 tenured generation   total 174784K, used 165675K [0x09950000, 0x14400000, 0x14400000)
   the space 174784K,  94% used [0x09950000, 0x13b1ae40, 0x13b1b000, 0x14400000)
 Metaspace       used 4429K, capacity 4607K, committed 4736K, reserved 5504K

Card table byte_map: [0x042e0000,0x04370000] byte_map_base: 0x042be000

Polling page: 0x00250000

CodeCache: size=32768Kb used=1989Kb max_used=1989Kb free=30778Kb
 bounds [0x022e0000, 0x024d8000, 0x042e0000]
 total_blobs=1002 nmethods=752 adapters=180
 compilation: enabled

Compilation events (10 events):
Event: 29.867 Thread 0x02270400  753             java.lang.Integer::toString (48 bytes)
Event: 29.867 Thread 0x02270400 nmethod 753 0x024cc448 code [0x024cc570, 0x024cc77c]
Event: 29.867 Thread 0x02270400  754             java.lang.Integer::toString (8 bytes)
Event: 29.867 Thread 0x02270400 nmethod 754 0x024cc988 code [0x024cca80, 0x024ccb0c]
Event: 29.868 Thread 0x02270400  755 %           java.util.AbstractCollection::toString @ 32 (89 bytes)
Event: 29.869 Thread 0x02270400 nmethod 755% 0x024ccb88 code [0x024ccd90, 0x024cd794]
Event: 29.879 Thread 0x02270400  756             sun.nio.cs.UTF_8$Encoder::encodeArrayLoop (489 bytes)
Event: 29.881 Thread 0x02270400 nmethod 756 0x024ce248 code [0x024ce590, 0x024cf28c]
Event: 30.633 Thread 0x02270400  757   !         imgBuild.ProcessImage::getid (57 bytes)
Event: 30.634 Thread 0x02270400 nmethod 757 0x024d0b08 code [0x024d0c90, 0x024d110c]

GC Heap History (10 events):
Event: 18.967 GC heap before
{Heap before GC invocations=17 (full 3):
 def new generation   total 27648K, used 24576K [0x04400000, 0x06200000, 0x09950000)
  eden space 24576K, 100% used [0x04400000, 0x05c00000, 0x05c00000)
  from space 3072K,   0% used [0x05c00000, 0x05c00000, 0x05f00000)
  to   space 3072K,   0% used [0x05f00000, 0x05f00000, 0x06200000)
 tenured generation   total 61400K, used 36840K [0x09950000, 0x0d546000, 0x14400000)
   the space 61400K,  60% used [0x09950000, 0x0bd4a000, 0x0bd4a000, 0x0d546000)
 Metaspace       used 4368K, capacity 4575K, committed 4736K, reserved 5504K
Event: 19.007 GC heap after
Heap after GC invocations=18 (full 3):
 def new generation   total 27648K, used 3072K [0x04400000, 0x06200000, 0x09950000)
  eden space 24576K,   0% used [0x04400000, 0x04400000, 0x05c00000)
  from space 3072K, 100% used [0x05f00000, 0x06200000, 0x06200000)
  to   space 3072K,   0% used [0x05c00000, 0x05c00000, 0x05f00000)
 tenured generation   total 61400K, used 50749K [0x09950000, 0x0d546000, 0x14400000)
   the space 61400K,  82% used [0x09950000, 0x0cadf6c0, 0x0cadf800, 0x0d546000)
 Metaspace       used 4368K, capacity 4575K, committed 4736K, reserved 5504K
}
Event: 19.029 GC heap before
{Heap before GC invocations=18 (full 3):
 def new generation   total 27648K, used 27648K [0x04400000, 0x06200000, 0x09950000)
  eden space 24576K, 100% used [0x04400000, 0x05c00000, 0x05c00000)
  from space 3072K, 100% used [0x05f00000, 0x06200000, 0x06200000)
  to   space 3072K,   0% used [0x05c00000, 0x05c00000, 0x05f00000)
 tenured generation   total 61400K, used 50749K [0x09950000, 0x0d546000, 0x14400000)
   the space 61400K,  82% used [0x09950000, 0x0cadf6c0, 0x0cadf800, 0x0d546000)
 Metaspace       used 4368K, capacity 4575K, committed 4736K, reserved 5504K
Event: 19.170 GC heap after
Heap after GC invocations=19 (full 4):
 def new generation   total 51264K, used 100K [0x04400000, 0x07ba0000, 0x09950000)
  eden space 45568K,   0% used [0x04400000, 0x044193f8, 0x07080000)
  from space 5696K,   0% used [0x07080000, 0x07080000, 0x07610000)
  to   space 5696K,   0% used [0x07610000, 0x07610000, 0x07ba0000)
 tenured generation   total 113856K, used 68311K [0x09950000, 0x10880000, 0x14400000)
   the space 113856K,  59% used [0x09950000, 0x0dc05ff0, 0x0dc06000, 0x10880000)
 Metaspace       used 4368K, capacity 4575K, committed 4736K, reserved 5504K
}
Event: 19.210 GC heap before
{Heap before GC invocations=19 (full 4):
 def new generation   total 51264K, used 45568K [0x04400000, 0x07ba0000, 0x09950000)
  eden space 45568K, 100% used [0x04400000, 0x07080000, 0x07080000)
  from space 5696K,   0% used [0x07080000, 0x07080000, 0x07610000)
  to   space 5696K,   0% used [0x07610000, 0x07610000, 0x07ba0000)
 tenured generation   total 113856K, used 68311K [0x09950000, 0x10880000, 0x14400000)
   the space 113856K,  59% used [0x09950000, 0x0dc05ff0, 0x0dc06000, 0x10880000)
 Metaspace       used 4368K, capacity 4575K, committed 4736K, reserved 5504K
Event: 19.293 GC heap after
Heap after GC invocations=20 (full 4):
 def new generation   total 51264K, used 5696K [0x04400000, 0x07ba0000, 0x09950000)
  eden space 45568K,   0% used [0x04400000, 0x04400000, 0x07080000)
  from space 5696K, 100% used [0x07610000, 0x07ba0000, 0x07ba0000)
  to   space 5696K,   0% used [0x07080000, 0x07080000, 0x07610000)
 tenured generation   total 113856K, used 95458K [0x09950000, 0x10880000, 0x14400000)
   the space 113856K,  83% used [0x09950000, 0x0f688870, 0x0f688a00, 0x10880000)
 Metaspace       used 4368K, capacity 4575K, committed 4736K, reserved 5504K
}
Event: 19.331 GC heap before
{Heap before GC invocations=20 (full 4):
 def new generation   total 51264K, used 51264K [0x04400000, 0x07ba0000, 0x09950000)
  eden space 45568K, 100% used [0x04400000, 0x07080000, 0x07080000)
  from space 5696K, 100% used [0x07610000, 0x07ba0000, 0x07ba0000)
  to   space 5696K,   0% used [0x07080000, 0x07080000, 0x07610000)
 tenured generation   total 113856K, used 95458K [0x09950000, 0x10880000, 0x14400000)
   the space 113856K,  83% used [0x09950000, 0x0f688870, 0x0f688a00, 0x10880000)
 Metaspace       used 4368K, capacity 4575K, committed 4736K, reserved 5504K
Event: 19.552 GC heap after
Heap after GC invocations=21 (full 5):
 def new generation   total 78656K, used 5622K [0x04400000, 0x09950000, 0x09950000)
  eden space 69952K,   8% used [0x04400000, 0x0497dab8, 0x08850000)
  from space 8704K,   0% used [0x08850000, 0x08850000, 0x090d0000)
  to   space 8704K,   0% used [0x090d0000, 0x090d0000, 0x09950000)
 tenured generation   total 174784K, used 129599K [0x09950000, 0x14400000, 0x14400000)
   the space 174784K,  74% used [0x09950000, 0x117dfff0, 0x117e0000, 0x14400000)
 Metaspace       used 4368K, capacity 4575K, committed 4736K, reserved 5504K
}
Event: 19.873 GC heap before
{Heap before GC invocations=21 (full 5):
 def new generation   total 78656K, used 69952K [0x04400000, 0x09950000, 0x09950000)
  eden space 69952K, 100% used [0x04400000, 0x08850000, 0x08850000)
  from space 8704K,   0% used [0x08850000, 0x08850000, 0x090d0000)
  to   space 8704K,   0% used [0x090d0000, 0x090d0000, 0x09950000)
 tenured generation   total 174784K, used 129599K [0x09950000, 0x14400000, 0x14400000)
   the space 174784K,  74% used [0x09950000, 0x117dfff0, 0x117e0000, 0x14400000)
 Metaspace       used 4426K, capacity 4607K, committed 4736K, reserved 5504K
Event: 19.986 GC heap after
Heap after GC invocations=22 (full 5):
 def new generation   total 78656K, used 8704K [0x04400000, 0x09950000, 0x09950000)
  eden space 69952K,   0% used [0x04400000, 0x04400000, 0x08850000)
  from space 8704K, 100% used [0x090d0000, 0x09950000, 0x09950000)
  to   space 8704K,   0% used [0x08850000, 0x08850000, 0x090d0000)
 tenured generation   total 174784K, used 165675K [0x09950000, 0x14400000, 0x14400000)
   the space 174784K,  94% used [0x09950000, 0x13b1ae40, 0x13b1b000, 0x14400000)
 Metaspace       used 4426K, capacity 4607K, committed 4736K, reserved 5504K
}

Deoptimization events (0 events):
No events

Classes redefined (0 events):
No events

Internal exceptions (10 events):
Event: 0.281 Thread 0x0080c800 Exception <a 'java/lang/ClassNotFoundException': javax/swing/JToolBarSeparator> (0x046ca9e8) thrown at [C:\workspace\8-2-build-windows-i586-cygwin\jdk8u191\11896\hotspot\src\share\vm\classfile\systemDictionary.cpp, line 210]
Event: 0.281 Thread 0x0080c800 Exception <a 'java/lang/ClassNotFoundException': ToolBarSeparator> (0x046cae40) thrown at [C:\workspace\8-2-build-windows-i586-cygwin\jdk8u191\11896\hotspot\src\share\vm\classfile\systemDictionary.cpp, line 210]
Event: 0.281 Thread 0x0080c800 Exception <a 'java/lang/ClassNotFoundException': ToolTip> (0x046cb4e8) thrown at [C:\workspace\8-2-build-windows-i586-cygwin\jdk8u191\11896\hotspot\src\share\vm\classfile\systemDictionary.cpp, line 210]
Event: 0.281 Thread 0x0080c800 Exception <a 'java/lang/ClassNotFoundException': Tree> (0x046cbfd0) thrown at [C:\workspace\8-2-build-windows-i586-cygwin\jdk8u191\11896\hotspot\src\share\vm\classfile\systemDictionary.cpp, line 210]
Event: 0.281 Thread 0x0080c800 Exception <a 'java/lang/ClassNotFoundException': Tree> (0x046cc670) thrown at [C:\workspace\8-2-build-windows-i586-cygwin\jdk8u191\11896\hotspot\src\share\vm\classfile\systemDictionary.cpp, line 210]
Event: 0.281 Thread 0x0080c800 Exception <a 'java/lang/ClassNotFoundException': javax/swing/JTreeCell> (0x046cc9a8) thrown at [C:\workspace\8-2-build-windows-i586-cygwin\jdk8u191\11896\hotspot\src\share\vm\classfile\systemDictionary.cpp, line 210]
Event: 0.281 Thread 0x0080c800 Exception <a 'java/lang/ClassNotFoundException': TreeCell> (0x046ccdf0) thrown at [C:\workspace\8-2-build-windows-i586-cygwin\jdk8u191\11896\hotspot\src\share\vm\classfile\systemDictionary.cpp, line 210]
Event: 0.281 Thread 0x0080c800 Exception <a 'java/lang/ClassNotFoundException': RootPane> (0x046cd768) thrown at [C:\workspace\8-2-build-windows-i586-cygwin\jdk8u191\11896\hotspot\src\share\vm\classfile\systemDictionary.cpp, line 210]
Event: 0.320 Thread 0x15a6d800 Exception <a 'java/io/FileNotFoundException'> (0x047f7d50) thrown at [C:\workspace\8-2-build-windows-i586-cygwin\jdk8u191\11896\hotspot\src\share\vm\prims\jni.cpp, line 709]
Event: 9.863 Thread 0x15a2dc00 Exception <a 'java/lang/NoClassDefFoundError': org/apache/log4j/Category> (0x0450de80) thrown at [C:\workspace\8-2-build-windows-i586-cygwin\jdk8u191\11896\hotspot\src\share\vm\classfile\systemDictionary.cpp, line 199]

Events (10 events):
Event: 29.847 Executing VM operation: RevokeBias
Event: 29.847 Executing VM operation: RevokeBias done
Event: 29.847 Thread 0x022dc800 Thread exited: 0x022dc800
Event: 29.858 Executing VM operation: RevokeBias
Event: 29.858 Executing VM operation: RevokeBias done
Event: 29.858 Thread 0x1679b000 Thread exited: 0x1679b000
Event: 30.630 loading class JNI/HelloWorldJNI
Event: 30.630 loading class JNI/HelloWorldJNI done
Event: 30.633 loading class structures/Graph
Event: 30.633 loading class structures/Graph done


Dynamic libraries:
0x00a00000 - 0x00a33000 	C:\Program Files (x86)\Java\jdk1.8.0_191\bin\java.exe
0x77220000 - 0x773b0000 	C:\WINDOWS\SYSTEM32\ntdll.dll
0x73ec0000 - 0x73fa0000 	C:\WINDOWS\System32\KERNEL32.DLL
0x76930000 - 0x76b14000 	C:\WINDOWS\System32\KERNELBASE.dll
0x725f0000 - 0x7268d000 	C:\WINDOWS\SYSTEM32\apphelp.dll
0x76410000 - 0x76488000 	C:\WINDOWS\System32\ADVAPI32.dll
0x742a0000 - 0x7435f000 	C:\WINDOWS\System32\msvcrt.dll
0x763c0000 - 0x76404000 	C:\WINDOWS\System32\sechost.dll
0x75b80000 - 0x75c40000 	C:\WINDOWS\System32\RPCRT4.dll
0x73ae0000 - 0x73b00000 	C:\WINDOWS\System32\SspiCli.dll
0x73ad0000 - 0x73ada000 	C:\WINDOWS\System32\CRYPTBASE.dll
0x75b20000 - 0x75b78000 	C:\WINDOWS\System32\bcryptPrimitives.dll
0x74360000 - 0x744ed000 	C:\WINDOWS\System32\USER32.dll
0x74280000 - 0x74297000 	C:\WINDOWS\System32\win32u.dll
0x765e0000 - 0x76602000 	C:\WINDOWS\System32\GDI32.dll
0x73d50000 - 0x73eb4000 	C:\WINDOWS\System32\gdi32full.dll
0x76bd0000 - 0x76c4d000 	C:\WINDOWS\System32\msvcp_win.dll
0x75960000 - 0x75a7e000 	C:\WINDOWS\System32\ucrtbase.dll
0x731c0000 - 0x733c4000 	C:\WINDOWS\WinSxS\x86_microsoft.windows.common-controls_6595b64144ccf1df_6.0.17134.407_none_42f1d43a44dfbaef\COMCTL32.dll
0x74010000 - 0x7426c000 	C:\WINDOWS\System32\combase.dll
0x73d20000 - 0x73d46000 	C:\WINDOWS\System32\IMM32.DLL
0x57020000 - 0x570df000 	C:\Program Files (x86)\Java\jdk1.8.0_191\jre\bin\msvcr100.dll
0x56c40000 - 0x57013000 	C:\Program Files (x86)\Java\jdk1.8.0_191\jre\bin\client\jvm.dll
0x76890000 - 0x76896000 	C:\WINDOWS\System32\PSAPI.DLL
0x72d60000 - 0x72d68000 	C:\WINDOWS\SYSTEM32\VERSION.dll
0x6ab40000 - 0x6ab64000 	C:\WINDOWS\SYSTEM32\WINMM.dll
0x6d440000 - 0x6d448000 	C:\WINDOWS\SYSTEM32\WSOCK32.dll
0x73b00000 - 0x73b67000 	C:\WINDOWS\System32\WS2_32.dll
0x6aae0000 - 0x6ab03000 	C:\WINDOWS\SYSTEM32\winmmbase.dll
0x75890000 - 0x758c9000 	C:\WINDOWS\System32\cfgmgr32.dll
0x5fb20000 - 0x5fb2c000 	C:\Program Files (x86)\Java\jdk1.8.0_191\jre\bin\verify.dll
0x56c10000 - 0x56c32000 	C:\Program Files (x86)\Java\jdk1.8.0_191\jre\bin\java.dll
0x56bf0000 - 0x56c04000 	C:\Program Files (x86)\Java\jdk1.8.0_191\jre\bin\zip.dll
0x744f0000 - 0x7583a000 	C:\WINDOWS\System32\SHELL32.dll
0x758d0000 - 0x75958000 	C:\WINDOWS\System32\shcore.dll
0x75db0000 - 0x76369000 	C:\WINDOWS\System32\windows.storage.dll
0x75840000 - 0x75885000 	C:\WINDOWS\System32\shlwapi.dll
0x76bc0000 - 0x76bcf000 	C:\WINDOWS\System32\kernel.appcore.dll
0x73b90000 - 0x73ba8000 	C:\WINDOWS\System32\profapi.dll
0x76370000 - 0x763b5000 	C:\WINDOWS\System32\powrprof.dll
0x75c40000 - 0x75c48000 	C:\WINDOWS\System32\FLTLIB.DLL
0x56aa0000 - 0x56be7000 	C:\Program Files (x86)\Java\jdk1.8.0_191\jre\bin\awt.dll
0x76b20000 - 0x76bb6000 	C:\WINDOWS\System32\OLEAUT32.dll
0x71e60000 - 0x71edc000 	C:\WINDOWS\system32\uxtheme.dll
0x76490000 - 0x765d3000 	C:\WINDOWS\System32\MSCTF.dll
0x71b50000 - 0x71b73000 	C:\WINDOWS\system32\dwmapi.dll
0x75cb0000 - 0x75dac000 	C:\WINDOWS\System32\ole32.dll
0x56a60000 - 0x56a99000 	C:\Program Files (x86)\Java\jdk1.8.0_191\jre\bin\fontmanager.dll
0x56980000 - 0x56a59000 	C:\WINDOWS\system32\opengl32.dll
0x56940000 - 0x5697f000 	C:\WINDOWS\SYSTEM32\GLU32.dll
0x768a0000 - 0x76923000 	C:\WINDOWS\System32\clbcatq.dll
0x6d940000 - 0x6dab1000 	C:\WINDOWS\SYSTEM32\WindowsCodecs.dll
0x71850000 - 0x7189f000 	C:\WINDOWS\system32\dataexchange.dll
0x70650000 - 0x7078c000 	C:\WINDOWS\system32\dcomp.dll
0x703f0000 - 0x70642000 	C:\WINDOWS\system32\d3d11.dll
0x717b0000 - 0x71848000 	C:\WINDOWS\system32\dxgi.dll
0x70280000 - 0x703e5000 	C:\WINDOWS\system32\twinapi.appcore.dll
0x72140000 - 0x7215a000 	C:\WINDOWS\system32\RMCLIENT.dll
0x56920000 - 0x56935000 	C:\Program Files (x86)\Java\jdk1.8.0_191\jre\bin\net.dll
0x722f0000 - 0x72346000 	C:\WINDOWS\system32\mswsock.dll
0x56910000 - 0x5691f000 	C:\Program Files (x86)\Java\jdk1.8.0_191\jre\bin\nio.dll
0x568d0000 - 0x56902000 	C:\Program Files (x86)\Java\jdk1.8.0_191\jre\bin\t2k.dll
0x65910000 - 0x6598d000 	C:\WINDOWS\System32\TextInputFramework.dll
0x5fbe0000 - 0x5fc6b000 	C:\WINDOWS\System32\CoreMessaging.dll
0x59da0000 - 0x59ffd000 	C:\WINDOWS\System32\CoreUIComponents.dll
0x72ce0000 - 0x72d09000 	C:\WINDOWS\SYSTEM32\ntmarta.dll
0x69f40000 - 0x6a016000 	C:\WINDOWS\SYSTEM32\wintypes.dll
0x568a0000 - 0x568c4000 	C:\Program Files (x86)\Java\jdk1.8.0_191\jre\bin\dcpr.dll
0x56880000 - 0x568a0000 	C:\Program Files (x86)\Java\jdk1.8.0_191\jre\bin\sunec.dll
0x733d0000 - 0x73400000 	C:\WINDOWS\SYSTEM32\IPHLPAPI.DLL
0x74000000 - 0x74007000 	C:\WINDOWS\System32\NSI.dll
0x61590000 - 0x615a3000 	C:\WINDOWS\SYSTEM32\dhcpcsvc6.DLL
0x71f70000 - 0x71f84000 	C:\WINDOWS\SYSTEM32\dhcpcsvc.DLL
0x72d40000 - 0x72d53000 	C:\WINDOWS\SYSTEM32\CRYPTSP.dll
0x72d10000 - 0x72d3f000 	C:\WINDOWS\system32\rsaenh.dll
0x72d70000 - 0x72d89000 	C:\WINDOWS\SYSTEM32\bcrypt.dll
0x71a80000 - 0x71aa1000 	C:\WINDOWS\SYSTEM32\USERENV.dll
0x56870000 - 0x56879000 	C:\Program Files (x86)\Java\jdk1.8.0_191\jre\bin\sunmscapi.dll
0x766f0000 - 0x76886000 	C:\WINDOWS\System32\CRYPT32.dll
0x75a80000 - 0x75a8e000 	C:\WINDOWS\System32\MSASN1.dll
0x71f90000 - 0x7201e000 	C:\WINDOWS\SYSTEM32\DNSAPI.dll
0x71ee0000 - 0x71ee8000 	C:\Windows\System32\rasadhlp.dll
0x71ef0000 - 0x71f3f000 	C:\WINDOWS\System32\fwpuclnt.dll
0x56840000 - 0x56866000 	C:\Program Files (x86)\Java\jdk1.8.0_191\jre\bin\jpeg.dll
0x6b980000 - 0x6b9ff000 	C:\Users\USER\Documents\NetBeansProjects\JNITester\dist\Debug\MinGW-Windows\libJNITester.dll
0x6eb40000 - 0x6ec1d000 	C:\MinGW\bin\libgcc_s_dw2-1.dll
0x6fe40000 - 0x6ffb4000 	C:\MinGW\bin\libstdc++-6.dll
0x72b40000 - 0x72cc2000 	C:\WINDOWS\SYSTEM32\dbghelp.dll

VM Arguments:
jvm_args: -Dfile.encoding=UTF-8 
java_command: GUI.Menu
java_class_path (initial): C:\Program Files\NetBeans 8.2\java\modules\ext\AbsoluteLayout.jar;C:\Users\USER\Desktop\Biblioteca\JSON\java-json.jar;C:\Users\USER\Desktop\Biblioteca\HTTP\commons-codec-1.6.jar;C:\Users\USER\Desktop\Biblioteca\HTTP\commons-logging-1.1.3.jar;C:\Users\USER\Desktop\Biblioteca\HTTP\httpclient-4.3.6.jar;C:\Users\USER\Desktop\Biblioteca\HTTP\httpcore-4.3.3.jar;C:\Users\USER\Documents\NetBeansProjects\Femme-coccyx\build\classes
Launcher Type: SUN_STANDARD

Environment Variables:
PATH="C:\Program Files (x86)\Common Files\Oracle\Java\javapath;C:\MinGW\bin;C:\MinGW\msys\1.0\bin";C:\Program Files (x86)\Intel\iCLS Client\;C:\Program Files\Intel\iCLS Client\;C:\WINDOWS\system32;C:\WINDOWS;C:\WINDOWS\System32\Wbem;C:\WINDOWS\System32\WindowsPowerShell\v1.0\;C:\Program Files (x86)\Intel\Intel(R) Management Engine Components\DAL;C:\Program Files\Intel\Intel(R) Management Engine Components\DAL;C:\Program Files (x86)\Intel\Intel(R) Management Engine Components\IPT;C:\Program Files\Intel\Intel(R) Management Engine Components\IPT;C:\WINDOWS\System32\OpenSSH\;C:\MinGW\bin;C:\Users\USER\AppData\Local\Microsoft\WindowsApps;
USERNAME=Juanma
OS=Windows_NT
PROCESSOR_IDENTIFIER=Intel64 Family 6 Model 61 Stepping 4, GenuineIntel



---------------  S Y S T E M  ---------------

OS: Windows 10.0 , 64 bit Build 17134 (10.0.17134.1)

CPU:total 4 (initial active 4) (2 cores per cpu, 2 threads per core) family 6 model 61 stepping 4, cmov, cx8, fxsr, mmx, sse, sse2, sse3, ssse3, sse4.1, sse4.2, popcnt, avx, avx2, aes, clmul, erms, 3dnowpref, lzcnt, ht, tsc, tscinvbit, bmi1, bmi2, adx

Memory: 4k page, physical 8296720k(3804904k free), swap 9607440k(4112104k free)

vm_info: Java HotSpot(TM) Client VM (25.191-b12) for windows-x86 JRE (1.8.0_191-b12), built on Oct  6 2018 08:34:23 by "java_re" with MS VC++ 10.0 (VS2010)

time: Wed Nov 21 02:02:53 2018
elapsed time: 30 seconds (0d 0h 0m 30s)

