#
# A fatal error has been detected by the Java Runtime Environment:
#
#  EXCEPTION_ACCESS_VIOLATION (0xc0000005) at pc=0x6fee6d7e, pid=9796, tid=0x00001970
#
# JRE version: Java(TM) SE Runtime Environment (8.0_191-b12) (build 1.8.0_191-b12)
# Java VM: Java HotSpot(TM) Client VM (25.191-b12 mixed mode windows-x86 )
# Problematic frame:
# C  [libstdc++-6.dll+0xa6d7e]
#
# Failed to write core dump. Minidumps are not enabled by default on client versions of Windows
#
# If you would like to submit a bug report, please visit:
#   http://bugreport.java.com/bugreport/crash.jsp
# The crash happened outside the Java Virtual Machine in native code.
# See problematic frame for where to report the bug.
#

---------------  T H R E A D  ---------------

Current thread (0x15bba000):  JavaThread "AWT-EventQueue-0" [_thread_in_native, id=6512, stack(0x16190000,0x161e0000)]

siginfo: ExceptionCode=0xc0000005, writing address 0xe2000000

Registers:
EAX=0xe2000000, EBX=0x161de520, ECX=0x1733b088, EDX=0x1733b088
ESP=0x161de484, EBP=0x161de488, ESI=0x1798f038, EDI=0x15bba000
EIP=0x6fee6d7e, EFLAGS=0x00010206

Top of Stack: (sp=0x161de484)
0x161de484:   1733b088 161de4c8 6b9862b1 17332df4
0x161de494:   00000000 161de4c8 6b98532a 161de548
0x161de4a4:   00000006 00000005 17332df4 0000000c
0x161de4b4:   00c8c780 161de4f8 1733b088 00c8c7f8
0x161de4c4:   00000002 161de4f8 6b986304 17332df4
0x161de4d4:   161de520 161de4f8 161de5d4 00c8c720
0x161de4e4:   00000002 00000004 17332df4 00000008
0x161de4f4:   00000001 161de538 6b9831b0 161de520 

Instructions: (pc=0x6fee6d7e)
0x6fee6d5e:   89 4d fc 8b 45 fc 8b 55 08 89 10 8b 45 08 8b 50
0x6fee6d6e:   04 8b 45 fc 89 50 04 8b 45 08 8b 40 04 8b 55 fc
0x6fee6d7e:   89 10 8b 45 08 8b 55 fc 89 50 04 90 c9 c2 04 00
0x6fee6d8e:   90 90 55 89 e5 83 ec 14 89 4d ec 8b 45 ec 8b 00 


Register to memory mapping:

EAX=0xe2000000 is an unknown value
EBX=0x161de520 is pointing into the stack for thread: 0x15bba000
ECX=0x1733b088 is an unknown value
EDX=0x1733b088 is an unknown value
ESP=0x161de484 is pointing into the stack for thread: 0x15bba000
EBP=0x161de488 is pointing into the stack for thread: 0x15bba000
ESI=0x1798f038 is pointing into metadata
EDI=0x15bba000 is a thread


Stack: [0x16190000,0x161e0000],  sp=0x161de484,  free space=313k
Native frames: (J=compiled Java code, j=interpreted, Vv=VM code, C=native code)
C  [libstdc++-6.dll+0xa6d7e]
C  [libJNITester.dll+0x62b1]
C  [libJNITester.dll+0x6304]
C  [libJNITester.dll+0x31b0]
C  [libJNITester.dll+0x1e8b]
C  [libJNITester.dll+0x26ee]
j  JNI.HelloWorldJNI.nativePrint(Ljava/util/ArrayList;Lstructures/Graph;)V+0
J 746% C1 GUI.Menu.jButton3ActionPerformed(Ljava/awt/event/ActionEvent;)V (528 bytes) @ 0x0285e310 [0x0285cae0+0x1830]
j  GUI.Menu.access$200(LGUI/Menu;Ljava/awt/event/ActionEvent;)V+2
j  GUI.Menu$3.actionPerformed(Ljava/awt/event/ActionEvent;)V+5
j  javax.swing.AbstractButton.fireActionPerformed(Ljava/awt/event/ActionEvent;)V+83
j  javax.swing.AbstractButton$Handler.actionPerformed(Ljava/awt/event/ActionEvent;)V+5
j  javax.swing.DefaultButtonModel.fireActionPerformed(Ljava/awt/event/ActionEvent;)V+34
j  javax.swing.DefaultButtonModel.setPressed(Z)V+117
j  javax.swing.plaf.basic.BasicButtonListener.mouseReleased(Ljava/awt/event/MouseEvent;)V+35
j  java.awt.Component.processMouseEvent(Ljava/awt/event/MouseEvent;)V+64
j  javax.swing.JComponent.processMouseEvent(Ljava/awt/event/MouseEvent;)V+23
j  java.awt.Component.processEvent(Ljava/awt/AWTEvent;)V+81
j  java.awt.Container.processEvent(Ljava/awt/AWTEvent;)V+18
j  java.awt.Component.dispatchEventImpl(Ljava/awt/AWTEvent;)V+589
j  java.awt.Container.dispatchEventImpl(Ljava/awt/AWTEvent;)V+42
j  java.awt.Component.dispatchEvent(Ljava/awt/AWTEvent;)V+2
j  java.awt.LightweightDispatcher.retargetMouseEvent(Ljava/awt/Component;ILjava/awt/event/MouseEvent;)V+349
j  java.awt.LightweightDispatcher.processMouseEvent(Ljava/awt/event/MouseEvent;)Z+155
j  java.awt.LightweightDispatcher.dispatchEvent(Ljava/awt/AWTEvent;)Z+50
j  java.awt.Container.dispatchEventImpl(Ljava/awt/AWTEvent;)V+12
j  java.awt.Window.dispatchEventImpl(Ljava/awt/AWTEvent;)V+19
j  java.awt.Component.dispatchEvent(Ljava/awt/AWTEvent;)V+2
j  java.awt.EventQueue.dispatchEventImpl(Ljava/awt/AWTEvent;Ljava/lang/Object;)V+41
j  java.awt.EventQueue.access$500(Ljava/awt/EventQueue;Ljava/awt/AWTEvent;Ljava/lang/Object;)V+3
j  java.awt.EventQueue$3.run()Ljava/lang/Void;+32
j  java.awt.EventQueue$3.run()Ljava/lang/Object;+1
v  ~StubRoutines::call_stub
V  [jvm.dll+0x15c315]
V  [jvm.dll+0x223ece]
V  [jvm.dll+0x15c3ae]
V  [jvm.dll+0x10c35f]
C  [java.dll+0x102f]
j  java.security.ProtectionDomain$JavaSecurityAccessImpl.doIntersectionPrivilege(Ljava/security/PrivilegedAction;Ljava/security/AccessControlContext;Ljava/security/AccessControlContext;)Ljava/lang/Object;+18
j  java.security.ProtectionDomain$JavaSecurityAccessImpl.doIntersectionPrivilege(Ljava/security/PrivilegedAction;Ljava/security/AccessControlContext;)Ljava/lang/Object;+6
j  java.awt.EventQueue$4.run()Ljava/lang/Void;+11
j  java.awt.EventQueue$4.run()Ljava/lang/Object;+1
v  ~StubRoutines::call_stub
V  [jvm.dll+0x15c315]
V  [jvm.dll+0x223ece]
V  [jvm.dll+0x15c3ae]
V  [jvm.dll+0x10c35f]
C  [java.dll+0x102f]
j  java.security.ProtectionDomain$JavaSecurityAccessImpl.doIntersectionPrivilege(Ljava/security/PrivilegedAction;Ljava/security/AccessControlContext;Ljava/security/AccessControlContext;)Ljava/lang/Object;+18
j  java.awt.EventQueue.dispatchEvent(Ljava/awt/AWTEvent;)V+73
j  java.awt.EventDispatchThread.pumpOneEventForFilters(I)V+140
j  java.awt.EventDispatchThread.pumpEventsForFilter(ILjava/awt/Conditional;Ljava/awt/EventFilter;)V+35
j  java.awt.EventDispatchThread.pumpEventsForHierarchy(ILjava/awt/Conditional;Ljava/awt/Component;)V+11
j  java.awt.EventDispatchThread.pumpEvents(ILjava/awt/Conditional;)V+4
j  java.awt.EventDispatchThread.pumpEvents(Ljava/awt/Conditional;)V+3
j  java.awt.EventDispatchThread.run()V+9
v  ~StubRoutines::call_stub
V  [jvm.dll+0x15c315]
V  [jvm.dll+0x223ece]
V  [jvm.dll+0x15c3ae]
V  [jvm.dll+0x15c536]
V  [jvm.dll+0x15c5a7]
V  [jvm.dll+0x1002ef]
V  [jvm.dll+0x17f550]
V  [jvm.dll+0x17fdca]
V  [jvm.dll+0x1c57a6]
C  [msvcr100.dll+0x5c556]
C  [msvcr100.dll+0x5c600]
C  [KERNEL32.DLL+0x18484]
C  [ntdll.dll+0x6302c]
C  [ntdll.dll+0x62ffa]
C  0x00000000

Java frames: (J=compiled Java code, j=interpreted, Vv=VM code)
j  JNI.HelloWorldJNI.nativePrint(Ljava/util/ArrayList;Lstructures/Graph;)V+0
J 746% C1 GUI.Menu.jButton3ActionPerformed(Ljava/awt/event/ActionEvent;)V (528 bytes) @ 0x0285e310 [0x0285cae0+0x1830]
j  GUI.Menu.access$200(LGUI/Menu;Ljava/awt/event/ActionEvent;)V+2
j  GUI.Menu$3.actionPerformed(Ljava/awt/event/ActionEvent;)V+5
j  javax.swing.AbstractButton.fireActionPerformed(Ljava/awt/event/ActionEvent;)V+83
j  javax.swing.AbstractButton$Handler.actionPerformed(Ljava/awt/event/ActionEvent;)V+5
j  javax.swing.DefaultButtonModel.fireActionPerformed(Ljava/awt/event/ActionEvent;)V+34
j  javax.swing.DefaultButtonModel.setPressed(Z)V+117
j  javax.swing.plaf.basic.BasicButtonListener.mouseReleased(Ljava/awt/event/MouseEvent;)V+35
j  java.awt.Component.processMouseEvent(Ljava/awt/event/MouseEvent;)V+64
j  javax.swing.JComponent.processMouseEvent(Ljava/awt/event/MouseEvent;)V+23
j  java.awt.Component.processEvent(Ljava/awt/AWTEvent;)V+81
j  java.awt.Container.processEvent(Ljava/awt/AWTEvent;)V+18
j  java.awt.Component.dispatchEventImpl(Ljava/awt/AWTEvent;)V+589
j  java.awt.Container.dispatchEventImpl(Ljava/awt/AWTEvent;)V+42
j  java.awt.Component.dispatchEvent(Ljava/awt/AWTEvent;)V+2
j  java.awt.LightweightDispatcher.retargetMouseEvent(Ljava/awt/Component;ILjava/awt/event/MouseEvent;)V+349
j  java.awt.LightweightDispatcher.processMouseEvent(Ljava/awt/event/MouseEvent;)Z+155
j  java.awt.LightweightDispatcher.dispatchEvent(Ljava/awt/AWTEvent;)Z+50
j  java.awt.Container.dispatchEventImpl(Ljava/awt/AWTEvent;)V+12
j  java.awt.Window.dispatchEventImpl(Ljava/awt/AWTEvent;)V+19
j  java.awt.Component.dispatchEvent(Ljava/awt/AWTEvent;)V+2
j  java.awt.EventQueue.dispatchEventImpl(Ljava/awt/AWTEvent;Ljava/lang/Object;)V+41
j  java.awt.EventQueue.access$500(Ljava/awt/EventQueue;Ljava/awt/AWTEvent;Ljava/lang/Object;)V+3
j  java.awt.EventQueue$3.run()Ljava/lang/Void;+32
j  java.awt.EventQueue$3.run()Ljava/lang/Object;+1
v  ~StubRoutines::call_stub
J 227  java.security.AccessController.doPrivileged(Ljava/security/PrivilegedAction;Ljava/security/AccessControlContext;)Ljava/lang/Object; (0 bytes) @ 0x02785e07 [0x02785da0+0x67]
j  java.security.ProtectionDomain$JavaSecurityAccessImpl.doIntersectionPrivilege(Ljava/security/PrivilegedAction;Ljava/security/AccessControlContext;Ljava/security/AccessControlContext;)Ljava/lang/Object;+18
j  java.security.ProtectionDomain$JavaSecurityAccessImpl.doIntersectionPrivilege(Ljava/security/PrivilegedAction;Ljava/security/AccessControlContext;)Ljava/lang/Object;+6
j  java.awt.EventQueue$4.run()Ljava/lang/Void;+11
j  java.awt.EventQueue$4.run()Ljava/lang/Object;+1
v  ~StubRoutines::call_stub
J 227  java.security.AccessController.doPrivileged(Ljava/security/PrivilegedAction;Ljava/security/AccessControlContext;)Ljava/lang/Object; (0 bytes) @ 0x02785e07 [0x02785da0+0x67]
j  java.security.ProtectionDomain$JavaSecurityAccessImpl.doIntersectionPrivilege(Ljava/security/PrivilegedAction;Ljava/security/AccessControlContext;Ljava/security/AccessControlContext;)Ljava/lang/Object;+18
j  java.awt.EventQueue.dispatchEvent(Ljava/awt/AWTEvent;)V+73
j  java.awt.EventDispatchThread.pumpOneEventForFilters(I)V+140
j  java.awt.EventDispatchThread.pumpEventsForFilter(ILjava/awt/Conditional;Ljava/awt/EventFilter;)V+35
j  java.awt.EventDispatchThread.pumpEventsForHierarchy(ILjava/awt/Conditional;Ljava/awt/Component;)V+11
j  java.awt.EventDispatchThread.pumpEvents(ILjava/awt/Conditional;)V+4
j  java.awt.EventDispatchThread.pumpEvents(Ljava/awt/Conditional;)V+3
j  java.awt.EventDispatchThread.run()V+9
v  ~StubRoutines::call_stub

---------------  P R O C E S S  ---------------

Java Threads: ( => current thread )
  0x15da4800 JavaThread "TimerQueue" daemon [_thread_blocked, id=10720, stack(0x17470000,0x174c0000)]
  0x024dc800 JavaThread "DestroyJavaVM" [_thread_blocked, id=4396, stack(0x02470000,0x024c0000)]
=>0x15bba000 JavaThread "AWT-EventQueue-0" [_thread_in_native, id=6512, stack(0x16190000,0x161e0000)]
  0x14e43000 JavaThread "AWT-Windows" daemon [_thread_in_native, id=5264, stack(0x155d0000,0x15620000)]
  0x14e42400 JavaThread "AWT-Shutdown" [_thread_blocked, id=2948, stack(0x15540000,0x15590000)]
  0x14e41800 JavaThread "Java2D Disposer" daemon [_thread_blocked, id=2280, stack(0x154b0000,0x15500000)]
  0x14c96000 JavaThread "Service Thread" daemon [_thread_blocked, id=10528, stack(0x15280000,0x152d0000)]
  0x14c9a000 JavaThread "C1 CompilerThread0" daemon [_thread_blocked, id=6888, stack(0x151f0000,0x15240000)]
  0x14c98c00 JavaThread "Attach Listener" daemon [_thread_blocked, id=3644, stack(0x15160000,0x151b0000)]
  0x14c96c00 JavaThread "Signal Dispatcher" daemon [_thread_blocked, id=10060, stack(0x150d0000,0x15120000)]
  0x14c7a400 JavaThread "Finalizer" daemon [_thread_blocked, id=6956, stack(0x14f30000,0x14f80000)]
  0x14c74800 JavaThread "Reference Handler" daemon [_thread_blocked, id=764, stack(0x14ea0000,0x14ef0000)]

Other Threads:
  0x0267dc00 VMThread [stack: 0x047b0000,0x04800000] [id=8272]
  0x14cbf000 WatcherThread [stack: 0x15310000,0x15360000] [id=10804]

VM state:not at safepoint (normal execution)

VM Mutex/Monitor currently owned by a thread: None

Heap:
 def new generation   total 78656K, used 37104K [0x04800000, 0x09d50000, 0x09d50000)
  eden space 69952K,  40% used [0x04800000, 0x063bc238, 0x08c50000)
  from space 8704K, 100% used [0x094d0000, 0x09d50000, 0x09d50000)
  to   space 8704K,   0% used [0x08c50000, 0x08c50000, 0x094d0000)
 tenured generation   total 174784K, used 151822K [0x09d50000, 0x14800000, 0x14800000)
   the space 174784K,  86% used [0x09d50000, 0x13193828, 0x13193a00, 0x14800000)
 Metaspace       used 12229K, capacity 12413K, committed 12544K, reserved 12672K

Card table byte_map: [0x04680000,0x04710000] byte_map_base: 0x0465c000

Polling page: 0x00ad0000

CodeCache: size=32768Kb used=1938Kb max_used=1938Kb free=30829Kb
 bounds [0x02680000, 0x02868000, 0x04680000]
 total_blobs=995 nmethods=747 adapters=178
 compilation: enabled

Compilation events (10 events):
Event: 11.168 Thread 0x14c9a000  749             sample.pixelSample::getId (5 bytes)
Event: 11.168 Thread 0x14c9a000 nmethod 749 0x02863208 code [0x02863300, 0x02863380]
Event: 11.169 Thread 0x14c9a000  750 %           Thread.sacanRegion::run @ 31 (196 bytes)
Event: 11.171 Thread 0x14c9a000 nmethod 750% 0x027308c8 code [0x02730b90, 0x027319a0]
Event: 11.268 Thread 0x14c9a000  751             Thread.sacanRegion::run (196 bytes)
Event: 11.270 Thread 0x14c9a000 nmethod 751 0x028633c8 code [0x02863680, 0x02864300]
Event: 12.586 Thread 0x14c9a000  752             java.util.ArrayList::remove (69 bytes)
Event: 12.586 Thread 0x14c9a000 nmethod 752 0x02730348 code [0x02730470, 0x02730694]
Event: 27.015 Thread 0x14c9a000  753 % !         imgBuild.ProcessImage::getid @ 10 (57 bytes)
Event: 27.016 Thread 0x14c9a000 nmethod 753% 0x0272f2c8 code [0x0272f450, 0x0272f94c]

GC Heap History (10 events):
Event: 10.410 GC heap before
{Heap before GC invocations=16 (full 3):
 def new generation   total 24768K, used 22080K [0x04800000, 0x062d0000, 0x09d50000)
  eden space 22080K, 100% used [0x04800000, 0x05d90000, 0x05d90000)
  from space 2688K,   0% used [0x05d90000, 0x05d90000, 0x06030000)
  to   space 2688K,   0% used [0x06030000, 0x06030000, 0x062d0000)
 tenured generation   total 54868K, used 32919K [0x09d50000, 0x0d2e5000, 0x14800000)
   the space 54868K,  59% used [0x09d50000, 0x0bd75e00, 0x0bd75e00, 0x0d2e5000)
 Metaspace       used 12170K, capacity 12381K, committed 12544K, reserved 12672K
Event: 10.446 GC heap after
Heap after GC invocations=17 (full 3):
 def new generation   total 24768K, used 2687K [0x04800000, 0x062d0000, 0x09d50000)
  eden space 22080K,   0% used [0x04800000, 0x04800000, 0x05d90000)
  from space 2688K,  99% used [0x06030000, 0x062cfff8, 0x062d0000)
  to   space 2688K,   0% used [0x05d90000, 0x05d90000, 0x06030000)
 tenured generation   total 54868K, used 45398K [0x09d50000, 0x0d2e5000, 0x14800000)
   the space 54868K,  82% used [0x09d50000, 0x0c9a5ae0, 0x0c9a5c00, 0x0d2e5000)
 Metaspace       used 12170K, capacity 12381K, committed 12544K, reserved 12672K
}
Event: 10.465 GC heap before
{Heap before GC invocations=17 (full 3):
 def new generation   total 24768K, used 24767K [0x04800000, 0x062d0000, 0x09d50000)
  eden space 22080K, 100% used [0x04800000, 0x05d90000, 0x05d90000)
  from space 2688K,  99% used [0x06030000, 0x062cfff8, 0x062d0000)
  to   space 2688K,   0% used [0x05d90000, 0x05d90000, 0x06030000)
 tenured generation   total 54868K, used 45398K [0x09d50000, 0x0d2e5000, 0x14800000)
   the space 54868K,  82% used [0x09d50000, 0x0c9a5ae0, 0x0c9a5c00, 0x0d2e5000)
 Metaspace       used 12170K, capacity 12381K, committed 12544K, reserved 12672K
Event: 10.593 GC heap after
Heap after GC invocations=18 (full 4):
 def new generation   total 44864K, used 1049K [0x04800000, 0x078a0000, 0x09d50000)
  eden space 39936K,   2% used [0x04800000, 0x04906670, 0x06f00000)
  from space 4928K,   0% used [0x06f00000, 0x06f00000, 0x073d0000)
  to   space 4928K,   0% used [0x073d0000, 0x073d0000, 0x078a0000)
 tenured generation   total 99556K, used 59731K [0x09d50000, 0x0fe89000, 0x14800000)
   the space 99556K,  59% used [0x09d50000, 0x0d7a4fe8, 0x0d7a5000, 0x0fe89000)
 Metaspace       used 12170K, capacity 12381K, committed 12544K, reserved 12672K
}
Event: 10.628 GC heap before
{Heap before GC invocations=18 (full 4):
 def new generation   total 44864K, used 39936K [0x04800000, 0x078a0000, 0x09d50000)
  eden space 39936K, 100% used [0x04800000, 0x06f00000, 0x06f00000)
  from space 4928K,   0% used [0x06f00000, 0x06f00000, 0x073d0000)
  to   space 4928K,   0% used [0x073d0000, 0x073d0000, 0x078a0000)
 tenured generation   total 99556K, used 59731K [0x09d50000, 0x0fe89000, 0x14800000)
   the space 99556K,  59% used [0x09d50000, 0x0d7a4fe8, 0x0d7a5000, 0x0fe89000)
 Metaspace       used 12170K, capacity 12381K, committed 12544K, reserved 12672K
Event: 10.698 GC heap after
Heap after GC invocations=19 (full 4):
 def new generation   total 44864K, used 4927K [0x04800000, 0x078a0000, 0x09d50000)
  eden space 39936K,   0% used [0x04800000, 0x04800000, 0x06f00000)
  from space 4928K,  99% used [0x073d0000, 0x0789fff8, 0x078a0000)
  to   space 4928K,   0% used [0x06f00000, 0x06f00000, 0x073d0000)
 tenured generation   total 99556K, used 83546K [0x09d50000, 0x0fe89000, 0x14800000)
   the space 99556K,  83% used [0x09d50000, 0x0eee6af8, 0x0eee6c00, 0x0fe89000)
 Metaspace       used 12170K, capacity 12381K, committed 12544K, reserved 12672K
}
Event: 10.732 GC heap before
{Heap before GC invocations=19 (full 4):
 def new generation   total 44864K, used 44863K [0x04800000, 0x078a0000, 0x09d50000)
  eden space 39936K, 100% used [0x04800000, 0x06f00000, 0x06f00000)
  from space 4928K,  99% used [0x073d0000, 0x0789fff8, 0x078a0000)
  to   space 4928K,   0% used [0x06f00000, 0x06f00000, 0x073d0000)
 tenured generation   total 99556K, used 83546K [0x09d50000, 0x0fe89000, 0x14800000)
   the space 99556K,  83% used [0x09d50000, 0x0eee6af8, 0x0eee6c00, 0x0fe89000)
 Metaspace       used 12170K, capacity 12381K, committed 12544K, reserved 12672K
Event: 10.925 GC heap after
Heap after GC invocations=20 (full 5):
 def new generation   total 78656K, used 4878K [0x04800000, 0x09d50000, 0x09d50000)
  eden space 69952K,   6% used [0x04800000, 0x04cc3a78, 0x08c50000)
  from space 8704K,   0% used [0x08c50000, 0x08c50000, 0x094d0000)
  to   space 8704K,   0% used [0x094d0000, 0x094d0000, 0x09d50000)
 tenured generation   total 174784K, used 112099K [0x09d50000, 0x14800000, 0x14800000)
   the space 174784K,  64% used [0x09d50000, 0x10ac8ff0, 0x10ac9000, 0x14800000)
 Metaspace       used 12170K, capacity 12381K, committed 12544K, reserved 12672K
}
Event: 10.982 GC heap before
{Heap before GC invocations=20 (full 5):
 def new generation   total 78656K, used 69952K [0x04800000, 0x09d50000, 0x09d50000)
  eden space 69952K, 100% used [0x04800000, 0x08c50000, 0x08c50000)
  from space 8704K,   0% used [0x08c50000, 0x08c50000, 0x094d0000)
  to   space 8704K,   0% used [0x094d0000, 0x094d0000, 0x09d50000)
 tenured generation   total 174784K, used 112099K [0x09d50000, 0x14800000, 0x14800000)
   the space 174784K,  64% used [0x09d50000, 0x10ac8ff0, 0x10ac9000, 0x14800000)
 Metaspace       used 12170K, capacity 12381K, committed 12544K, reserved 12672K
Event: 11.103 GC heap after
Heap after GC invocations=21 (full 5):
 def new generation   total 78656K, used 8704K [0x04800000, 0x09d50000, 0x09d50000)
  eden space 69952K,   0% used [0x04800000, 0x04800000, 0x08c50000)
  from space 8704K, 100% used [0x094d0000, 0x09d50000, 0x09d50000)
  to   space 8704K,   0% used [0x08c50000, 0x08c50000, 0x094d0000)
 tenured generation   total 174784K, used 151822K [0x09d50000, 0x14800000, 0x14800000)
   the space 174784K,  86% used [0x09d50000, 0x13193828, 0x13193a00, 0x14800000)
 Metaspace       used 12170K, capacity 12381K, committed 12544K, reserved 12672K
}

Deoptimization events (0 events):
No events

Classes redefined (0 events):
No events

Internal exceptions (10 events):
Event: 0.214 Thread 0x024dc800 Exception <a 'java/lang/ClassNotFoundException': javax/swing/JToolBarSeparator> (0x04aca188) thrown at [C:\workspace\8-2-build-windows-i586-cygwin\jdk8u191\11896\hotspot\src\share\vm\classfile\systemDictionary.cpp, line 210]
Event: 0.214 Thread 0x024dc800 Exception <a 'java/lang/ClassNotFoundException': ToolBarSeparator> (0x04aca5e0) thrown at [C:\workspace\8-2-build-windows-i586-cygwin\jdk8u191\11896\hotspot\src\share\vm\classfile\systemDictionary.cpp, line 210]
Event: 0.214 Thread 0x024dc800 Exception <a 'java/lang/ClassNotFoundException': ToolTip> (0x04acac88) thrown at [C:\workspace\8-2-build-windows-i586-cygwin\jdk8u191\11896\hotspot\src\share\vm\classfile\systemDictionary.cpp, line 210]
Event: 0.215 Thread 0x024dc800 Exception <a 'java/lang/ClassNotFoundException': Tree> (0x04acb770) thrown at [C:\workspace\8-2-build-windows-i586-cygwin\jdk8u191\11896\hotspot\src\share\vm\classfile\systemDictionary.cpp, line 210]
Event: 0.215 Thread 0x024dc800 Exception <a 'java/lang/ClassNotFoundException': Tree> (0x04acbe10) thrown at [C:\workspace\8-2-build-windows-i586-cygwin\jdk8u191\11896\hotspot\src\share\vm\classfile\systemDictionary.cpp, line 210]
Event: 0.215 Thread 0x024dc800 Exception <a 'java/lang/ClassNotFoundException': javax/swing/JTreeCell> (0x04acc148) thrown at [C:\workspace\8-2-build-windows-i586-cygwin\jdk8u191\11896\hotspot\src\share\vm\classfile\systemDictionary.cpp, line 210]
Event: 0.215 Thread 0x024dc800 Exception <a 'java/lang/ClassNotFoundException': TreeCell> (0x04acc590) thrown at [C:\workspace\8-2-build-windows-i586-cygwin\jdk8u191\11896\hotspot\src\share\vm\classfile\systemDictionary.cpp, line 210]
Event: 0.216 Thread 0x024dc800 Exception <a 'java/lang/ClassNotFoundException': RootPane> (0x04accf48) thrown at [C:\workspace\8-2-build-windows-i586-cygwin\jdk8u191\11896\hotspot\src\share\vm\classfile\systemDictionary.cpp, line 210]
Event: 0.262 Thread 0x15bb8400 Exception <a 'java/io/FileNotFoundException'> (0x04bec2d0) thrown at [C:\workspace\8-2-build-windows-i586-cygwin\jdk8u191\11896\hotspot\src\share\vm\prims\jni.cpp, line 709]
Event: 6.952 Thread 0x15bba000 Exception <a 'java/lang/NoClassDefFoundError': org/apache/log4j/Category> (0x04d469c0) thrown at [C:\workspace\8-2-build-windows-i586-cygwin\jdk8u191\11896\hotspot\src\share\vm\classfile\systemDictionary.cpp, line 199]

Events (10 events):
Event: 26.951 Executing VM operation: RevokeBias
Event: 26.952 Executing VM operation: RevokeBias done
Event: 26.952 Thread 0x14d54400 Thread exited: 0x14d54400
Event: 27.013 Executing VM operation: RevokeBias
Event: 27.013 Executing VM operation: RevokeBias done
Event: 27.013 Thread 0x14d57000 Thread exited: 0x14d57000
Event: 27.021 loading class JNI/HelloWorldJNI
Event: 27.021 loading class JNI/HelloWorldJNI done
Event: 27.023 loading class structures/Graph
Event: 27.023 loading class structures/Graph done


Dynamic libraries:
0x00a00000 - 0x00a33000 	C:\Program Files (x86)\Java\jdk1.8.0_191\bin\java.exe
0x77220000 - 0x773b0000 	C:\WINDOWS\SYSTEM32\ntdll.dll
0x73ec0000 - 0x73fa0000 	C:\WINDOWS\System32\KERNEL32.DLL
0x76930000 - 0x76b14000 	C:\WINDOWS\System32\KERNELBASE.dll
0x725f0000 - 0x7268d000 	C:\WINDOWS\SYSTEM32\apphelp.dll
0x76410000 - 0x76488000 	C:\WINDOWS\System32\ADVAPI32.dll
0x742a0000 - 0x7435f000 	C:\WINDOWS\System32\msvcrt.dll
0x763c0000 - 0x76404000 	C:\WINDOWS\System32\sechost.dll
0x75b80000 - 0x75c40000 	C:\WINDOWS\System32\RPCRT4.dll
0x73ae0000 - 0x73b00000 	C:\WINDOWS\System32\SspiCli.dll
0x73ad0000 - 0x73ada000 	C:\WINDOWS\System32\CRYPTBASE.dll
0x75b20000 - 0x75b78000 	C:\WINDOWS\System32\bcryptPrimitives.dll
0x74360000 - 0x744ed000 	C:\WINDOWS\System32\USER32.dll
0x74280000 - 0x74297000 	C:\WINDOWS\System32\win32u.dll
0x765e0000 - 0x76602000 	C:\WINDOWS\System32\GDI32.dll
0x73d50000 - 0x73eb4000 	C:\WINDOWS\System32\gdi32full.dll
0x76bd0000 - 0x76c4d000 	C:\WINDOWS\System32\msvcp_win.dll
0x75960000 - 0x75a7e000 	C:\WINDOWS\System32\ucrtbase.dll
0x731c0000 - 0x733c4000 	C:\WINDOWS\WinSxS\x86_microsoft.windows.common-controls_6595b64144ccf1df_6.0.17134.407_none_42f1d43a44dfbaef\COMCTL32.dll
0x74010000 - 0x7426c000 	C:\WINDOWS\System32\combase.dll
0x73d20000 - 0x73d46000 	C:\WINDOWS\System32\IMM32.DLL
0x73a10000 - 0x73acf000 	C:\Program Files (x86)\Java\jdk1.8.0_191\jre\bin\msvcr100.dll
0x59e80000 - 0x5a253000 	C:\Program Files (x86)\Java\jdk1.8.0_191\jre\bin\client\jvm.dll
0x76890000 - 0x76896000 	C:\WINDOWS\System32\PSAPI.DLL
0x6ab40000 - 0x6ab64000 	C:\WINDOWS\SYSTEM32\WINMM.dll
0x72d60000 - 0x72d68000 	C:\WINDOWS\SYSTEM32\VERSION.dll
0x6d440000 - 0x6d448000 	C:\WINDOWS\SYSTEM32\WSOCK32.dll
0x73b00000 - 0x73b67000 	C:\WINDOWS\System32\WS2_32.dll
0x6aae0000 - 0x6ab03000 	C:\WINDOWS\SYSTEM32\winmmbase.dll
0x75890000 - 0x758c9000 	C:\WINDOWS\System32\cfgmgr32.dll
0x73a00000 - 0x73a0c000 	C:\Program Files (x86)\Java\jdk1.8.0_191\jre\bin\verify.dll
0x65960000 - 0x65982000 	C:\Program Files (x86)\Java\jdk1.8.0_191\jre\bin\java.dll
0x739e0000 - 0x739f4000 	C:\Program Files (x86)\Java\jdk1.8.0_191\jre\bin\zip.dll
0x744f0000 - 0x7583a000 	C:\WINDOWS\System32\SHELL32.dll
0x758d0000 - 0x75958000 	C:\WINDOWS\System32\shcore.dll
0x75db0000 - 0x76369000 	C:\WINDOWS\System32\windows.storage.dll
0x75840000 - 0x75885000 	C:\WINDOWS\System32\shlwapi.dll
0x76bc0000 - 0x76bcf000 	C:\WINDOWS\System32\kernel.appcore.dll
0x73b90000 - 0x73ba8000 	C:\WINDOWS\System32\profapi.dll
0x76370000 - 0x763b5000 	C:\WINDOWS\System32\powrprof.dll
0x75c40000 - 0x75c48000 	C:\WINDOWS\System32\FLTLIB.DLL
0x5fb20000 - 0x5fc67000 	C:\Program Files (x86)\Java\jdk1.8.0_191\jre\bin\awt.dll
0x76b20000 - 0x76bb6000 	C:\WINDOWS\System32\OLEAUT32.dll
0x71e60000 - 0x71edc000 	C:\WINDOWS\system32\uxtheme.dll
0x76490000 - 0x765d3000 	C:\WINDOWS\System32\MSCTF.dll
0x71b50000 - 0x71b73000 	C:\WINDOWS\system32\dwmapi.dll
0x75cb0000 - 0x75dac000 	C:\WINDOWS\System32\ole32.dll
0x65920000 - 0x65959000 	C:\Program Files (x86)\Java\jdk1.8.0_191\jre\bin\fontmanager.dll
0x59da0000 - 0x59e79000 	C:\WINDOWS\system32\opengl32.dll
0x658e0000 - 0x6591f000 	C:\WINDOWS\SYSTEM32\GLU32.dll
0x768a0000 - 0x76923000 	C:\WINDOWS\System32\clbcatq.dll
0x6d940000 - 0x6dab1000 	C:\WINDOWS\SYSTEM32\WindowsCodecs.dll
0x71850000 - 0x7189f000 	C:\WINDOWS\system32\dataexchange.dll
0x70650000 - 0x7078c000 	C:\WINDOWS\system32\dcomp.dll
0x703f0000 - 0x70642000 	C:\WINDOWS\system32\d3d11.dll
0x717b0000 - 0x71848000 	C:\WINDOWS\system32\dxgi.dll
0x70280000 - 0x703e5000 	C:\WINDOWS\system32\twinapi.appcore.dll
0x72140000 - 0x7215a000 	C:\WINDOWS\system32\RMCLIENT.dll
0x5f790000 - 0x5f7a5000 	C:\Program Files (x86)\Java\jdk1.8.0_191\jre\bin\net.dll
0x722f0000 - 0x72346000 	C:\WINDOWS\system32\mswsock.dll
0x5f780000 - 0x5f78f000 	C:\Program Files (x86)\Java\jdk1.8.0_191\jre\bin\nio.dll
0x5f740000 - 0x5f772000 	C:\Program Files (x86)\Java\jdk1.8.0_191\jre\bin\t2k.dll
0x59d20000 - 0x59d9d000 	C:\WINDOWS\System32\TextInputFramework.dll
0x59a30000 - 0x59abb000 	C:\WINDOWS\System32\CoreMessaging.dll
0x59ac0000 - 0x59d1d000 	C:\WINDOWS\System32\CoreUIComponents.dll
0x72ce0000 - 0x72d09000 	C:\WINDOWS\SYSTEM32\ntmarta.dll
0x69f40000 - 0x6a016000 	C:\WINDOWS\SYSTEM32\wintypes.dll
0x59a00000 - 0x59a24000 	C:\Program Files (x86)\Java\jdk1.8.0_191\jre\bin\dcpr.dll
0x5f720000 - 0x5f740000 	C:\Program Files (x86)\Java\jdk1.8.0_191\jre\bin\sunec.dll
0x733d0000 - 0x73400000 	C:\WINDOWS\SYSTEM32\IPHLPAPI.DLL
0x74000000 - 0x74007000 	C:\WINDOWS\System32\NSI.dll
0x61590000 - 0x615a3000 	C:\WINDOWS\SYSTEM32\dhcpcsvc6.DLL
0x71f70000 - 0x71f84000 	C:\WINDOWS\SYSTEM32\dhcpcsvc.DLL
0x72d40000 - 0x72d53000 	C:\WINDOWS\SYSTEM32\CRYPTSP.dll
0x72d10000 - 0x72d3f000 	C:\WINDOWS\system32\rsaenh.dll
0x72d70000 - 0x72d89000 	C:\WINDOWS\SYSTEM32\bcrypt.dll
0x71a80000 - 0x71aa1000 	C:\WINDOWS\SYSTEM32\USERENV.dll
0x599f0000 - 0x599f9000 	C:\Program Files (x86)\Java\jdk1.8.0_191\jre\bin\sunmscapi.dll
0x766f0000 - 0x76886000 	C:\WINDOWS\System32\CRYPT32.dll
0x75a80000 - 0x75a8e000 	C:\WINDOWS\System32\MSASN1.dll
0x71f90000 - 0x7201e000 	C:\WINDOWS\SYSTEM32\DNSAPI.dll
0x71ee0000 - 0x71ee8000 	C:\Windows\System32\rasadhlp.dll
0x71ef0000 - 0x71f3f000 	C:\WINDOWS\System32\fwpuclnt.dll
0x599c0000 - 0x599e6000 	C:\Program Files (x86)\Java\jdk1.8.0_191\jre\bin\jpeg.dll
0x6b980000 - 0x6b9ff000 	C:\Users\USER\Documents\NetBeansProjects\JNITester\dist\Debug\MinGW-Windows\libJNITester.dll
0x6eb40000 - 0x6ec1d000 	C:\MinGW\bin\libgcc_s_dw2-1.dll
0x6fe40000 - 0x6ffb4000 	C:\MinGW\bin\libstdc++-6.dll
0x72b40000 - 0x72cc2000 	C:\WINDOWS\SYSTEM32\dbghelp.dll

VM Arguments:
jvm_args: -Dfile.encoding=UTF-8 
java_command: GUI.Menu
java_class_path (initial): C:\Program Files\NetBeans 8.2\java\modules\ext\AbsoluteLayout.jar;C:\Users\USER\Desktop\Biblioteca\JSON\java-json.jar;C:\Users\USER\Desktop\Biblioteca\HTTP\commons-codec-1.6.jar;C:\Users\USER\Desktop\Biblioteca\HTTP\commons-logging-1.1.3.jar;C:\Users\USER\Desktop\Biblioteca\HTTP\httpclient-4.3.6.jar;C:\Users\USER\Desktop\Biblioteca\HTTP\httpcore-4.3.3.jar;C:\Users\USER\Documents\NetBeansProjects\Femme-coccyx\build\classes
Launcher Type: SUN_STANDARD

Environment Variables:
PATH="C:\Program Files (x86)\Common Files\Oracle\Java\javapath;C:\MinGW\bin;C:\MinGW\msys\1.0\bin";C:\Program Files (x86)\Intel\iCLS Client\;C:\Program Files\Intel\iCLS Client\;C:\WINDOWS\system32;C:\WINDOWS;C:\WINDOWS\System32\Wbem;C:\WINDOWS\System32\WindowsPowerShell\v1.0\;C:\Program Files (x86)\Intel\Intel(R) Management Engine Components\DAL;C:\Program Files\Intel\Intel(R) Management Engine Components\DAL;C:\Program Files (x86)\Intel\Intel(R) Management Engine Components\IPT;C:\Program Files\Intel\Intel(R) Management Engine Components\IPT;C:\WINDOWS\System32\OpenSSH\;C:\MinGW\bin;C:\Users\USER\AppData\Local\Microsoft\WindowsApps;
USERNAME=Juanma
OS=Windows_NT
PROCESSOR_IDENTIFIER=Intel64 Family 6 Model 61 Stepping 4, GenuineIntel



---------------  S Y S T E M  ---------------

OS: Windows 10.0 , 64 bit Build 17134 (10.0.17134.1)

CPU:total 4 (initial active 4) (2 cores per cpu, 2 threads per core) family 6 model 61 stepping 4, cmov, cx8, fxsr, mmx, sse, sse2, sse3, ssse3, sse4.1, sse4.2, popcnt, avx, avx2, aes, clmul, erms, 3dnowpref, lzcnt, ht, tsc, tscinvbit, bmi1, bmi2, adx

Memory: 4k page, physical 8296720k(3704716k free), swap 9607440k(3725608k free)

vm_info: Java HotSpot(TM) Client VM (25.191-b12) for windows-x86 JRE (1.8.0_191-b12), built on Oct  6 2018 08:34:23 by "java_re" with MS VC++ 10.0 (VS2010)

time: Wed Nov 21 01:00:03 2018
elapsed time: 27 seconds (0d 0h 0m 27s)

