#
# A fatal error has been detected by the Java Runtime Environment:
#
#  EXCEPTION_ACCESS_VIOLATION (0xc0000005) at pc=0x6b983a09, pid=8344, tid=0x00002a40
#
# JRE version: Java(TM) SE Runtime Environment (8.0_191-b12) (build 1.8.0_191-b12)
# Java VM: Java HotSpot(TM) Client VM (25.191-b12 mixed mode windows-x86 )
# Problematic frame:
# C  [libJNITester.dll+0x3a09]
#
# Failed to write core dump. Minidumps are not enabled by default on client versions of Windows
#
# If you would like to submit a bug report, please visit:
#   http://bugreport.java.com/bugreport/crash.jsp
# The crash happened outside the Java Virtual Machine in native code.
# See problematic frame for where to report the bug.
#

---------------  T H R E A D  ---------------

Current thread (0x1583ec00):  JavaThread "AWT-EventQueue-0" [_thread_in_native, id=10816, stack(0x16020000,0x16070000)]

siginfo: ExceptionCode=0xc0000005, reading address 0x00000008

Registers:
EAX=0x00000008, EBX=0x1830bf48, ECX=0x00000008, EDX=0x00000000
ESP=0x1606e070, EBP=0x1606e138, ESI=0x1830bf40, EDI=0x1583ec00
EIP=0x6b983a09, EFLAGS=0x00010202

Top of Stack: (sp=0x1606e070)
0x1606e070:   1606e10c 1606e0c4 1606e0f6 6b986dbc
0x1606e080:   17cc9f6c 1606e0d8 1606e0a8 0155c7b0
0x1606e090:   00000000 00000000 17cc2bf8 00000000
0x1606e0a0:   17cc2bf8 00000001 17cc2bfc 17cc2be8
0x1606e0b0:   17cc2bec 17cc2bec 17cc2bd8 17cc2bdc
0x1606e0c0:   17cc2bdc 00000076 17cc2c08 17cc2c08
0x1606e0d0:   17cc2c10 00000000 00000000 00000000
0x1606e0e0:   00000000 00000000 3f3f3f3f 6b981ec9 

Instructions: (pc=0x6b983a09)
0x6b9839e9:   24 89 c1 e8 97 0e 00 00 83 ec 04 84 c0 0f 84 31
0x6b9839f9:   ff ff ff 8d 85 5c ff ff ff 89 c1 e8 67 0e 00 00
0x6b983a09:   8b 00 89 85 58 ff ff ff 8d 85 5c ff ff ff 89 c1
0x6b983a19:   e8 52 0e 00 00 8b 40 04 89 45 ec 8b 85 58 ff ff 


Register to memory mapping:

EAX=0x00000008 is an unknown value
EBX={method} {0x1830bf4c} 'nativePrint' '(Ljava/util/ArrayList;Lstructures/Graph;Ljava/util/HashMap;I)V' in 'JNI/HelloWorldJNI'
ECX=0x00000008 is an unknown value
EDX=0x00000000 is an unknown value
ESP=0x1606e070 is pointing into the stack for thread: 0x1583ec00
EBP=0x1606e138 is pointing into the stack for thread: 0x1583ec00
ESI=0x1830bf40 is pointing into metadata
EDI=0x1583ec00 is a thread


Stack: [0x16020000,0x16070000],  sp=0x1606e070,  free space=312k
Native frames: (J=compiled Java code, j=interpreted, Vv=VM code, C=native code)
C  [libJNITester.dll+0x3a09]
C  [libJNITester.dll+0x2786]
j  JNI.HelloWorldJNI.nativePrint(Ljava/util/ArrayList;Lstructures/Graph;Ljava/util/HashMap;I)V+0
J 714% C1 GUI.Menu.jButton3ActionPerformed(Ljava/awt/event/ActionEvent;)V (972 bytes) @ 0x031f22ec [0x031f0480+0x1e6c]
j  GUI.Menu.access$300(LGUI/Menu;Ljava/awt/event/ActionEvent;)V+2
j  GUI.Menu$4.actionPerformed(Ljava/awt/event/ActionEvent;)V+5
j  javax.swing.AbstractButton.fireActionPerformed(Ljava/awt/event/ActionEvent;)V+83
j  javax.swing.AbstractButton$Handler.actionPerformed(Ljava/awt/event/ActionEvent;)V+5
j  javax.swing.DefaultButtonModel.fireActionPerformed(Ljava/awt/event/ActionEvent;)V+34
j  javax.swing.DefaultButtonModel.setPressed(Z)V+117
j  javax.swing.plaf.basic.BasicButtonListener.mouseReleased(Ljava/awt/event/MouseEvent;)V+35
j  java.awt.Component.processMouseEvent(Ljava/awt/event/MouseEvent;)V+64
j  javax.swing.JComponent.processMouseEvent(Ljava/awt/event/MouseEvent;)V+23
j  java.awt.Component.processEvent(Ljava/awt/AWTEvent;)V+81
j  java.awt.Container.processEvent(Ljava/awt/AWTEvent;)V+18
j  java.awt.Component.dispatchEventImpl(Ljava/awt/AWTEvent;)V+589
j  java.awt.Container.dispatchEventImpl(Ljava/awt/AWTEvent;)V+42
J 668 C1 java.awt.LightweightDispatcher.retargetMouseEvent(Ljava/awt/Component;ILjava/awt/event/MouseEvent;)V (372 bytes) @ 0x031d3768 [0x031d3090+0x6d8]
j  java.awt.LightweightDispatcher.processMouseEvent(Ljava/awt/event/MouseEvent;)Z+155
j  java.awt.LightweightDispatcher.dispatchEvent(Ljava/awt/AWTEvent;)Z+50
j  java.awt.Container.dispatchEventImpl(Ljava/awt/AWTEvent;)V+12
j  java.awt.Window.dispatchEventImpl(Ljava/awt/AWTEvent;)V+19
j  java.awt.Component.dispatchEvent(Ljava/awt/AWTEvent;)V+2
j  java.awt.EventQueue.dispatchEventImpl(Ljava/awt/AWTEvent;Ljava/lang/Object;)V+41
j  java.awt.EventQueue.access$500(Ljava/awt/EventQueue;Ljava/awt/AWTEvent;Ljava/lang/Object;)V+3
j  java.awt.EventQueue$3.run()Ljava/lang/Void;+32
j  java.awt.EventQueue$3.run()Ljava/lang/Object;+1
v  ~StubRoutines::call_stub
V  [jvm.dll+0x15c315]
V  [jvm.dll+0x223ece]
V  [jvm.dll+0x15c3ae]
V  [jvm.dll+0x10c35f]
C  [java.dll+0x102f]
j  java.security.ProtectionDomain$JavaSecurityAccessImpl.doIntersectionPrivilege(Ljava/security/PrivilegedAction;Ljava/security/AccessControlContext;Ljava/security/AccessControlContext;)Ljava/lang/Object;+18
j  java.security.ProtectionDomain$JavaSecurityAccessImpl.doIntersectionPrivilege(Ljava/security/PrivilegedAction;Ljava/security/AccessControlContext;)Ljava/lang/Object;+6
j  java.awt.EventQueue$4.run()Ljava/lang/Void;+11
j  java.awt.EventQueue$4.run()Ljava/lang/Object;+1
v  ~StubRoutines::call_stub
V  [jvm.dll+0x15c315]
V  [jvm.dll+0x223ece]
V  [jvm.dll+0x15c3ae]
V  [jvm.dll+0x10c35f]
C  [java.dll+0x102f]
j  java.security.ProtectionDomain$JavaSecurityAccessImpl.doIntersectionPrivilege(Ljava/security/PrivilegedAction;Ljava/security/AccessControlContext;Ljava/security/AccessControlContext;)Ljava/lang/Object;+18
j  java.awt.EventQueue.dispatchEvent(Ljava/awt/AWTEvent;)V+73
j  java.awt.EventDispatchThread.pumpOneEventForFilters(I)V+140
j  java.awt.EventDispatchThread.pumpEventsForFilter(ILjava/awt/Conditional;Ljava/awt/EventFilter;)V+35
j  java.awt.EventDispatchThread.pumpEventsForHierarchy(ILjava/awt/Conditional;Ljava/awt/Component;)V+11
j  java.awt.EventDispatchThread.pumpEvents(ILjava/awt/Conditional;)V+4
j  java.awt.EventDispatchThread.pumpEvents(Ljava/awt/Conditional;)V+3
j  java.awt.EventDispatchThread.run()V+9
v  ~StubRoutines::call_stub
V  [jvm.dll+0x15c315]
V  [jvm.dll+0x223ece]
V  [jvm.dll+0x15c3ae]
V  [jvm.dll+0x15c536]
V  [jvm.dll+0x15c5a7]
V  [jvm.dll+0x1002ef]
V  [jvm.dll+0x17f550]
V  [jvm.dll+0x17fdca]
V  [jvm.dll+0x1c57a6]
C  [msvcr100.dll+0x5c556]
C  [msvcr100.dll+0x5c600]
C  [KERNEL32.DLL+0x18484]
C  [ntdll.dll+0x6302c]
C  [ntdll.dll+0x62ffa]
C  0x00000000

Java frames: (J=compiled Java code, j=interpreted, Vv=VM code)
j  JNI.HelloWorldJNI.nativePrint(Ljava/util/ArrayList;Lstructures/Graph;Ljava/util/HashMap;I)V+0
J 714% C1 GUI.Menu.jButton3ActionPerformed(Ljava/awt/event/ActionEvent;)V (972 bytes) @ 0x031f22ec [0x031f0480+0x1e6c]
j  GUI.Menu.access$300(LGUI/Menu;Ljava/awt/event/ActionEvent;)V+2
j  GUI.Menu$4.actionPerformed(Ljava/awt/event/ActionEvent;)V+5
j  javax.swing.AbstractButton.fireActionPerformed(Ljava/awt/event/ActionEvent;)V+83
j  javax.swing.AbstractButton$Handler.actionPerformed(Ljava/awt/event/ActionEvent;)V+5
j  javax.swing.DefaultButtonModel.fireActionPerformed(Ljava/awt/event/ActionEvent;)V+34
j  javax.swing.DefaultButtonModel.setPressed(Z)V+117
j  javax.swing.plaf.basic.BasicButtonListener.mouseReleased(Ljava/awt/event/MouseEvent;)V+35
j  java.awt.Component.processMouseEvent(Ljava/awt/event/MouseEvent;)V+64
j  javax.swing.JComponent.processMouseEvent(Ljava/awt/event/MouseEvent;)V+23
j  java.awt.Component.processEvent(Ljava/awt/AWTEvent;)V+81
j  java.awt.Container.processEvent(Ljava/awt/AWTEvent;)V+18
j  java.awt.Component.dispatchEventImpl(Ljava/awt/AWTEvent;)V+589
j  java.awt.Container.dispatchEventImpl(Ljava/awt/AWTEvent;)V+42
J 668 C1 java.awt.LightweightDispatcher.retargetMouseEvent(Ljava/awt/Component;ILjava/awt/event/MouseEvent;)V (372 bytes) @ 0x031d3768 [0x031d3090+0x6d8]
j  java.awt.LightweightDispatcher.processMouseEvent(Ljava/awt/event/MouseEvent;)Z+155
j  java.awt.LightweightDispatcher.dispatchEvent(Ljava/awt/AWTEvent;)Z+50
j  java.awt.Container.dispatchEventImpl(Ljava/awt/AWTEvent;)V+12
j  java.awt.Window.dispatchEventImpl(Ljava/awt/AWTEvent;)V+19
j  java.awt.Component.dispatchEvent(Ljava/awt/AWTEvent;)V+2
j  java.awt.EventQueue.dispatchEventImpl(Ljava/awt/AWTEvent;Ljava/lang/Object;)V+41
j  java.awt.EventQueue.access$500(Ljava/awt/EventQueue;Ljava/awt/AWTEvent;Ljava/lang/Object;)V+3
j  java.awt.EventQueue$3.run()Ljava/lang/Void;+32
j  java.awt.EventQueue$3.run()Ljava/lang/Object;+1
v  ~StubRoutines::call_stub
J 227  java.security.AccessController.doPrivileged(Ljava/security/PrivilegedAction;Ljava/security/AccessControlContext;)Ljava/lang/Object; (0 bytes) @ 0x03115e07 [0x03115da0+0x67]
j  java.security.ProtectionDomain$JavaSecurityAccessImpl.doIntersectionPrivilege(Ljava/security/PrivilegedAction;Ljava/security/AccessControlContext;Ljava/security/AccessControlContext;)Ljava/lang/Object;+18
j  java.security.ProtectionDomain$JavaSecurityAccessImpl.doIntersectionPrivilege(Ljava/security/PrivilegedAction;Ljava/security/AccessControlContext;)Ljava/lang/Object;+6
j  java.awt.EventQueue$4.run()Ljava/lang/Void;+11
j  java.awt.EventQueue$4.run()Ljava/lang/Object;+1
v  ~StubRoutines::call_stub
J 227  java.security.AccessController.doPrivileged(Ljava/security/PrivilegedAction;Ljava/security/AccessControlContext;)Ljava/lang/Object; (0 bytes) @ 0x03115e07 [0x03115da0+0x67]
j  java.security.ProtectionDomain$JavaSecurityAccessImpl.doIntersectionPrivilege(Ljava/security/PrivilegedAction;Ljava/security/AccessControlContext;Ljava/security/AccessControlContext;)Ljava/lang/Object;+18
j  java.awt.EventQueue.dispatchEvent(Ljava/awt/AWTEvent;)V+73
j  java.awt.EventDispatchThread.pumpOneEventForFilters(I)V+140
j  java.awt.EventDispatchThread.pumpEventsForFilter(ILjava/awt/Conditional;Ljava/awt/EventFilter;)V+35
j  java.awt.EventDispatchThread.pumpEventsForHierarchy(ILjava/awt/Conditional;Ljava/awt/Component;)V+11
j  java.awt.EventDispatchThread.pumpEvents(ILjava/awt/Conditional;)V+4
j  java.awt.EventDispatchThread.pumpEvents(Ljava/awt/Conditional;)V+3
j  java.awt.EventDispatchThread.run()V+9
v  ~StubRoutines::call_stub

---------------  P R O C E S S  ---------------

Java Threads: ( => current thread )
  0x1583f800 JavaThread "Keep-Alive-Timer" daemon [_thread_blocked, id=8984, stack(0x18000000,0x18050000)]
  0x1583f400 JavaThread "TimerQueue" daemon [_thread_blocked, id=5160, stack(0x16ba0000,0x16bf0000)]
  0x15841800 JavaThread "DestroyJavaVM" [_thread_blocked, id=7780, stack(0x02da0000,0x02df0000)]
=>0x1583ec00 JavaThread "AWT-EventQueue-0" [_thread_in_native, id=10816, stack(0x16020000,0x16070000)]
  0x15840c00 JavaThread "AWT-Windows" daemon [_thread_in_native, id=912, stack(0x15f90000,0x15fe0000)]
  0x15842400 JavaThread "AWT-Shutdown" [_thread_blocked, id=996, stack(0x15f00000,0x15f50000)]
  0x15842000 JavaThread "Java2D Disposer" daemon [_thread_blocked, id=12220, stack(0x15e70000,0x15ec0000)]
  0x15696400 JavaThread "Service Thread" daemon [_thread_blocked, id=3092, stack(0x15c40000,0x15c90000)]
  0x1568e000 JavaThread "C1 CompilerThread0" daemon [_thread_blocked, id=9436, stack(0x15bb0000,0x15c00000)]
  0x1568d000 JavaThread "Attach Listener" daemon [_thread_blocked, id=7664, stack(0x15b20000,0x15b70000)]
  0x1568b000 JavaThread "Signal Dispatcher" daemon [_thread_blocked, id=6508, stack(0x15a90000,0x15ae0000)]
  0x1567a800 JavaThread "Finalizer" daemon [_thread_blocked, id=5108, stack(0x158f0000,0x15940000)]
  0x15674800 JavaThread "Reference Handler" daemon [_thread_blocked, id=11404, stack(0x15860000,0x158b0000)]

Other Threads:
  0x0300dc00 VMThread [stack: 0x05140000,0x05190000] [id=1484]
  0x15699c00 WatcherThread [stack: 0x15cd0000,0x15d20000] [id=12112]

VM state:not at safepoint (normal execution)

VM Mutex/Monitor currently owned by a thread: None

Heap:
 def new generation   total 13376K, used 4456K [0x05200000, 0x06080000, 0x0a750000)
  eden space 11904K,  37% used [0x05200000, 0x0565a178, 0x05da0000)
  from space 1472K,   0% used [0x05da0000, 0x05da0000, 0x05f10000)
  to   space 1472K,   0% used [0x05f10000, 0x05f10000, 0x06080000)
 tenured generation   total 29664K, used 17798K [0x0a750000, 0x0c448000, 0x15200000)
   the space 29664K,  59% used [0x0a750000, 0x0b8b1968, 0x0b8b1a00, 0x0c448000)
 Metaspace       used 12169K, capacity 12381K, committed 12544K, reserved 12672K

Card table byte_map: [0x05010000,0x050a0000] byte_map_base: 0x04fe7000

Polling page: 0x02df0000

CodeCache: size=32768Kb used=1959Kb max_used=1959Kb free=30808Kb
 bounds [0x03010000, 0x03200000, 0x05010000]
 total_blobs=958 nmethods=710 adapters=178
 compilation: enabled

Compilation events (10 events):
Event: 12.509 Thread 0x1568e000  711 %           GUI.Menu::jButton3ActionPerformed @ 86 (972 bytes)
Event: 12.516 Thread 0x1568e000 nmethod 711% 0x031e3388 code [0x031e3b40, 0x031e737c]
Event: 12.516 Thread 0x1568e000  712             sample.pixelSample::getId (5 bytes)
Event: 12.516 Thread 0x1568e000 nmethod 712 0x030c0a48 code [0x030c0b40, 0x030c0bc0]
Event: 12.517 Thread 0x1568e000  713 %           Thread.pix.sacanRegion::run @ 29 (186 bytes)
Event: 12.519 Thread 0x1568e000 nmethod 713% 0x031ed4c8 code [0x031ed790, 0x031ee5a0]
Event: 12.519 Thread 0x1568e000  714 %           GUI.Menu::jButton3ActionPerformed @ 379 (972 bytes)
Event: 12.532 Thread 0x1568e000 nmethod 714% 0x031efcc8 code [0x031f0480, 0x031f3c0c]
Event: 12.532 Thread 0x1568e000  715             Thread.pix.sacanRegion::run (186 bytes)
Event: 12.535 Thread 0x1568e000 nmethod 715 0x031f9d08 code [0x031f9fc0, 0x031fac40]

GC Heap History (10 events):
Event: 6.482 GC heap before
{Heap before GC invocations=5 (full 0):
 def new generation   total 4928K, used 4541K [0x05200000, 0x05750000, 0x0a750000)
  eden space 4416K, 100% used [0x05200000, 0x05650000, 0x05650000)
  from space 512K,  24% used [0x056d0000, 0x056ef4d0, 0x05750000)
  to   space 512K,   0% used [0x05650000, 0x05650000, 0x056d0000)
 tenured generation   total 10944K, used 8278K [0x0a750000, 0x0b200000, 0x15200000)
   the space 10944K,  75% used [0x0a750000, 0x0af65878, 0x0af65a00, 0x0b200000)
 Metaspace       used 8353K, capacity 8540K, committed 8704K, reserved 9600K
Event: 6.497 GC heap after
Heap after GC invocations=6 (full 1):
 def new generation   total 8704K, used 0K [0x05200000, 0x05b70000, 0x0a750000)
  eden space 7744K,   0% used [0x05200000, 0x05200000, 0x05990000)
  from space 960K,   0% used [0x05990000, 0x05990000, 0x05a80000)
  to   space 960K,   0% used [0x05a80000, 0x05a80000, 0x05b70000)
 tenured generation   total 19184K, used 11510K [0x0a750000, 0x0ba0c000, 0x15200000)
   the space 19184K,  59% used [0x0a750000, 0x0b28d8e0, 0x0b28da00, 0x0ba0c000)
 Metaspace       used 8353K, capacity 8540K, committed 8704K, reserved 9600K
}
Event: 8.921 GC heap before
{Heap before GC invocations=6 (full 1):
 def new generation   total 8704K, used 7744K [0x05200000, 0x05b70000, 0x0a750000)
  eden space 7744K, 100% used [0x05200000, 0x05990000, 0x05990000)
  from space 960K,   0% used [0x05990000, 0x05990000, 0x05a80000)
  to   space 960K,   0% used [0x05a80000, 0x05a80000, 0x05b70000)
 tenured generation   total 19184K, used 11510K [0x0a750000, 0x0ba0c000, 0x15200000)
   the space 19184K,  59% used [0x0a750000, 0x0b28d8e0, 0x0b28da00, 0x0ba0c000)
 Metaspace       used 10584K, capacity 10766K, committed 10880K, reserved 11648K
Event: 8.926 GC heap after
Heap after GC invocations=7 (full 1):
 def new generation   total 8704K, used 960K [0x05200000, 0x05b70000, 0x0a750000)
  eden space 7744K,   0% used [0x05200000, 0x05200000, 0x05990000)
  from space 960K, 100% used [0x05a80000, 0x05b70000, 0x05b70000)
  to   space 960K,   0% used [0x05990000, 0x05990000, 0x05a80000)
 tenured generation   total 19184K, used 12145K [0x0a750000, 0x0ba0c000, 0x15200000)
   the space 19184K,  63% used [0x0a750000, 0x0b32c770, 0x0b32c800, 0x0ba0c000)
 Metaspace       used 10584K, capacity 10766K, committed 10880K, reserved 11648K
}
Event: 9.017 GC heap before
{Heap before GC invocations=7 (full 1):
 def new generation   total 8704K, used 8704K [0x05200000, 0x05b70000, 0x0a750000)
  eden space 7744K, 100% used [0x05200000, 0x05990000, 0x05990000)
  from space 960K, 100% used [0x05a80000, 0x05b70000, 0x05b70000)
  to   space 960K,   0% used [0x05990000, 0x05990000, 0x05a80000)
 tenured generation   total 19184K, used 12145K [0x0a750000, 0x0ba0c000, 0x15200000)
   the space 19184K,  63% used [0x0a750000, 0x0b32c770, 0x0b32c800, 0x0ba0c000)
 Metaspace       used 11061K, capacity 11300K, committed 11392K, reserved 11648K
Event: 9.022 GC heap after
Heap after GC invocations=8 (full 1):
 def new generation   total 8704K, used 960K [0x05200000, 0x05b70000, 0x0a750000)
  eden space 7744K,   0% used [0x05200000, 0x05200000, 0x05990000)
  from space 960K, 100% used [0x05990000, 0x05a80000, 0x05a80000)
  to   space 960K,   0% used [0x05a80000, 0x05a80000, 0x05b70000)
 tenured generation   total 19184K, used 13266K [0x0a750000, 0x0ba0c000, 0x15200000)
   the space 19184K,  69% used [0x0a750000, 0x0b444b58, 0x0b444c00, 0x0ba0c000)
 Metaspace       used 11061K, capacity 11300K, committed 11392K, reserved 11648K
}
Event: 9.526 GC heap before
{Heap before GC invocations=8 (full 1):
 def new generation   total 8704K, used 8704K [0x05200000, 0x05b70000, 0x0a750000)
  eden space 7744K, 100% used [0x05200000, 0x05990000, 0x05990000)
  from space 960K, 100% used [0x05990000, 0x05a80000, 0x05a80000)
  to   space 960K,   0% used [0x05a80000, 0x05a80000, 0x05b70000)
 tenured generation   total 19184K, used 13266K [0x0a750000, 0x0ba0c000, 0x15200000)
   the space 19184K,  69% used [0x0a750000, 0x0b444b58, 0x0b444c00, 0x0ba0c000)
 Metaspace       used 11803K, capacity 12041K, committed 12160K, reserved 12672K
Event: 9.535 GC heap after
Heap after GC invocations=9 (full 1):
 def new generation   total 8704K, used 960K [0x05200000, 0x05b70000, 0x0a750000)
  eden space 7744K,   0% used [0x05200000, 0x05200000, 0x05990000)
  from space 960K, 100% used [0x05a80000, 0x05b70000, 0x05b70000)
  to   space 960K,   0% used [0x05990000, 0x05990000, 0x05a80000)
 tenured generation   total 19184K, used 14866K [0x0a750000, 0x0ba0c000, 0x15200000)
   the space 19184K,  77% used [0x0a750000, 0x0b5d4850, 0x0b5d4a00, 0x0ba0c000)
 Metaspace       used 11803K, capacity 12041K, committed 12160K, reserved 12672K
}
Event: 12.454 GC heap before
{Heap before GC invocations=9 (full 1):
 def new generation   total 8704K, used 8704K [0x05200000, 0x05b70000, 0x0a750000)
  eden space 7744K, 100% used [0x05200000, 0x05990000, 0x05990000)
  from space 960K, 100% used [0x05a80000, 0x05b70000, 0x05b70000)
  to   space 960K,   0% used [0x05990000, 0x05990000, 0x05a80000)
 tenured generation   total 19184K, used 14866K [0x0a750000, 0x0ba0c000, 0x15200000)
   the space 19184K,  77% used [0x0a750000, 0x0b5d4850, 0x0b5d4a00, 0x0ba0c000)
 Metaspace       used 12112K, capacity 12329K, committed 12416K, reserved 12672K
Event: 12.500 GC heap after
Heap after GC invocations=10 (full 2):
 def new generation   total 13376K, used 0K [0x05200000, 0x06080000, 0x0a750000)
  eden space 11904K,   0% used [0x05200000, 0x05200000, 0x05da0000)
  from space 1472K,   0% used [0x05da0000, 0x05da0000, 0x05f10000)
  to   space 1472K,   0% used [0x05f10000, 0x05f10000, 0x06080000)
 tenured generation   total 29664K, used 17798K [0x0a750000, 0x0c448000, 0x15200000)
   the space 29664K,  59% used [0x0a750000, 0x0b8b1968, 0x0b8b1a00, 0x0c448000)
 Metaspace       used 12107K, capacity 12317K, committed 12416K, reserved 12672K
}

Deoptimization events (0 events):
No events

Classes redefined (0 events):
No events

Internal exceptions (10 events):
Event: 0.222 Thread 0x02e7c800 Exception <a 'java/lang/ClassNotFoundException': javax/swing/JToolBarSeparator> (0x054ca8e0) thrown at [C:\workspace\8-2-build-windows-i586-cygwin\jdk8u191\11896\hotspot\src\share\vm\classfile\systemDictionary.cpp, line 210]
Event: 0.222 Thread 0x02e7c800 Exception <a 'java/lang/ClassNotFoundException': ToolBarSeparator> (0x054cad38) thrown at [C:\workspace\8-2-build-windows-i586-cygwin\jdk8u191\11896\hotspot\src\share\vm\classfile\systemDictionary.cpp, line 210]
Event: 0.222 Thread 0x02e7c800 Exception <a 'java/lang/ClassNotFoundException': ToolTip> (0x054cb3e0) thrown at [C:\workspace\8-2-build-windows-i586-cygwin\jdk8u191\11896\hotspot\src\share\vm\classfile\systemDictionary.cpp, line 210]
Event: 0.223 Thread 0x02e7c800 Exception <a 'java/lang/ClassNotFoundException': Tree> (0x054cbee0) thrown at [C:\workspace\8-2-build-windows-i586-cygwin\jdk8u191\11896\hotspot\src\share\vm\classfile\systemDictionary.cpp, line 210]
Event: 0.223 Thread 0x02e7c800 Exception <a 'java/lang/ClassNotFoundException': Tree> (0x054cc580) thrown at [C:\workspace\8-2-build-windows-i586-cygwin\jdk8u191\11896\hotspot\src\share\vm\classfile\systemDictionary.cpp, line 210]
Event: 0.223 Thread 0x02e7c800 Exception <a 'java/lang/ClassNotFoundException': javax/swing/JTreeCell> (0x054cc8b8) thrown at [C:\workspace\8-2-build-windows-i586-cygwin\jdk8u191\11896\hotspot\src\share\vm\classfile\systemDictionary.cpp, line 210]
Event: 0.223 Thread 0x02e7c800 Exception <a 'java/lang/ClassNotFoundException': TreeCell> (0x054ccd00) thrown at [C:\workspace\8-2-build-windows-i586-cygwin\jdk8u191\11896\hotspot\src\share\vm\classfile\systemDictionary.cpp, line 210]
Event: 0.224 Thread 0x02e7c800 Exception <a 'java/lang/ClassNotFoundException': RootPane> (0x054cd678) thrown at [C:\workspace\8-2-build-windows-i586-cygwin\jdk8u191\11896\hotspot\src\share\vm\classfile\systemDictionary.cpp, line 210]
Event: 0.271 Thread 0x15841400 Exception <a 'java/io/FileNotFoundException'> (0x055eb2e0) thrown at [C:\workspace\8-2-build-windows-i586-cygwin\jdk8u191\11896\hotspot\src\share\vm\prims\jni.cpp, line 709]
Event: 8.687 Thread 0x1583ec00 Exception <a 'java/lang/NoClassDefFoundError': org/apache/log4j/Category> (0x056629a8) thrown at [C:\workspace\8-2-build-windows-i586-cygwin\jdk8u191\11896\hotspot\src\share\vm\classfile\systemDictionary.cpp, line 199]

Events (10 events):
Event: 12.536 Executing VM operation: RevokeBias done
Event: 12.536 Thread 0x1574f400 Thread exited: 0x1574f400
Event: 12.537 Thread 0x15840000 Thread added: 0x15840000
Event: 12.537 Executing VM operation: RevokeBias
Event: 12.537 Executing VM operation: RevokeBias done
Event: 12.537 Thread 0x15840000 Thread exited: 0x15840000
Event: 12.537 loading class JNI/HelloWorldJNI
Event: 12.537 loading class JNI/HelloWorldJNI done
Event: 12.540 loading class structures/Graph
Event: 12.540 loading class structures/Graph done


Dynamic libraries:
0x00d20000 - 0x00d53000 	C:\Program Files (x86)\Java\jdk1.8.0_191\bin\java.exe
0x77220000 - 0x773b0000 	C:\WINDOWS\SYSTEM32\ntdll.dll
0x73ec0000 - 0x73fa0000 	C:\WINDOWS\System32\KERNEL32.DLL
0x76930000 - 0x76b14000 	C:\WINDOWS\System32\KERNELBASE.dll
0x71b10000 - 0x71bad000 	C:\WINDOWS\SYSTEM32\apphelp.dll
0x76410000 - 0x76488000 	C:\WINDOWS\System32\ADVAPI32.dll
0x742a0000 - 0x7435f000 	C:\WINDOWS\System32\msvcrt.dll
0x763c0000 - 0x76404000 	C:\WINDOWS\System32\sechost.dll
0x75b80000 - 0x75c40000 	C:\WINDOWS\System32\RPCRT4.dll
0x73ae0000 - 0x73b00000 	C:\WINDOWS\System32\SspiCli.dll
0x73ad0000 - 0x73ada000 	C:\WINDOWS\System32\CRYPTBASE.dll
0x75b20000 - 0x75b78000 	C:\WINDOWS\System32\bcryptPrimitives.dll
0x74360000 - 0x744ed000 	C:\WINDOWS\System32\USER32.dll
0x74280000 - 0x74297000 	C:\WINDOWS\System32\win32u.dll
0x765e0000 - 0x76602000 	C:\WINDOWS\System32\GDI32.dll
0x73d50000 - 0x73eb4000 	C:\WINDOWS\System32\gdi32full.dll
0x76bd0000 - 0x76c4d000 	C:\WINDOWS\System32\msvcp_win.dll
0x75960000 - 0x75a7e000 	C:\WINDOWS\System32\ucrtbase.dll
0x73600000 - 0x73804000 	C:\WINDOWS\WinSxS\x86_microsoft.windows.common-controls_6595b64144ccf1df_6.0.17134.407_none_42f1d43a44dfbaef\COMCTL32.dll
0x74010000 - 0x7426c000 	C:\WINDOWS\System32\combase.dll
0x73d20000 - 0x73d46000 	C:\WINDOWS\System32\IMM32.DLL
0x55590000 - 0x5564f000 	C:\Program Files (x86)\Java\jdk1.8.0_191\jre\bin\msvcr100.dll
0x551b0000 - 0x55583000 	C:\Program Files (x86)\Java\jdk1.8.0_191\jre\bin\client\jvm.dll
0x76890000 - 0x76896000 	C:\WINDOWS\System32\PSAPI.DLL
0x6cf80000 - 0x6cfa4000 	C:\WINDOWS\SYSTEM32\WINMM.dll
0x6d440000 - 0x6d448000 	C:\WINDOWS\SYSTEM32\WSOCK32.dll
0x73b00000 - 0x73b67000 	C:\WINDOWS\System32\WS2_32.dll
0x72d60000 - 0x72d68000 	C:\WINDOWS\SYSTEM32\VERSION.dll
0x6ce30000 - 0x6ce53000 	C:\WINDOWS\SYSTEM32\winmmbase.dll
0x75890000 - 0x758c9000 	C:\WINDOWS\System32\cfgmgr32.dll
0x720e0000 - 0x720ec000 	C:\Program Files (x86)\Java\jdk1.8.0_191\jre\bin\verify.dll
0x55180000 - 0x551a2000 	C:\Program Files (x86)\Java\jdk1.8.0_191\jre\bin\java.dll
0x55160000 - 0x55174000 	C:\Program Files (x86)\Java\jdk1.8.0_191\jre\bin\zip.dll
0x744f0000 - 0x7583a000 	C:\WINDOWS\System32\SHELL32.dll
0x758d0000 - 0x75958000 	C:\WINDOWS\System32\shcore.dll
0x75db0000 - 0x76369000 	C:\WINDOWS\System32\windows.storage.dll
0x75840000 - 0x75885000 	C:\WINDOWS\System32\shlwapi.dll
0x76bc0000 - 0x76bcf000 	C:\WINDOWS\System32\kernel.appcore.dll
0x73b90000 - 0x73ba8000 	C:\WINDOWS\System32\profapi.dll
0x76370000 - 0x763b5000 	C:\WINDOWS\System32\powrprof.dll
0x75c40000 - 0x75c48000 	C:\WINDOWS\System32\FLTLIB.DLL
0x54480000 - 0x545c7000 	C:\Program Files (x86)\Java\jdk1.8.0_191\jre\bin\awt.dll
0x76b20000 - 0x76bb6000 	C:\WINDOWS\System32\OLEAUT32.dll
0x72820000 - 0x7289c000 	C:\WINDOWS\system32\uxtheme.dll
0x76490000 - 0x765d3000 	C:\WINDOWS\System32\MSCTF.dll
0x6e430000 - 0x6e453000 	C:\WINDOWS\system32\dwmapi.dll
0x75cb0000 - 0x75dac000 	C:\WINDOWS\System32\ole32.dll
0x55120000 - 0x55159000 	C:\Program Files (x86)\Java\jdk1.8.0_191\jre\bin\fontmanager.dll
0x543a0000 - 0x54479000 	C:\WINDOWS\system32\opengl32.dll
0x54360000 - 0x5439f000 	C:\WINDOWS\SYSTEM32\GLU32.dll
0x768a0000 - 0x76923000 	C:\WINDOWS\System32\clbcatq.dll
0x64ba0000 - 0x64d11000 	C:\WINDOWS\SYSTEM32\WindowsCodecs.dll
0x6b6e0000 - 0x6b72f000 	C:\WINDOWS\system32\dataexchange.dll
0x6b340000 - 0x6b47c000 	C:\WINDOWS\system32\dcomp.dll
0x6b480000 - 0x6b6d2000 	C:\WINDOWS\system32\d3d11.dll
0x6b2a0000 - 0x6b338000 	C:\WINDOWS\system32\dxgi.dll
0x72630000 - 0x72795000 	C:\WINDOWS\system32\twinapi.appcore.dll
0x72ef0000 - 0x72f0a000 	C:\WINDOWS\system32\RMCLIENT.dll
0x54340000 - 0x54355000 	C:\Program Files (x86)\Java\jdk1.8.0_191\jre\bin\net.dll
0x722f0000 - 0x72346000 	C:\WINDOWS\system32\mswsock.dll
0x720d0000 - 0x720df000 	C:\Program Files (x86)\Java\jdk1.8.0_191\jre\bin\nio.dll
0x54300000 - 0x54332000 	C:\Program Files (x86)\Java\jdk1.8.0_191\jre\bin\t2k.dll
0x734e0000 - 0x7355d000 	C:\WINDOWS\System32\TextInputFramework.dll
0x5b810000 - 0x5ba6d000 	C:\WINDOWS\System32\CoreUIComponents.dll
0x73450000 - 0x734db000 	C:\WINDOWS\System32\CoreMessaging.dll
0x72ce0000 - 0x72d09000 	C:\WINDOWS\SYSTEM32\ntmarta.dll
0x72e10000 - 0x72ee6000 	C:\WINDOWS\SYSTEM32\wintypes.dll
0x542d0000 - 0x542f4000 	C:\Program Files (x86)\Java\jdk1.8.0_191\jre\bin\dcpr.dll
0x71f90000 - 0x7201e000 	C:\WINDOWS\SYSTEM32\DNSAPI.dll
0x74000000 - 0x74007000 	C:\WINDOWS\System32\NSI.dll
0x733d0000 - 0x73400000 	C:\WINDOWS\SYSTEM32\IPHLPAPI.DLL
0x71ee0000 - 0x71ee8000 	C:\Windows\System32\rasadhlp.dll
0x71ef0000 - 0x71f3f000 	C:\WINDOWS\System32\fwpuclnt.dll
0x72d70000 - 0x72d89000 	C:\WINDOWS\SYSTEM32\bcrypt.dll
0x72d40000 - 0x72d53000 	C:\WINDOWS\SYSTEM32\CRYPTSP.dll
0x72d10000 - 0x72d3f000 	C:\WINDOWS\system32\rsaenh.dll
0x71a80000 - 0x71aa1000 	C:\WINDOWS\SYSTEM32\USERENV.dll
0x72020000 - 0x72033000 	C:\WINDOWS\SYSTEM32\dhcpcsvc6.DLL
0x71f70000 - 0x71f84000 	C:\WINDOWS\SYSTEM32\dhcpcsvc.DLL
0x542a0000 - 0x542c6000 	C:\Program Files (x86)\Java\jdk1.8.0_191\jre\bin\jpeg.dll
0x54280000 - 0x542a0000 	C:\Program Files (x86)\Java\jdk1.8.0_191\jre\bin\sunec.dll
0x64370000 - 0x64379000 	C:\Program Files (x86)\Java\jdk1.8.0_191\jre\bin\sunmscapi.dll
0x766f0000 - 0x76886000 	C:\WINDOWS\System32\CRYPT32.dll
0x75a80000 - 0x75a8e000 	C:\WINDOWS\System32\MSASN1.dll
0x6b980000 - 0x6ba19000 	C:\Users\USER\Documents\NetBeansProjects\JNITester\dist\Debug\MinGW-Windows\libJNITester.dll
0x6eb40000 - 0x6ec1d000 	C:\MinGW\bin\libgcc_s_dw2-1.dll
0x6fe40000 - 0x6ffb4000 	C:\MinGW\bin\libstdc++-6.dll
0x72b40000 - 0x72cc2000 	C:\WINDOWS\SYSTEM32\dbghelp.dll

VM Arguments:
jvm_args: -Dfile.encoding=UTF-8 
java_command: GUI.Menu
java_class_path (initial): C:\Program Files\NetBeans 8.2\java\modules\ext\AbsoluteLayout.jar;C:\Users\USER\Desktop\Biblioteca\JSON\java-json.jar;C:\Users\USER\Desktop\Biblioteca\HTTP\commons-codec-1.6.jar;C:\Users\USER\Desktop\Biblioteca\HTTP\commons-logging-1.1.3.jar;C:\Users\USER\Desktop\Biblioteca\HTTP\httpclient-4.3.6.jar;C:\Users\USER\Desktop\Biblioteca\HTTP\httpcore-4.3.3.jar;C:\Users\USER\Documents\NetBeansProjects\Femme-coccyx\build\classes
Launcher Type: SUN_STANDARD

Environment Variables:
PATH="C:\Program Files (x86)\Common Files\Oracle\Java\javapath;C:\MinGW\bin;C:\MinGW\msys\1.0\bin";C:\Program Files (x86)\Intel\iCLS Client\;C:\Program Files\Intel\iCLS Client\;C:\WINDOWS\system32;C:\WINDOWS;C:\WINDOWS\System32\Wbem;C:\WINDOWS\System32\WindowsPowerShell\v1.0\;C:\Program Files (x86)\Intel\Intel(R) Management Engine Components\DAL;C:\Program Files\Intel\Intel(R) Management Engine Components\DAL;C:\Program Files (x86)\Intel\Intel(R) Management Engine Components\IPT;C:\Program Files\Intel\Intel(R) Management Engine Components\IPT;C:\WINDOWS\System32\OpenSSH\;C:\MinGW\bin;C:\Users\USER\AppData\Local\Microsoft\WindowsApps;
USERNAME=Juanma
OS=Windows_NT
PROCESSOR_IDENTIFIER=Intel64 Family 6 Model 61 Stepping 4, GenuineIntel



---------------  S Y S T E M  ---------------

OS: Windows 10.0 , 64 bit Build 17134 (10.0.17134.1)

CPU:total 4 (initial active 4) (2 cores per cpu, 2 threads per core) family 6 model 61 stepping 4, cmov, cx8, fxsr, mmx, sse, sse2, sse3, ssse3, sse4.1, sse4.2, popcnt, avx, avx2, aes, clmul, erms, 3dnowpref, lzcnt, ht, tsc, tscinvbit, bmi1, bmi2, adx

Memory: 4k page, physical 8296720k(4208028k free), swap 9607440k(3682000k free)

vm_info: Java HotSpot(TM) Client VM (25.191-b12) for windows-x86 JRE (1.8.0_191-b12), built on Oct  6 2018 08:34:23 by "java_re" with MS VC++ 10.0 (VS2010)

time: Thu Nov 22 11:44:27 2018
elapsed time: 12 seconds (0d 0h 0m 12s)

